<?xml version="1.0" encoding="utf-8"?>
<test-run id="2" testcasecount="411" result="Passed" total="411" passed="410" failed="0" inconclusive="1" skipped="0" asserts="0" engine-version="3.5.0.0" clr-version="4.0.30319.42000" start-time="2026-05-18 11:53:57Z" end-time="2026-05-18 11:54:15Z" duration="18,2712209">
  <test-suite type="TestSuite" id="1000" name="RIMA" fullname="RIMA" runstate="Runnable" testcasecount="412" result="Passed" start-time="2026-05-18 11:53:57Z" end-time="2026-05-18 11:54:15Z" duration="18.271221" total="411" passed="410" failed="0" inconclusive="1" skipped="0" asserts="0">
    <properties>
      <property name="platform" value="EditMode" />
    </properties>
    <test-suite type="Assembly" id="1091" name="RIMA.Brush.Tests.dll" fullname="F:/Antigravity Projeler/2d roguelite/RIMA/Library/ScriptAssemblies/RIMA.Brush.Tests.dll" runstate="Runnable" testcasecount="75" result="Passed" start-time="2026-05-18 11:53:57Z" end-time="2026-05-18 11:53:59Z" duration="2.345482" total="75" passed="75" failed="0" inconclusive="0" skipped="0" asserts="0">
      <properties>
        <property name="_PID" value="3252" />
        <property name="_APPDOMAIN" value="Unity Child Domain" />
        <property name="platform" value="EditMode" />
        <property name="EditorOnly" value="True" />
      </properties>
      <test-suite type="TestSuite" id="1092" name="RIMA" fullname="RIMA" runstate="Runnable" testcasecount="75" result="Passed" start-time="2026-05-18 11:53:57Z" end-time="2026-05-18 11:53:59Z" duration="2.344891" total="75" passed="75" failed="0" inconclusive="0" skipped="0" asserts="0">
        <properties />
        <test-suite type="TestSuite" id="1095" name="MapDesigner" fullname="RIMA.MapDesigner" runstate="Runnable" testcasecount="25" result="Passed" start-time="2026-05-18 11:53:57Z" end-time="2026-05-18 11:53:59Z" duration="1.941835" total="25" passed="25" failed="0" inconclusive="0" skipped="0" asserts="0">
          <properties />
          <test-suite type="TestSuite" id="1096" name="Brush" fullname="RIMA.MapDesigner.Brush" runstate="Runnable" testcasecount="25" result="Passed" start-time="2026-05-18 11:53:57Z" end-time="2026-05-18 11:53:59Z" duration="1.941688" total="25" passed="25" failed="0" inconclusive="0" skipped="0" asserts="0">
            <properties />
            <test-suite type="TestSuite" id="1097" name="Tests" fullname="RIMA.MapDesigner.Brush.Tests" runstate="Runnable" testcasecount="25" result="Passed" start-time="2026-05-18 11:53:57Z" end-time="2026-05-18 11:53:59Z" duration="1.941453" total="25" passed="25" failed="0" inconclusive="0" skipped="0" asserts="0">
              <properties />
              <test-suite type="TestFixture" id="1061" name="AssetPoolMigrationTests" fullname="RIMA.MapDesigner.Brush.Tests.AssetPoolMigrationTests" classname="RIMA.MapDesigner.Brush.Tests.AssetPoolMigrationTests" runstate="Runnable" testcasecount="4" result="Passed" start-time="2026-05-18 11:53:57Z" end-time="2026-05-18 11:53:57Z" duration="0.020874" total="4" passed="4" failed="0" inconclusive="0" skipped="0" asserts="0">
                <properties />
                <test-case id="1064" name="EmptyPool_ReturnsNull" fullname="RIMA.MapDesigner.Brush.Tests.AssetPoolMigrationTests.EmptyPool_ReturnsNull" methodname="EmptyPool_ReturnsNull" classname="RIMA.MapDesigner.Brush.Tests.AssetPoolMigrationTests" runstate="Runnable" seed="594867841" result="Passed" start-time="2026-05-18 11:53:57Z" end-time="2026-05-18 11:53:57Z" duration="0.006026" asserts="0">
                  <properties>
                    <property name="retryIteration" value="0" />
                    <property name="repeatIteration" value="0" />
                  </properties>
                </test-case>
                <test-case id="1062" name="LegacySprites_StillReadable" fullname="RIMA.MapDesigner.Brush.Tests.AssetPoolMigrationTests.LegacySprites_StillReadable" methodname="LegacySprites_StillReadable" classname="RIMA.MapDesigner.Brush.Tests.AssetPoolMigrationTests" runstate="Runnable" seed="629351418" result="Passed" start-time="2026-05-18 11:53:57Z" end-time="2026-05-18 11:53:57Z" duration="0.003380" asserts="0">
                  <properties>
                    <property name="retryIteration" value="0" />
                    <property name="repeatIteration" value="0" />
                  </properties>
                </test-case>
                <test-case id="1065" name="PickVariant_BucketAware" fullname="RIMA.MapDesigner.Brush.Tests.AssetPoolMigrationTests.PickVariant_BucketAware" methodname="PickVariant_BucketAware" classname="RIMA.MapDesigner.Brush.Tests.AssetPoolMigrationTests" runstate="Runnable" seed="911677207" result="Passed" start-time="2026-05-18 11:53:57Z" end-time="2026-05-18 11:53:57Z" duration="0.003701" asserts="0">
                  <properties>
                    <property name="retryIteration" value="0" />
                    <property name="repeatIteration" value="0" />
                  </properties>
                </test-case>
                <test-case id="1063" name="VariantsPath_PreferredOverLegacy" fullname="RIMA.MapDesigner.Brush.Tests.AssetPoolMigrationTests.VariantsPath_PreferredOverLegacy" methodname="VariantsPath_PreferredOverLegacy" classname="RIMA.MapDesigner.Brush.Tests.AssetPoolMigrationTests" runstate="Runnable" seed="603033509" result="Passed" start-time="2026-05-18 11:53:57Z" end-time="2026-05-18 11:53:57Z" duration="0.000463" asserts="0">
                  <properties>
                    <property name="retryIteration" value="0" />
                    <property name="repeatIteration" value="0" />
                  </properties>
                </test-case>
              </test-suite>
              <test-suite type="TestFixture" id="1066" name="BrushAtlasImporterTests" fullname="RIMA.MapDesigner.Brush.Tests.BrushAtlasImporterTests" classname="RIMA.MapDesigner.Brush.Tests.BrushAtlasImporterTests" runstate="Runnable" testcasecount="4" result="Passed" start-time="2026-05-18 11:53:57Z" end-time="2026-05-18 11:53:58Z" duration="1.652889" total="4" passed="4" failed="0" inconclusive="0" skipped="0" asserts="0">
                <properties />
                <test-case id="1068" name="Import_PreservesAssetGuid_OnReimport" fullname="RIMA.MapDesigner.Brush.Tests.BrushAtlasImporterTests.Import_PreservesAssetGuid_OnReimport" methodname="Import_PreservesAssetGuid_OnReimport" classname="RIMA.MapDesigner.Brush.Tests.BrushAtlasImporterTests" runstate="Runnable" seed="168261365" result="Passed" start-time="2026-05-18 11:53:57Z" end-time="2026-05-18 11:53:57Z" duration="0.578520" asserts="0">
                  <properties>
                    <property name="retryIteration" value="0" />
                    <property name="repeatIteration" value="0" />
                  </properties>
                </test-case>
                <test-case id="1067" name="Import_ProducesVariants_NoRuntimeScale" fullname="RIMA.MapDesigner.Brush.Tests.BrushAtlasImporterTests.Import_ProducesVariants_NoRuntimeScale" methodname="Import_ProducesVariants_NoRuntimeScale" classname="RIMA.MapDesigner.Brush.Tests.BrushAtlasImporterTests" runstate="Runnable" seed="486920566" result="Passed" start-time="2026-05-18 11:53:57Z" end-time="2026-05-18 11:53:58Z" duration="0.397963" asserts="0">
                  <properties>
                    <property name="retryIteration" value="0" />
                    <property name="repeatIteration" value="0" />
                  </properties>
                </test-case>
                <test-case id="1069" name="Import_WangAware_ParsesTilesetDataNested" fullname="RIMA.MapDesigner.Brush.Tests.BrushAtlasImporterTests.Import_WangAware_ParsesTilesetDataNested" methodname="Import_WangAware_ParsesTilesetDataNested" classname="RIMA.MapDesigner.Brush.Tests.BrushAtlasImporterTests" runstate="Runnable" seed="152525696" result="Passed" start-time="2026-05-18 11:53:58Z" end-time="2026-05-18 11:53:58Z" duration="0.477938" asserts="0">
                  <properties>
                    <property name="retryIteration" value="0" />
                    <property name="repeatIteration" value="0" />
                  </properties>
                </test-case>
                <test-case id="1070" name="Import_WrongPath_ReturnsError" fullname="RIMA.MapDesigner.Brush.Tests.BrushAtlasImporterTests.Import_WrongPath_ReturnsError" methodname="Import_WrongPath_ReturnsError" classname="RIMA.MapDesigner.Brush.Tests.BrushAtlasImporterTests" runstate="Runnable" seed="1851262146" result="Passed" start-time="2026-05-18 11:53:58Z" end-time="2026-05-18 11:53:58Z" duration="0.196612" asserts="0">
                  <properties>
                    <property name="retryIteration" value="0" />
                    <property name="repeatIteration" value="0" />
                  </properties>
                </test-case>
              </test-suite>
              <test-suite type="TestFixture" id="1071" name="BrushAtlasValidatorTests" fullname="RIMA.MapDesigner.Brush.Tests.BrushAtlasValidatorTests" classname="RIMA.MapDesigner.Brush.Tests.BrushAtlasValidatorTests" runstate="Runnable" testcasecount="5" result="Passed" start-time="2026-05-18 11:53:58Z" end-time="2026-05-18 11:53:58Z" duration="0.003129" total="5" passed="5" failed="0" inconclusive="0" skipped="0" asserts="0">
                <properties />
                <test-case id="1072" name="DetectsDuplicateVariantId" fullname="RIMA.MapDesigner.Brush.Tests.BrushAtlasValidatorTests.DetectsDuplicateVariantId" methodname="DetectsDuplicateVariantId" classname="RIMA.MapDesigner.Brush.Tests.BrushAtlasValidatorTests" runstate="Runnable" seed="1544153149" result="Passed" start-time="2026-05-18 11:53:58Z" end-time="2026-05-18 11:53:58Z" duration="0.000677" asserts="0">
                  <properties>
                    <property name="retryIteration" value="0" />
                    <property name="repeatIteration" value="0" />
                  </properties>
                </test-case>
                <test-case id="1073" name="DetectsZeroWeight" fullname="RIMA.MapDesigner.Brush.Tests.BrushAtlasValidatorTests.DetectsZeroWeight" methodname="DetectsZeroWeight" classname="RIMA.MapDesigner.Brush.Tests.BrushAtlasValidatorTests" runstate="Runnable" seed="2005104404" result="Passed" start-time="2026-05-18 11:53:58Z" end-time="2026-05-18 11:53:58Z" duration="0.000799" asserts="0">
                  <properties>
                    <property name="retryIteration" value="0" />
                    <property name="repeatIteration" value="0" />
                  </properties>
                </test-case>
                <test-case id="1074" name="EmitsInfoCounts" fullname="RIMA.MapDesigner.Brush.Tests.BrushAtlasValidatorTests.EmitsInfoCounts" methodname="EmitsInfoCounts" classname="RIMA.MapDesigner.Brush.Tests.BrushAtlasValidatorTests" runstate="Runnable" seed="1560454559" result="Passed" start-time="2026-05-18 11:53:58Z" end-time="2026-05-18 11:53:58Z" duration="0.000341" asserts="0">
                  <properties>
                    <property name="retryIteration" value="0" />
                    <property name="repeatIteration" value="0" />
                  </properties>
                </test-case>
                <test-case id="1076" name="MasterSizeMismatch_ReturnsError" fullname="RIMA.MapDesigner.Brush.Tests.BrushAtlasValidatorTests.MasterSizeMismatch_ReturnsError" methodname="MasterSizeMismatch_ReturnsError" classname="RIMA.MapDesigner.Brush.Tests.BrushAtlasValidatorTests" runstate="Runnable" seed="1025097893" result="Passed" start-time="2026-05-18 11:53:58Z" end-time="2026-05-18 11:53:58Z" duration="0.000234" asserts="0">
                  <properties>
                    <property name="retryIteration" value="0" />
                    <property name="repeatIteration" value="0" />
                  </properties>
                </test-case>
                <test-case id="1075" name="NullPool_ReturnsError" fullname="RIMA.MapDesigner.Brush.Tests.BrushAtlasValidatorTests.NullPool_ReturnsError" methodname="NullPool_ReturnsError" classname="RIMA.MapDesigner.Brush.Tests.BrushAtlasValidatorTests" runstate="Runnable" seed="152960103" result="Passed" start-time="2026-05-18 11:53:58Z" end-time="2026-05-18 11:53:58Z" duration="0.000145" asserts="0">
                  <properties>
                    <property name="retryIteration" value="0" />
                    <property name="repeatIteration" value="0" />
                  </properties>
                </test-case>
              </test-suite>
              <test-suite type="TestFixture" id="1077" name="BrushRadiusProfileTests" fullname="RIMA.MapDesigner.Brush.Tests.BrushRadiusProfileTests" classname="RIMA.MapDesigner.Brush.Tests.BrushRadiusProfileTests" runstate="Runnable" testcasecount="5" result="Passed" start-time="2026-05-18 11:53:58Z" end-time="2026-05-18 11:53:58Z" duration="0.001784" total="5" passed="5" failed="0" inconclusive="0" skipped="0" asserts="0">
                <properties />
                <test-case id="1082" name="Radius_OutOfRange_Empty" fullname="RIMA.MapDesigner.Brush.Tests.BrushRadiusProfileTests.Radius_OutOfRange_Empty" methodname="Radius_OutOfRange_Empty" classname="RIMA.MapDesigner.Brush.Tests.BrushRadiusProfileTests" runstate="Runnable" seed="444254372" result="Passed" start-time="2026-05-18 11:53:58Z" end-time="2026-05-18 11:53:58Z" duration="0.000140" asserts="0">
                  <properties>
                    <property name="retryIteration" value="0" />
                    <property name="repeatIteration" value="0" />
                  </properties>
                </test-case>
                <test-case id="1078" name="Radius1_AllMicro" fullname="RIMA.MapDesigner.Brush.Tests.BrushRadiusProfileTests.Radius1_AllMicro" methodname="Radius1_AllMicro" classname="RIMA.MapDesigner.Brush.Tests.BrushRadiusProfileTests" runstate="Runnable" seed="534051222" result="Passed" start-time="2026-05-18 11:53:58Z" end-time="2026-05-18 11:53:58Z" duration="0.000705" asserts="0">
                  <properties>
                    <property name="retryIteration" value="0" />
                    <property name="repeatIteration" value="0" />
                  </properties>
                </test-case>
                <test-case id="1081" name="Radius10_AllHero" fullname="RIMA.MapDesigner.Brush.Tests.BrushRadiusProfileTests.Radius10_AllHero" methodname="Radius10_AllHero" classname="RIMA.MapDesigner.Brush.Tests.BrushRadiusProfileTests" runstate="Runnable" seed="1538375139" result="Passed" start-time="2026-05-18 11:53:58Z" end-time="2026-05-18 11:53:58Z" duration="0.000132" asserts="0">
                  <properties>
                    <property name="retryIteration" value="0" />
                    <property name="repeatIteration" value="0" />
                  </properties>
                </test-case>
                <test-case id="1079" name="Radius4_SmallMedium_5050" fullname="RIMA.MapDesigner.Brush.Tests.BrushRadiusProfileTests.Radius4_SmallMedium_5050" methodname="Radius4_SmallMedium_5050" classname="RIMA.MapDesigner.Brush.Tests.BrushRadiusProfileTests" runstate="Runnable" seed="513938697" result="Passed" start-time="2026-05-18 11:53:58Z" end-time="2026-05-18 11:53:58Z" duration="0.000104" asserts="0">
                  <properties>
                    <property name="retryIteration" value="0" />
                    <property name="repeatIteration" value="0" />
                  </properties>
                </test-case>
                <test-case id="1080" name="Radius8_LargeHero_6040" fullname="RIMA.MapDesigner.Brush.Tests.BrushRadiusProfileTests.Radius8_LargeHero_6040" methodname="Radius8_LargeHero_6040" classname="RIMA.MapDesigner.Brush.Tests.BrushRadiusProfileTests" runstate="Runnable" seed="51411691" result="Passed" start-time="2026-05-18 11:53:58Z" end-time="2026-05-18 11:53:58Z" duration="0.000139" asserts="0">
                  <properties>
                    <property name="retryIteration" value="0" />
                    <property name="repeatIteration" value="0" />
                  </properties>
                </test-case>
              </test-suite>
              <test-suite type="TestFixture" id="1083" name="BrushWindowTests" fullname="RIMA.MapDesigner.Brush.Tests.BrushWindowTests" classname="RIMA.MapDesigner.Brush.Tests.BrushWindowTests" runstate="Runnable" testcasecount="7" result="Passed" start-time="2026-05-18 11:53:58Z" end-time="2026-05-18 11:53:59Z" duration="0.261716" total="7" passed="7" failed="0" inconclusive="0" skipped="0" asserts="0">
                <properties />
                <test-case id="1086" name="AdjustBrushSize_ChangesSize" fullname="RIMA.MapDesigner.Brush.Tests.BrushWindowTests.AdjustBrushSize_ChangesSize" methodname="AdjustBrushSize_ChangesSize" classname="RIMA.MapDesigner.Brush.Tests.BrushWindowTests" runstate="Runnable" seed="1218004388" result="Passed" start-time="2026-05-18 11:53:58Z" end-time="2026-05-18 11:53:58Z" duration="0.050203" asserts="0">
                  <properties>
                    <property name="retryIteration" value="0" />
                    <property name="repeatIteration" value="0" />
                  </properties>
                </test-case>
                <test-case id="1087" name="AdjustBrushSize_Clamped" fullname="RIMA.MapDesigner.Brush.Tests.BrushWindowTests.AdjustBrushSize_Clamped" methodname="AdjustBrushSize_Clamped" classname="RIMA.MapDesigner.Brush.Tests.BrushWindowTests" runstate="Runnable" seed="930606216" result="Passed" start-time="2026-05-18 11:53:58Z" end-time="2026-05-18 11:53:58Z" duration="0.029666" asserts="0">
                  <properties>
                    <property name="retryIteration" value="0" />
                    <property name="repeatIteration" value="0" />
                  </properties>
                </test-case>
                <test-case id="1090" name="GetCurrent_ReturnsActiveWindow" fullname="RIMA.MapDesigner.Brush.Tests.BrushWindowTests.GetCurrent_ReturnsActiveWindow" methodname="GetCurrent_ReturnsActiveWindow" classname="RIMA.MapDesigner.Brush.Tests.BrushWindowTests" runstate="Runnable" seed="2102710913" result="Passed" start-time="2026-05-18 11:53:58Z" end-time="2026-05-18 11:53:58Z" duration="0.031994" asserts="0">
                  <properties>
                    <property name="retryIteration" value="0" />
                    <property name="repeatIteration" value="0" />
                  </properties>
                </test-case>
                <test-case id="1089" name="SelectBrushBySlot_FindsByHotkeyIndex" fullname="RIMA.MapDesigner.Brush.Tests.BrushWindowTests.SelectBrushBySlot_FindsByHotkeyIndex" methodname="SelectBrushBySlot_FindsByHotkeyIndex" classname="RIMA.MapDesigner.Brush.Tests.BrushWindowTests" runstate="Runnable" seed="199095659" result="Passed" start-time="2026-05-18 11:53:58Z" end-time="2026-05-18 11:53:58Z" duration="0.028884" asserts="0">
                  <properties>
                    <property name="retryIteration" value="0" />
                    <property name="repeatIteration" value="0" />
                  </properties>
                </test-case>
                <test-case id="1088" name="SetBrush_UpdatesSelection" fullname="RIMA.MapDesigner.Brush.Tests.BrushWindowTests.SetBrush_UpdatesSelection" methodname="SetBrush_UpdatesSelection" classname="RIMA.MapDesigner.Brush.Tests.BrushWindowTests" runstate="Runnable" seed="1396726115" result="Passed" start-time="2026-05-18 11:53:58Z" end-time="2026-05-18 11:53:58Z" duration="0.028165" asserts="0">
                  <properties>
                    <property name="retryIteration" value="0" />
                    <property name="repeatIteration" value="0" />
                  </properties>
                </test-case>
                <test-case id="1085" name="SetMode_ChangesToolMode" fullname="RIMA.MapDesigner.Brush.Tests.BrushWindowTests.SetMode_ChangesToolMode" methodname="SetMode_ChangesToolMode" classname="RIMA.MapDesigner.Brush.Tests.BrushWindowTests" runstate="Runnable" seed="1052537228" result="Passed" start-time="2026-05-18 11:53:58Z" end-time="2026-05-18 11:53:58Z" duration="0.044562" asserts="0">
                  <properties>
                    <property name="retryIteration" value="0" />
                    <property name="repeatIteration" value="0" />
                  </properties>
                </test-case>
                <test-case id="1084" name="WindowOpens_NoExceptions" fullname="RIMA.MapDesigner.Brush.Tests.BrushWindowTests.WindowOpens_NoExceptions" methodname="WindowOpens_NoExceptions" classname="RIMA.MapDesigner.Brush.Tests.BrushWindowTests" runstate="Runnable" seed="2054548154" result="Passed" start-time="2026-05-18 11:53:58Z" end-time="2026-05-18 11:53:59Z" duration="0.046671" asserts="0">
                  <properties>
                    <property name="retryIteration" value="0" />
                    <property name="repeatIteration" value="0" />
                  </properties>
                </test-case>
              </test-suite>
            </test-suite>
          </test-suite>
        </test-suite>
        <test-suite type="TestSuite" id="1093" name="Tests" fullname="RIMA.Tests" runstate="Runnable" testcasecount="50" result="Passed" start-time="2026-05-18 11:53:59Z" end-time="2026-05-18 11:53:59Z" duration="0.402606" total="50" passed="50" failed="0" inconclusive="0" skipped="0" asserts="0">
          <properties />
          <test-suite type="TestSuite" id="1094" name="Brush" fullname="RIMA.Tests.Brush" runstate="Runnable" testcasecount="50" result="Passed" start-time="2026-05-18 11:53:59Z" end-time="2026-05-18 11:53:59Z" duration="0.402259" total="50" passed="50" failed="0" inconclusive="0" skipped="0" asserts="0">
            <properties />
            <test-suite type="TestFixture" id="1002" name="BiomeSkinTests" fullname="RIMA.Tests.Brush.BiomeSkinTests" classname="RIMA.Tests.Brush.BiomeSkinTests" runstate="Runnable" testcasecount="5" result="Passed" start-time="2026-05-18 11:53:59Z" end-time="2026-05-18 11:53:59Z" duration="0.012284" total="5" passed="5" failed="0" inconclusive="0" skipped="0" asserts="0">
              <properties />
              <test-case id="1004" name="ApplySkin_EmptyRules_ReturnsZero" fullname="RIMA.Tests.Brush.BiomeSkinTests.ApplySkin_EmptyRules_ReturnsZero" methodname="ApplySkin_EmptyRules_ReturnsZero" classname="RIMA.Tests.Brush.BiomeSkinTests" runstate="Runnable" seed="615650352" result="Passed" start-time="2026-05-18 11:53:59Z" end-time="2026-05-18 11:53:59Z" duration="0.001758" asserts="0">
                <properties>
                  <property name="retryIteration" value="0" />
                  <property name="repeatIteration" value="0" />
                </properties>
              </test-case>
              <test-case id="1007" name="ApplySkin_LoadsAllFourDefaultSkins" fullname="RIMA.Tests.Brush.BiomeSkinTests.ApplySkin_LoadsAllFourDefaultSkins" methodname="ApplySkin_LoadsAllFourDefaultSkins" classname="RIMA.Tests.Brush.BiomeSkinTests" runstate="Runnable" seed="1190977783" result="Passed" start-time="2026-05-18 11:53:59Z" end-time="2026-05-18 11:53:59Z" duration="0.001684" asserts="0">
                <properties>
                  <property name="retryIteration" value="0" />
                  <property name="repeatIteration" value="0" />
                </properties>
              </test-case>
              <test-case id="1003" name="ApplySkin_NullSkin_ReturnsZero" fullname="RIMA.Tests.Brush.BiomeSkinTests.ApplySkin_NullSkin_ReturnsZero" methodname="ApplySkin_NullSkin_ReturnsZero" classname="RIMA.Tests.Brush.BiomeSkinTests" runstate="Runnable" seed="1229308966" result="Passed" start-time="2026-05-18 11:53:59Z" end-time="2026-05-18 11:53:59Z" duration="0.000089" asserts="0">
                <properties>
                  <property name="retryIteration" value="0" />
                  <property name="repeatIteration" value="0" />
                </properties>
              </test-case>
              <test-case id="1006" name="ApplySkin_RemembersLastApplied" fullname="RIMA.Tests.Brush.BiomeSkinTests.ApplySkin_RemembersLastApplied" methodname="ApplySkin_RemembersLastApplied" classname="RIMA.Tests.Brush.BiomeSkinTests" runstate="Runnable" seed="746969612" result="Passed" start-time="2026-05-18 11:53:59Z" end-time="2026-05-18 11:53:59Z" duration="0.001296" asserts="0">
                <properties>
                  <property name="retryIteration" value="0" />
                  <property name="repeatIteration" value="0" />
                </properties>
              </test-case>
              <test-case id="1005" name="ApplySkin_TouchesSpriteRenderers" fullname="RIMA.Tests.Brush.BiomeSkinTests.ApplySkin_TouchesSpriteRenderers" methodname="ApplySkin_TouchesSpriteRenderers" classname="RIMA.Tests.Brush.BiomeSkinTests" runstate="Runnable" seed="487402614" result="Passed" start-time="2026-05-18 11:53:59Z" end-time="2026-05-18 11:53:59Z" duration="0.006384" asserts="0">
                <properties>
                  <property name="retryIteration" value="0" />
                  <property name="repeatIteration" value="0" />
                </properties>
              </test-case>
            </test-suite>
            <test-suite type="TestFixture" id="1008" name="BrushAutomationTests" fullname="RIMA.Tests.Brush.BrushAutomationTests" classname="RIMA.Tests.Brush.BrushAutomationTests" runstate="Runnable" testcasecount="7" result="Passed" start-time="2026-05-18 11:53:59Z" end-time="2026-05-18 11:53:59Z" duration="0.014625" total="7" passed="7" failed="0" inconclusive="0" skipped="0" asserts="0">
              <properties />
              <test-case id="1010" name="AutoDress_EmptyPack_ReturnsFailure" fullname="RIMA.Tests.Brush.BrushAutomationTests.AutoDress_EmptyPack_ReturnsFailure" methodname="AutoDress_EmptyPack_ReturnsFailure" classname="RIMA.Tests.Brush.BrushAutomationTests" runstate="Runnable" seed="1427055422" result="Passed" start-time="2026-05-18 11:53:59Z" end-time="2026-05-18 11:53:59Z" duration="0.003837" asserts="0">
                <properties>
                  <property name="retryIteration" value="0" />
                  <property name="repeatIteration" value="0" />
                </properties>
              </test-case>
              <test-case id="1009" name="AutoDress_NullPack_ReturnsFailure" fullname="RIMA.Tests.Brush.BrushAutomationTests.AutoDress_NullPack_ReturnsFailure" methodname="AutoDress_NullPack_ReturnsFailure" classname="RIMA.Tests.Brush.BrushAutomationTests" runstate="Runnable" seed="1271691951" result="Passed" start-time="2026-05-18 11:53:59Z" end-time="2026-05-18 11:53:59Z" duration="0.000107" asserts="0">
                <properties>
                  <property name="retryIteration" value="0" />
                  <property name="repeatIteration" value="0" />
                </properties>
              </test-case>
              <test-case id="1012" name="RegenerateDecorative_ClearLayerContainers_NoExceptionWhenAbsent" fullname="RIMA.Tests.Brush.BrushAutomationTests.RegenerateDecorative_ClearLayerContainers_NoExceptionWhenAbsent" methodname="RegenerateDecorative_ClearLayerContainers_NoExceptionWhenAbsent" classname="RIMA.Tests.Brush.BrushAutomationTests" runstate="Runnable" seed="643895008" result="Passed" start-time="2026-05-18 11:53:59Z" end-time="2026-05-18 11:53:59Z" duration="0.002015" asserts="0">
                <properties>
                  <property name="retryIteration" value="0" />
                  <property name="repeatIteration" value="0" />
                </properties>
              </test-case>
              <test-case id="1011" name="RegenerateDecorative_NullPack_DoesNotThrow" fullname="RIMA.Tests.Brush.BrushAutomationTests.RegenerateDecorative_NullPack_DoesNotThrow" methodname="RegenerateDecorative_NullPack_DoesNotThrow" classname="RIMA.Tests.Brush.BrushAutomationTests" runstate="Runnable" seed="1008618604" result="Passed" start-time="2026-05-18 11:53:59Z" end-time="2026-05-18 11:53:59Z" duration="0.000955" asserts="0">
                <properties>
                  <property name="retryIteration" value="0" />
                  <property name="repeatIteration" value="0" />
                </properties>
              </test-case>
              <test-case id="1014" name="SmartFill_BrushWithoutOperations_ReturnsFailure" fullname="RIMA.Tests.Brush.BrushAutomationTests.SmartFill_BrushWithoutOperations_ReturnsFailure" methodname="SmartFill_BrushWithoutOperations_ReturnsFailure" classname="RIMA.Tests.Brush.BrushAutomationTests" runstate="Runnable" seed="666699253" result="Passed" start-time="2026-05-18 11:53:59Z" end-time="2026-05-18 11:53:59Z" duration="0.002326" asserts="0">
                <properties>
                  <property name="retryIteration" value="0" />
                  <property name="repeatIteration" value="0" />
                </properties>
              </test-case>
              <test-case id="1015" name="SmartFill_ClampsSelectionToRoomBounds" fullname="RIMA.Tests.Brush.BrushAutomationTests.SmartFill_ClampsSelectionToRoomBounds" methodname="SmartFill_ClampsSelectionToRoomBounds" classname="RIMA.Tests.Brush.BrushAutomationTests" runstate="Runnable" seed="1170071230" result="Passed" start-time="2026-05-18 11:53:59Z" end-time="2026-05-18 11:53:59Z" duration="0.003692" asserts="0">
                <properties>
                  <property name="retryIteration" value="0" />
                  <property name="repeatIteration" value="0" />
                </properties>
              </test-case>
              <test-case id="1013" name="SmartFill_NullBrush_ReturnsFailure" fullname="RIMA.Tests.Brush.BrushAutomationTests.SmartFill_NullBrush_ReturnsFailure" methodname="SmartFill_NullBrush_ReturnsFailure" classname="RIMA.Tests.Brush.BrushAutomationTests" runstate="Runnable" seed="792054" result="Passed" start-time="2026-05-18 11:53:59Z" end-time="2026-05-18 11:53:59Z" duration="0.000246" asserts="0">
                <properties>
                  <property name="retryIteration" value="0" />
                  <property name="repeatIteration" value="0" />
                </properties>
              </test-case>
            </test-suite>
            <test-suite type="TestFixture" id="1016" name="BrushCompositeTests" fullname="RIMA.Tests.Brush.BrushCompositeTests" classname="RIMA.Tests.Brush.BrushCompositeTests" runstate="Runnable" testcasecount="5" result="Passed" start-time="2026-05-18 11:53:59Z" end-time="2026-05-18 11:53:59Z" duration="0.033361" total="5" passed="5" failed="0" inconclusive="0" skipped="0" asserts="0">
              <properties />
              <test-case id="1017" name="Composite_FiresAllOperations" fullname="RIMA.Tests.Brush.BrushCompositeTests.Composite_FiresAllOperations" methodname="Composite_FiresAllOperations" classname="RIMA.Tests.Brush.BrushCompositeTests" runstate="Runnable" seed="1221955153" result="Passed" start-time="2026-05-18 11:53:59Z" end-time="2026-05-18 11:53:59Z" duration="0.002682" asserts="0">
                <properties>
                  <property name="retryIteration" value="0" />
                  <property name="repeatIteration" value="0" />
                </properties>
              </test-case>
              <test-case id="1018" name="Composite_RespectsProbabilityGate" fullname="RIMA.Tests.Brush.BrushCompositeTests.Composite_RespectsProbabilityGate" methodname="Composite_RespectsProbabilityGate" classname="RIMA.Tests.Brush.BrushCompositeTests" runstate="Runnable" seed="2012489374" result="Passed" start-time="2026-05-18 11:53:59Z" end-time="2026-05-18 11:53:59Z" duration="0.000596" asserts="0">
                <properties>
                  <property name="retryIteration" value="0" />
                  <property name="repeatIteration" value="0" />
                </properties>
              </test-case>
              <test-case id="1019" name="Composite_SingleUndoGroup" fullname="RIMA.Tests.Brush.BrushCompositeTests.Composite_SingleUndoGroup" methodname="Composite_SingleUndoGroup" classname="RIMA.Tests.Brush.BrushCompositeTests" runstate="Runnable" seed="1356470916" result="Passed" start-time="2026-05-18 11:53:59Z" end-time="2026-05-18 11:53:59Z" duration="0.021607" asserts="0">
                <properties>
                  <property name="retryIteration" value="0" />
                  <property name="repeatIteration" value="0" />
                </properties>
              </test-case>
              <test-case id="1020" name="DefaultPack_AllBrushesValid" fullname="RIMA.Tests.Brush.BrushCompositeTests.DefaultPack_AllBrushesValid" methodname="DefaultPack_AllBrushesValid" classname="RIMA.Tests.Brush.BrushCompositeTests" runstate="Runnable" seed="658470816" result="Passed" start-time="2026-05-18 11:53:59Z" end-time="2026-05-18 11:53:59Z" duration="0.007226" asserts="0">
                <properties>
                  <property name="retryIteration" value="0" />
                  <property name="repeatIteration" value="0" />
                </properties>
              </test-case>
              <test-case id="1021" name="DefaultPack_HotkeyUniqueness" fullname="RIMA.Tests.Brush.BrushCompositeTests.DefaultPack_HotkeyUniqueness" methodname="DefaultPack_HotkeyUniqueness" classname="RIMA.Tests.Brush.BrushCompositeTests" runstate="Runnable" seed="1051020842" result="Passed" start-time="2026-05-18 11:53:59Z" end-time="2026-05-18 11:53:59Z" duration="0.000417" asserts="0">
                <properties>
                  <property name="retryIteration" value="0" />
                  <property name="repeatIteration" value="0" />
                </properties>
              </test-case>
            </test-suite>
            <test-suite type="TestFixture" id="1022" name="BrushDataFirstExecutorTests" fullname="RIMA.Tests.Brush.BrushDataFirstExecutorTests" classname="RIMA.Tests.Brush.BrushDataFirstExecutorTests" runstate="Runnable" testcasecount="5" result="Passed" start-time="2026-05-18 11:53:59Z" end-time="2026-05-18 11:53:59Z" duration="0.025480" total="5" passed="5" failed="0" inconclusive="0" skipped="0" asserts="0">
              <properties />
              <test-case id="1027" name="Chunk_Renderer_Builds_Mesh_From_SO" fullname="RIMA.Tests.Brush.BrushDataFirstExecutorTests.Chunk_Renderer_Builds_Mesh_From_SO" methodname="Chunk_Renderer_Builds_Mesh_From_SO" classname="RIMA.Tests.Brush.BrushDataFirstExecutorTests" runstate="Runnable" seed="2012893549" result="Passed" start-time="2026-05-18 11:53:59Z" end-time="2026-05-18 11:53:59Z" duration="0.010047" asserts="0">
                <properties>
                  <property name="retryIteration" value="0" />
                  <property name="repeatIteration" value="0" />
                </properties>
              </test-case>
              <test-case id="1026" name="Flag_Off_Uses_Legacy_GameObject_Path" fullname="RIMA.Tests.Brush.BrushDataFirstExecutorTests.Flag_Off_Uses_Legacy_GameObject_Path" methodname="Flag_Off_Uses_Legacy_GameObject_Path" classname="RIMA.Tests.Brush.BrushDataFirstExecutorTests" runstate="Runnable" seed="524907585" result="Passed" start-time="2026-05-18 11:53:59Z" end-time="2026-05-18 11:53:59Z" duration="0.007538" asserts="0">
                <properties>
                  <property name="retryIteration" value="0" />
                  <property name="repeatIteration" value="0" />
                </properties>
                <output><![CDATA[[Brush V1 LEGACY] scaleRange applied for pool '-715954'. Set useNativeBucketVariantPath=true on the BrushLayerOperation to switch to native size variant path.
]]></output>
              </test-case>
              <test-case id="1023" name="FreeformDecalData_Appends_Placement_NotGameObject" fullname="RIMA.Tests.Brush.BrushDataFirstExecutorTests.FreeformDecalData_Appends_Placement_NotGameObject" methodname="FreeformDecalData_Appends_Placement_NotGameObject" classname="RIMA.Tests.Brush.BrushDataFirstExecutorTests" runstate="Runnable" seed="1601388637" result="Passed" start-time="2026-05-18 11:53:59Z" end-time="2026-05-18 11:53:59Z" duration="0.002388" asserts="0">
                <properties>
                  <property name="retryIteration" value="0" />
                  <property name="repeatIteration" value="0" />
                </properties>
              </test-case>
              <test-case id="1024" name="ScatterAlongStrokeData_Samples_Along_Path" fullname="RIMA.Tests.Brush.BrushDataFirstExecutorTests.ScatterAlongStrokeData_Samples_Along_Path" methodname="ScatterAlongStrokeData_Samples_Along_Path" classname="RIMA.Tests.Brush.BrushDataFirstExecutorTests" runstate="Runnable" seed="25771541" result="Passed" start-time="2026-05-18 11:53:59Z" end-time="2026-05-18 11:53:59Z" duration="0.002076" asserts="0">
                <properties>
                  <property name="retryIteration" value="0" />
                  <property name="repeatIteration" value="0" />
                </properties>
              </test-case>
              <test-case id="1025" name="Seed_Determinism_Same_Seed_Same_Placements" fullname="RIMA.Tests.Brush.BrushDataFirstExecutorTests.Seed_Determinism_Same_Seed_Same_Placements" methodname="Seed_Determinism_Same_Seed_Same_Placements" classname="RIMA.Tests.Brush.BrushDataFirstExecutorTests" runstate="Runnable" seed="1282035666" result="Passed" start-time="2026-05-18 11:53:59Z" end-time="2026-05-18 11:53:59Z" duration="0.002585" asserts="0">
                <properties>
                  <property name="retryIteration" value="0" />
                  <property name="repeatIteration" value="0" />
                </properties>
              </test-case>
            </test-suite>
            <test-suite type="TestFixture" id="1028" name="BrushDataTests" fullname="RIMA.Tests.Brush.BrushDataTests" classname="RIMA.Tests.Brush.BrushDataTests" runstate="Runnable" testcasecount="8" result="Passed" start-time="2026-05-18 11:53:59Z" end-time="2026-05-18 11:53:59Z" duration="0.007090" total="8" passed="8" failed="0" inconclusive="0" skipped="0" asserts="0">
              <properties />
              <test-case id="1030" name="AssetPoolSO_RoundTrip_Json" fullname="RIMA.Tests.Brush.BrushDataTests.AssetPoolSO_RoundTrip_Json" methodname="AssetPoolSO_RoundTrip_Json" classname="RIMA.Tests.Brush.BrushDataTests" runstate="Runnable" seed="484849086" result="Passed" start-time="2026-05-18 11:53:59Z" end-time="2026-05-18 11:53:59Z" duration="0.002158" asserts="0">
                <properties>
                  <property name="retryIteration" value="0" />
                  <property name="repeatIteration" value="0" />
                </properties>
              </test-case>
              <test-case id="1032" name="BrushJsonSerializer_AnimationCurve_RoundTrip" fullname="RIMA.Tests.Brush.BrushDataTests.BrushJsonSerializer_AnimationCurve_RoundTrip" methodname="BrushJsonSerializer_AnimationCurve_RoundTrip" classname="RIMA.Tests.Brush.BrushDataTests" runstate="Runnable" seed="1566332117" result="Passed" start-time="2026-05-18 11:53:59Z" end-time="2026-05-18 11:53:59Z" duration="0.001102" asserts="0">
                <properties>
                  <property name="retryIteration" value="0" />
                  <property name="repeatIteration" value="0" />
                </properties>
              </test-case>
              <test-case id="1035" name="BrushPackSO_PreservesOrder_OnRoundTrip" fullname="RIMA.Tests.Brush.BrushDataTests.BrushPackSO_PreservesOrder_OnRoundTrip" methodname="BrushPackSO_PreservesOrder_OnRoundTrip" classname="RIMA.Tests.Brush.BrushDataTests" runstate="Runnable" seed="757313413" result="Passed" start-time="2026-05-18 11:53:59Z" end-time="2026-05-18 11:53:59Z" duration="0.000839" asserts="0">
                <properties>
                  <property name="retryIteration" value="0" />
                  <property name="repeatIteration" value="0" />
                </properties>
              </test-case>
              <test-case id="1036" name="CleanStoneFloor_RoundTrip_Json_FieldByField" fullname="RIMA.Tests.Brush.BrushDataTests.CleanStoneFloor_RoundTrip_Json_FieldByField" methodname="CleanStoneFloor_RoundTrip_Json_FieldByField" classname="RIMA.Tests.Brush.BrushDataTests" runstate="Runnable" seed="1493573531" result="Passed" start-time="2026-05-18 11:53:59Z" end-time="2026-05-18 11:53:59Z" duration="0.000854" asserts="0">
                <properties>
                  <property name="retryIteration" value="0" />
                  <property name="repeatIteration" value="0" />
                </properties>
              </test-case>
              <test-case id="1029" name="DefaultValues_BrushLayerOperation" fullname="RIMA.Tests.Brush.BrushDataTests.DefaultValues_BrushLayerOperation" methodname="DefaultValues_BrushLayerOperation" classname="RIMA.Tests.Brush.BrushDataTests" runstate="Runnable" seed="1733540207" result="Passed" start-time="2026-05-18 11:53:59Z" end-time="2026-05-18 11:53:59Z" duration="0.000271" asserts="0">
                <properties>
                  <property name="retryIteration" value="0" />
                  <property name="repeatIteration" value="0" />
                </properties>
              </test-case>
              <test-case id="1031" name="MapDesignerBrushPresetSO_Composite_HasThreeOperations" fullname="RIMA.Tests.Brush.BrushDataTests.MapDesignerBrushPresetSO_Composite_HasThreeOperations" methodname="MapDesignerBrushPresetSO_Composite_HasThreeOperations" classname="RIMA.Tests.Brush.BrushDataTests" runstate="Runnable" seed="2029861997" result="Passed" start-time="2026-05-18 11:53:59Z" end-time="2026-05-18 11:53:59Z" duration="0.000477" asserts="0">
                <properties>
                  <property name="retryIteration" value="0" />
                  <property name="repeatIteration" value="0" />
                </properties>
              </test-case>
              <test-case id="1033" name="SpritePathResolution_Existing_ReturnsSprite" fullname="RIMA.Tests.Brush.BrushDataTests.SpritePathResolution_Existing_ReturnsSprite" methodname="SpritePathResolution_Existing_ReturnsSprite" classname="RIMA.Tests.Brush.BrushDataTests" runstate="Runnable" seed="570758235" result="Passed" start-time="2026-05-18 11:53:59Z" end-time="2026-05-18 11:53:59Z" duration="0.000123" asserts="0">
                <properties>
                  <property name="retryIteration" value="0" />
                  <property name="repeatIteration" value="0" />
                </properties>
              </test-case>
              <test-case id="1034" name="SpritePathResolution_Missing_ReturnsNull" fullname="RIMA.Tests.Brush.BrushDataTests.SpritePathResolution_Missing_ReturnsNull" methodname="SpritePathResolution_Missing_ReturnsNull" classname="RIMA.Tests.Brush.BrushDataTests" runstate="Runnable" seed="1999631766" result="Passed" start-time="2026-05-18 11:53:59Z" end-time="2026-05-18 11:53:59Z" duration="0.000188" asserts="0">
                <properties>
                  <property name="retryIteration" value="0" />
                  <property name="repeatIteration" value="0" />
                </properties>
              </test-case>
            </test-suite>
            <test-suite type="TestFixture" id="1037" name="BrushDecorativeExecutorTests" fullname="RIMA.Tests.Brush.BrushDecorativeExecutorTests" classname="RIMA.Tests.Brush.BrushDecorativeExecutorTests" runstate="Runnable" testcasecount="8" result="Passed" start-time="2026-05-18 11:53:59Z" end-time="2026-05-18 11:53:59Z" duration="0.014669" total="8" passed="8" failed="0" inconclusive="0" skipped="0" asserts="0">
              <properties />
              <test-case id="1044" name="EraseAllDecorative_PreservesL1L2" fullname="RIMA.Tests.Brush.BrushDecorativeExecutorTests.EraseAllDecorative_PreservesL1L2" methodname="EraseAllDecorative_PreservesL1L2" classname="RIMA.Tests.Brush.BrushDecorativeExecutorTests" runstate="Runnable" seed="592971814" result="Passed" start-time="2026-05-18 11:53:59Z" end-time="2026-05-18 11:53:59Z" duration="0.005222" asserts="0">
                <properties>
                  <property name="retryIteration" value="0" />
                  <property name="repeatIteration" value="0" />
                </properties>
              </test-case>
              <test-case id="1043" name="EraseByLayer_RemovesOnlyTargetLayer" fullname="RIMA.Tests.Brush.BrushDecorativeExecutorTests.EraseByLayer_RemovesOnlyTargetLayer" methodname="EraseByLayer_RemovesOnlyTargetLayer" classname="RIMA.Tests.Brush.BrushDecorativeExecutorTests" runstate="Runnable" seed="1437249651" result="Passed" start-time="2026-05-18 11:53:59Z" end-time="2026-05-18 11:53:59Z" duration="0.000963" asserts="0">
                <properties>
                  <property name="retryIteration" value="0" />
                  <property name="repeatIteration" value="0" />
                </properties>
              </test-case>
              <test-case id="1038" name="FreeformDecal_PlacesOneSprite" fullname="RIMA.Tests.Brush.BrushDecorativeExecutorTests.FreeformDecal_PlacesOneSprite" methodname="FreeformDecal_PlacesOneSprite" classname="RIMA.Tests.Brush.BrushDecorativeExecutorTests" runstate="Runnable" seed="1673559582" result="Passed" start-time="2026-05-18 11:53:59Z" end-time="2026-05-18 11:53:59Z" duration="0.001446" asserts="0">
                <properties>
                  <property name="retryIteration" value="0" />
                  <property name="repeatIteration" value="0" />
                </properties>
              </test-case>
              <test-case id="1039" name="FreeformDecal_SkipsNonWalkableCell" fullname="RIMA.Tests.Brush.BrushDecorativeExecutorTests.FreeformDecal_SkipsNonWalkableCell" methodname="FreeformDecal_SkipsNonWalkableCell" classname="RIMA.Tests.Brush.BrushDecorativeExecutorTests" runstate="Runnable" seed="174887615" result="Passed" start-time="2026-05-18 11:53:59Z" end-time="2026-05-18 11:53:59Z" duration="0.000289" asserts="0">
                <properties>
                  <property name="retryIteration" value="0" />
                  <property name="repeatIteration" value="0" />
                </properties>
              </test-case>
              <test-case id="1041" name="Karar143E_EdgeBiasDensityMultiplier" fullname="RIMA.Tests.Brush.BrushDecorativeExecutorTests.Karar143E_EdgeBiasDensityMultiplier" methodname="Karar143E_EdgeBiasDensityMultiplier" classname="RIMA.Tests.Brush.BrushDecorativeExecutorTests" runstate="Runnable" seed="1720672501" result="Passed" start-time="2026-05-18 11:53:59Z" end-time="2026-05-18 11:53:59Z" duration="0.000211" asserts="0">
                <properties>
                  <property name="retryIteration" value="0" />
                  <property name="repeatIteration" value="0" />
                </properties>
              </test-case>
              <test-case id="1042" name="Karar143K_FeatureMaskMultiplier" fullname="RIMA.Tests.Brush.BrushDecorativeExecutorTests.Karar143K_FeatureMaskMultiplier" methodname="Karar143K_FeatureMaskMultiplier" classname="RIMA.Tests.Brush.BrushDecorativeExecutorTests" runstate="Runnable" seed="263667093" result="Passed" start-time="2026-05-18 11:53:59Z" end-time="2026-05-18 11:53:59Z" duration="0.000929" asserts="0">
                <properties>
                  <property name="retryIteration" value="0" />
                  <property name="repeatIteration" value="0" />
                </properties>
              </test-case>
              <test-case id="1040" name="ScatterAlongStroke_RespectsMinDistance" fullname="RIMA.Tests.Brush.BrushDecorativeExecutorTests.ScatterAlongStroke_RespectsMinDistance" methodname="ScatterAlongStroke_RespectsMinDistance" classname="RIMA.Tests.Brush.BrushDecorativeExecutorTests" runstate="Runnable" seed="857911034" result="Passed" start-time="2026-05-18 11:53:59Z" end-time="2026-05-18 11:53:59Z" duration="0.003702" asserts="0">
                <properties>
                  <property name="retryIteration" value="0" />
                  <property name="repeatIteration" value="0" />
                </properties>
              </test-case>
              <test-case id="1045" name="WeightedAssetPick_RespectsWeights" fullname="RIMA.Tests.Brush.BrushDecorativeExecutorTests.WeightedAssetPick_RespectsWeights" methodname="WeightedAssetPick_RespectsWeights" classname="RIMA.Tests.Brush.BrushDecorativeExecutorTests" runstate="Runnable" seed="24043792" result="Passed" start-time="2026-05-18 11:53:59Z" end-time="2026-05-18 11:53:59Z" duration="0.000860" asserts="0">
                <properties>
                  <property name="retryIteration" value="0" />
                  <property name="repeatIteration" value="0" />
                </properties>
              </test-case>
            </test-suite>
            <test-suite type="TestFixture" id="1046" name="BrushExecutorTests" fullname="RIMA.Tests.Brush.BrushExecutorTests" classname="RIMA.Tests.Brush.BrushExecutorTests" runstate="Runnable" testcasecount="7" result="Passed" start-time="2026-05-18 11:53:59Z" end-time="2026-05-18 11:53:59Z" duration="0.018072" total="7" passed="7" failed="0" inconclusive="0" skipped="0" asserts="0">
              <properties />
              <test-case id="1053" name="BrushAlongEdges_UndoCollapsesAsOneGroup" fullname="RIMA.Tests.Brush.BrushExecutorTests.BrushAlongEdges_UndoCollapsesAsOneGroup" methodname="BrushAlongEdges_UndoCollapsesAsOneGroup" classname="RIMA.Tests.Brush.BrushExecutorTests" runstate="Runnable" seed="82297315" result="Passed" start-time="2026-05-18 11:53:59Z" end-time="2026-05-18 11:53:59Z" duration="0.009332" asserts="0">
                <properties>
                  <property name="retryIteration" value="0" />
                  <property name="repeatIteration" value="0" />
                </properties>
              </test-case>
              <test-case id="1052" name="BrushAlongEdges_WalksAllSegments" fullname="RIMA.Tests.Brush.BrushExecutorTests.BrushAlongEdges_WalksAllSegments" methodname="BrushAlongEdges_WalksAllSegments" classname="RIMA.Tests.Brush.BrushExecutorTests" runstate="Runnable" seed="1076349273" result="Passed" start-time="2026-05-18 11:53:59Z" end-time="2026-05-18 11:53:59Z" duration="0.002326" asserts="0">
                <properties>
                  <property name="retryIteration" value="0" />
                  <property name="repeatIteration" value="0" />
                </properties>
              </test-case>
              <test-case id="1050" name="GridTileExecutor_SetsTileOnTilemap" fullname="RIMA.Tests.Brush.BrushExecutorTests.GridTileExecutor_SetsTileOnTilemap" methodname="GridTileExecutor_SetsTileOnTilemap" classname="RIMA.Tests.Brush.BrushExecutorTests" runstate="Runnable" seed="393726215" result="Passed" start-time="2026-05-18 11:53:59Z" end-time="2026-05-18 11:53:59Z" duration="0.002643" asserts="0">
                <properties>
                  <property name="retryIteration" value="0" />
                  <property name="repeatIteration" value="0" />
                </properties>
              </test-case>
              <test-case id="1047" name="RouterDispatchesToCorrectExecutor" fullname="RIMA.Tests.Brush.BrushExecutorTests.RouterDispatchesToCorrectExecutor" methodname="RouterDispatchesToCorrectExecutor" classname="RIMA.Tests.Brush.BrushExecutorTests" runstate="Runnable" seed="700600987" result="Passed" start-time="2026-05-18 11:53:59Z" end-time="2026-05-18 11:53:59Z" duration="0.000474" asserts="0">
                <properties>
                  <property name="retryIteration" value="0" />
                  <property name="repeatIteration" value="0" />
                </properties>
              </test-case>
              <test-case id="1048" name="RouterReturnsErrorForCompositeWithNoOperations" fullname="RIMA.Tests.Brush.BrushExecutorTests.RouterReturnsErrorForCompositeWithNoOperations" methodname="RouterReturnsErrorForCompositeWithNoOperations" classname="RIMA.Tests.Brush.BrushExecutorTests" runstate="Runnable" seed="419371450" result="Passed" start-time="2026-05-18 11:53:59Z" end-time="2026-05-18 11:53:59Z" duration="0.000600" asserts="0">
                <properties>
                  <property name="retryIteration" value="0" />
                  <property name="repeatIteration" value="0" />
                </properties>
              </test-case>
              <test-case id="1049" name="RouterSkipsCellWhenWalkableMaskFails" fullname="RIMA.Tests.Brush.BrushExecutorTests.RouterSkipsCellWhenWalkableMaskFails" methodname="RouterSkipsCellWhenWalkableMaskFails" classname="RIMA.Tests.Brush.BrushExecutorTests" runstate="Runnable" seed="463264441" result="Passed" start-time="2026-05-18 11:53:59Z" end-time="2026-05-18 11:53:59Z" duration="0.000278" asserts="0">
                <properties>
                  <property name="retryIteration" value="0" />
                  <property name="repeatIteration" value="0" />
                </properties>
              </test-case>
              <test-case id="1051" name="WallStampExecutor_DelegatesToWallOverlayPainter" fullname="RIMA.Tests.Brush.BrushExecutorTests.WallStampExecutor_DelegatesToWallOverlayPainter" methodname="WallStampExecutor_DelegatesToWallOverlayPainter" classname="RIMA.Tests.Brush.BrushExecutorTests" runstate="Runnable" seed="1968017869" result="Passed" start-time="2026-05-18 11:53:59Z" end-time="2026-05-18 11:53:59Z" duration="0.001033" asserts="0">
                <properties>
                  <property name="retryIteration" value="0" />
                  <property name="repeatIteration" value="0" />
                </properties>
              </test-case>
            </test-suite>
            <test-suite type="TestFixture" id="1054" name="DependencyReportGeneratorTests" fullname="RIMA.Tests.Brush.DependencyReportGeneratorTests" classname="RIMA.Tests.Brush.DependencyReportGeneratorTests" runstate="Runnable" testcasecount="3" result="Passed" start-time="2026-05-18 11:53:59Z" end-time="2026-05-18 11:53:59Z" duration="0.156854" total="3" passed="3" failed="0" inconclusive="0" skipped="0" asserts="0">
              <properties />
              <test-case id="1057" name="BuildReport_ContainsGeneratedTimestamp" fullname="RIMA.Tests.Brush.DependencyReportGeneratorTests.BuildReport_ContainsGeneratedTimestamp" methodname="BuildReport_ContainsGeneratedTimestamp" classname="RIMA.Tests.Brush.DependencyReportGeneratorTests" runstate="Runnable" seed="1342328443" result="Passed" start-time="2026-05-18 11:53:59Z" end-time="2026-05-18 11:53:59Z" duration="0.121357" asserts="0">
                <properties>
                  <property name="retryIteration" value="0" />
                  <property name="repeatIteration" value="0" />
                </properties>
              </test-case>
              <test-case id="1056" name="BuildReport_ContainsKnownSections" fullname="RIMA.Tests.Brush.DependencyReportGeneratorTests.BuildReport_ContainsKnownSections" methodname="BuildReport_ContainsKnownSections" classname="RIMA.Tests.Brush.DependencyReportGeneratorTests" runstate="Runnable" seed="1277993262" result="Passed" start-time="2026-05-18 11:53:59Z" end-time="2026-05-18 11:53:59Z" duration="0.020852" asserts="0">
                <properties>
                  <property name="retryIteration" value="0" />
                  <property name="repeatIteration" value="0" />
                </properties>
              </test-case>
              <test-case id="1055" name="BuildReport_ContainsTitle" fullname="RIMA.Tests.Brush.DependencyReportGeneratorTests.BuildReport_ContainsTitle" methodname="BuildReport_ContainsTitle" classname="RIMA.Tests.Brush.DependencyReportGeneratorTests" runstate="Runnable" seed="1336503149" result="Passed" start-time="2026-05-18 11:53:59Z" end-time="2026-05-18 11:53:59Z" duration="0.013918" asserts="0">
                <properties>
                  <property name="retryIteration" value="0" />
                  <property name="repeatIteration" value="0" />
                </properties>
              </test-case>
            </test-suite>
            <test-suite type="TestFixture" id="1058" name="UndoStressTests" fullname="RIMA.Tests.Brush.UndoStressTests" classname="RIMA.Tests.Brush.UndoStressTests" runstate="Runnable" testcasecount="2" result="Passed" start-time="2026-05-18 11:53:59Z" end-time="2026-05-18 11:53:59Z" duration="0.118785" total="2" passed="2" failed="0" inconclusive="0" skipped="0" asserts="0">
              <properties />
              <test-case id="1060" name="RepeatedAddRemove_NoCrash_StatePreserved" fullname="RIMA.Tests.Brush.UndoStressTests.RepeatedAddRemove_NoCrash_StatePreserved" methodname="RepeatedAddRemove_NoCrash_StatePreserved" classname="RIMA.Tests.Brush.UndoStressTests" runstate="Runnable" seed="547091493" result="Passed" start-time="2026-05-18 11:53:59Z" end-time="2026-05-18 11:53:59Z" duration="0.002544" asserts="0">
                <properties>
                  <property name="retryIteration" value="0" />
                  <property name="repeatIteration" value="0" />
                </properties>
              </test-case>
              <test-case id="1059" name="Undo100x_PropPlace_RecordAndRollback" fullname="RIMA.Tests.Brush.UndoStressTests.Undo100x_PropPlace_RecordAndRollback" methodname="Undo100x_PropPlace_RecordAndRollback" classname="RIMA.Tests.Brush.UndoStressTests" runstate="Runnable" seed="1501295593" result="Passed" start-time="2026-05-18 11:53:59Z" end-time="2026-05-18 11:53:59Z" duration="0.115754" asserts="0">
                <properties>
                  <property name="retryIteration" value="0" />
                  <property name="repeatIteration" value="0" />
                </properties>
              </test-case>
            </test-suite>
          </test-suite>
        </test-suite>
      </test-suite>
    </test-suite>
    <test-suite type="Assembly" id="1497" name="RIMA.Tests.EditMode.dll" fullname="F:/Antigravity Projeler/2d roguelite/RIMA/Library/ScriptAssemblies/RIMA.Tests.EditMode.dll" runstate="Runnable" testcasecount="337" result="Passed" start-time="2026-05-18 11:53:59Z" end-time="2026-05-18 11:54:15Z" duration="15.918681" total="336" passed="335" failed="0" inconclusive="1" skipped="0" asserts="0">
      <properties>
        <property name="_PID" value="3252" />
        <property name="_APPDOMAIN" value="Unity Child Domain" />
        <property name="platform" value="EditMode" />
        <property name="EditorOnly" value="True" />
      </properties>
      <test-suite type="TestSuite" id="1498" name="RIMA" fullname="RIMA" runstate="Runnable" testcasecount="337" result="Passed" start-time="2026-05-18 11:53:59Z" end-time="2026-05-18 11:54:15Z" duration="15.916532" total="336" passed="335" failed="0" inconclusive="1" skipped="0" asserts="0">
        <properties />
        <test-suite type="TestSuite" id="1499" name="MapDesigner" fullname="RIMA.MapDesigner" runstate="Runnable" testcasecount="79" result="Passed" start-time="2026-05-18 11:53:59Z" end-time="2026-05-18 11:54:03Z" duration="4.431449" total="79" passed="79" failed="0" inconclusive="0" skipped="0" asserts="0">
          <properties />
          <test-suite type="TestSuite" id="1500" name="Tests" fullname="RIMA.MapDesigner.Tests" runstate="Runnable" testcasecount="79" result="Passed" start-time="2026-05-18 11:53:59Z" end-time="2026-05-18 11:54:03Z" duration="4.430974" total="79" passed="79" failed="0" inconclusive="0" skipped="0" asserts="0">
            <properties />
            <test-suite type="TestFixture" id="1099" name="AssetPackBrowserPlacementTests" fullname="RIMA.MapDesigner.Tests.AssetPackBrowserPlacementTests" classname="RIMA.MapDesigner.Tests.AssetPackBrowserPlacementTests" runstate="Runnable" testcasecount="10" result="Passed" start-time="2026-05-18 11:53:59Z" end-time="2026-05-18 11:53:59Z" duration="0.156653" total="10" passed="10" failed="0" inconclusive="0" skipped="0" asserts="0">
              <properties />
              <test-case id="1109" name="ColliderFootprint_Respects_Ratio" fullname="RIMA.MapDesigner.Tests.AssetPackBrowserPlacementTests.ColliderFootprint_Respects_Ratio" methodname="ColliderFootprint_Respects_Ratio" classname="RIMA.MapDesigner.Tests.AssetPackBrowserPlacementTests" runstate="Runnable" seed="426335123" result="Passed" start-time="2026-05-18 11:53:59Z" end-time="2026-05-18 11:53:59Z" duration="0.003992" asserts="0">
                <properties>
                  <property name="retryIteration" value="0" />
                  <property name="repeatIteration" value="0" />
                </properties>
                <output><![CDATA[Asset Pack Browser: layer '' does not exist. Keeping 'placed' on Default.
]]></output>
              </test-case>
              <test-case id="1105" name="InspectorScaleSlider_AppliesToSelected" fullname="RIMA.MapDesigner.Tests.AssetPackBrowserPlacementTests.InspectorScaleSlider_AppliesToSelected" methodname="InspectorScaleSlider_AppliesToSelected" classname="RIMA.MapDesigner.Tests.AssetPackBrowserPlacementTests" runstate="Runnable" seed="1411071383" result="Passed" start-time="2026-05-18 11:53:59Z" end-time="2026-05-18 11:53:59Z" duration="0.000645" asserts="0">
                <properties>
                  <property name="retryIteration" value="0" />
                  <property name="repeatIteration" value="0" />
                </properties>
              </test-case>
              <test-case id="1106" name="InspectorVariantSlider_CyclesAtlasVariants" fullname="RIMA.MapDesigner.Tests.AssetPackBrowserPlacementTests.InspectorVariantSlider_CyclesAtlasVariants" methodname="InspectorVariantSlider_CyclesAtlasVariants" classname="RIMA.MapDesigner.Tests.AssetPackBrowserPlacementTests" runstate="Runnable" seed="1736564875" result="Passed" start-time="2026-05-18 11:53:59Z" end-time="2026-05-18 11:53:59Z" duration="0.003964" asserts="0">
                <properties>
                  <property name="retryIteration" value="0" />
                  <property name="repeatIteration" value="0" />
                </properties>
              </test-case>
              <test-case id="1103" name="LeftClick_AppliesAutoCollider_WhenBlocksMovement" fullname="RIMA.MapDesigner.Tests.AssetPackBrowserPlacementTests.LeftClick_AppliesAutoCollider_WhenBlocksMovement" methodname="LeftClick_AppliesAutoCollider_WhenBlocksMovement" classname="RIMA.MapDesigner.Tests.AssetPackBrowserPlacementTests" runstate="Runnable" seed="1810154433" result="Passed" start-time="2026-05-18 11:53:59Z" end-time="2026-05-18 11:53:59Z" duration="0.036153" asserts="0">
                <properties>
                  <property name="retryIteration" value="0" />
                  <property name="repeatIteration" value="0" />
                </properties>
                <output><![CDATA[Asset Pack Browser: layer 'Walls' does not exist. Keeping 'wall_stone' on Default.
]]></output>
              </test-case>
              <test-case id="1102" name="LeftClick_AppliesCorrectSortingOrder_PerCategory" fullname="RIMA.MapDesigner.Tests.AssetPackBrowserPlacementTests.LeftClick_AppliesCorrectSortingOrder_PerCategory" methodname="LeftClick_AppliesCorrectSortingOrder_PerCategory" classname="RIMA.MapDesigner.Tests.AssetPackBrowserPlacementTests" runstate="Runnable" seed="439530889" result="Passed" start-time="2026-05-18 11:53:59Z" end-time="2026-05-18 11:53:59Z" duration="0.020443" asserts="0">
                <properties>
                  <property name="retryIteration" value="0" />
                  <property name="repeatIteration" value="0" />
                </properties>
                <output><![CDATA[Asset Pack Browser: layer 'Walls' does not exist. Keeping 'wall_stone' on Default.
]]></output>
              </test-case>
              <test-case id="1101" name="LeftClick_CreatesGameObject_UnderActiveTarget" fullname="RIMA.MapDesigner.Tests.AssetPackBrowserPlacementTests.LeftClick_CreatesGameObject_UnderActiveTarget" methodname="LeftClick_CreatesGameObject_UnderActiveTarget" classname="RIMA.MapDesigner.Tests.AssetPackBrowserPlacementTests" runstate="Runnable" seed="438362421" result="Passed" start-time="2026-05-18 11:53:59Z" end-time="2026-05-18 11:53:59Z" duration="0.020819" asserts="0">
                <properties>
                  <property name="retryIteration" value="0" />
                  <property name="repeatIteration" value="0" />
                </properties>
                <output><![CDATA[Asset Pack Browser: layer 'Walls' does not exist. Keeping 'wall_stone' on Default.
]]></output>
              </test-case>
              <test-case id="1100" name="PlacementMode_GhostFollowsCursor_PPUSnapped" fullname="RIMA.MapDesigner.Tests.AssetPackBrowserPlacementTests.PlacementMode_GhostFollowsCursor_PPUSnapped" methodname="PlacementMode_GhostFollowsCursor_PPUSnapped" classname="RIMA.MapDesigner.Tests.AssetPackBrowserPlacementTests" runstate="Runnable" seed="1925821212" result="Passed" start-time="2026-05-18 11:53:59Z" end-time="2026-05-18 11:53:59Z" duration="0.014671" asserts="0">
                <properties>
                  <property name="retryIteration" value="0" />
                  <property name="repeatIteration" value="0" />
                </properties>
              </test-case>
              <test-case id="1108" name="PropWithoutColliderConfig_DoesNotAttachCollider" fullname="RIMA.MapDesigner.Tests.AssetPackBrowserPlacementTests.PropWithoutColliderConfig_DoesNotAttachCollider" methodname="PropWithoutColliderConfig_DoesNotAttachCollider" classname="RIMA.MapDesigner.Tests.AssetPackBrowserPlacementTests" runstate="Runnable" seed="448961417" result="Passed" start-time="2026-05-18 11:53:59Z" end-time="2026-05-18 11:53:59Z" duration="0.015700" asserts="0">
                <properties>
                  <property name="retryIteration" value="0" />
                  <property name="repeatIteration" value="0" />
                </properties>
              </test-case>
              <test-case id="1104" name="RightClick_ExitsPlacementMode_DestroysGhost" fullname="RIMA.MapDesigner.Tests.AssetPackBrowserPlacementTests.RightClick_ExitsPlacementMode_DestroysGhost" methodname="RightClick_ExitsPlacementMode_DestroysGhost" classname="RIMA.MapDesigner.Tests.AssetPackBrowserPlacementTests" runstate="Runnable" seed="969460533" result="Passed" start-time="2026-05-18 11:53:59Z" end-time="2026-05-18 11:53:59Z" duration="0.015196" asserts="0">
                <properties>
                  <property name="retryIteration" value="0" />
                  <property name="repeatIteration" value="0" />
                </properties>
              </test-case>
              <test-case id="1107" name="Undo_RemovesLastPlacement" fullname="RIMA.MapDesigner.Tests.AssetPackBrowserPlacementTests.Undo_RemovesLastPlacement" methodname="Undo_RemovesLastPlacement" classname="RIMA.MapDesigner.Tests.AssetPackBrowserPlacementTests" runstate="Runnable" seed="167973145" result="Passed" start-time="2026-05-18 11:53:59Z" end-time="2026-05-18 11:53:59Z" duration="0.023078" asserts="0">
                <properties>
                  <property name="retryIteration" value="0" />
                  <property name="repeatIteration" value="0" />
                </properties>
                <output><![CDATA[Asset Pack Browser: layer 'Walls' does not exist. Keeping 'wall_stone' on Default.
]]></output>
              </test-case>
            </test-suite>
            <test-suite type="TestFixture" id="1110" name="AssetPackBrowserTests" fullname="RIMA.MapDesigner.Tests.AssetPackBrowserTests" classname="RIMA.MapDesigner.Tests.AssetPackBrowserTests" runstate="Runnable" testcasecount="8" result="Passed" start-time="2026-05-18 11:53:59Z" end-time="2026-05-18 11:53:59Z" duration="0.101459" total="8" passed="8" failed="0" inconclusive="0" skipped="0" asserts="0">
              <properties />
              <test-case id="1113" name="CategorySelect_Populates_SpriteGrid" fullname="RIMA.MapDesigner.Tests.AssetPackBrowserTests.CategorySelect_Populates_SpriteGrid" methodname="CategorySelect_Populates_SpriteGrid" classname="RIMA.MapDesigner.Tests.AssetPackBrowserTests" runstate="Runnable" seed="353927911" result="Passed" start-time="2026-05-18 11:53:59Z" end-time="2026-05-18 11:53:59Z" duration="0.017100" asserts="0">
                <properties>
                  <property name="retryIteration" value="0" />
                  <property name="repeatIteration" value="0" />
                </properties>
              </test-case>
              <test-case id="1112" name="Manifest_Enumerates_All_Atlases" fullname="RIMA.MapDesigner.Tests.AssetPackBrowserTests.Manifest_Enumerates_All_Atlases" methodname="Manifest_Enumerates_All_Atlases" classname="RIMA.MapDesigner.Tests.AssetPackBrowserTests" runstate="Runnable" seed="1698991549" result="Passed" start-time="2026-05-18 11:53:59Z" end-time="2026-05-18 11:53:59Z" duration="0.000376" asserts="0">
                <properties>
                  <property name="retryIteration" value="0" />
                  <property name="repeatIteration" value="0" />
                </properties>
              </test-case>
              <test-case id="1116" name="MetadataReadout_Shows_PPU_And_Category" fullname="RIMA.MapDesigner.Tests.AssetPackBrowserTests.MetadataReadout_Shows_PPU_And_Category" methodname="MetadataReadout_Shows_PPU_And_Category" classname="RIMA.MapDesigner.Tests.AssetPackBrowserTests" runstate="Runnable" seed="119052353" result="Passed" start-time="2026-05-18 11:53:59Z" end-time="2026-05-18 11:53:59Z" duration="0.001005" asserts="0">
                <properties>
                  <property name="retryIteration" value="0" />
                  <property name="repeatIteration" value="0" />
                </properties>
              </test-case>
              <test-case id="1111" name="OpenWindow_Succeeds_Without_Errors" fullname="RIMA.MapDesigner.Tests.AssetPackBrowserTests.OpenWindow_Succeeds_Without_Errors" methodname="OpenWindow_Succeeds_Without_Errors" classname="RIMA.MapDesigner.Tests.AssetPackBrowserTests" runstate="Runnable" seed="1227592106" result="Passed" start-time="2026-05-18 11:53:59Z" end-time="2026-05-18 11:53:59Z" duration="0.057569" asserts="0">
                <properties>
                  <property name="retryIteration" value="0" />
                  <property name="repeatIteration" value="0" />
                </properties>
              </test-case>
              <test-case id="1118" name="PackSwitch_Resets_Selection_Without_Errors" fullname="RIMA.MapDesigner.Tests.AssetPackBrowserTests.PackSwitch_Resets_Selection_Without_Errors" methodname="PackSwitch_Resets_Selection_Without_Errors" classname="RIMA.MapDesigner.Tests.AssetPackBrowserTests" runstate="Runnable" seed="2105249627" result="Passed" start-time="2026-05-18 11:53:59Z" end-time="2026-05-18 11:53:59Z" duration="0.022241" asserts="0">
                <properties>
                  <property name="retryIteration" value="0" />
                  <property name="repeatIteration" value="0" />
                </properties>
              </test-case>
              <test-case id="1114" name="Search_Filter_Reduces_Grid_Count" fullname="RIMA.MapDesigner.Tests.AssetPackBrowserTests.Search_Filter_Reduces_Grid_Count" methodname="Search_Filter_Reduces_Grid_Count" classname="RIMA.MapDesigner.Tests.AssetPackBrowserTests" runstate="Runnable" seed="1099312347" result="Passed" start-time="2026-05-18 11:53:59Z" end-time="2026-05-18 11:53:59Z" duration="0.001234" asserts="0">
                <properties>
                  <property name="retryIteration" value="0" />
                  <property name="repeatIteration" value="0" />
                </properties>
              </test-case>
              <test-case id="1115" name="SpriteSelect_Populates_Inspector" fullname="RIMA.MapDesigner.Tests.AssetPackBrowserTests.SpriteSelect_Populates_Inspector" methodname="SpriteSelect_Populates_Inspector" classname="RIMA.MapDesigner.Tests.AssetPackBrowserTests" runstate="Runnable" seed="1773452121" result="Passed" start-time="2026-05-18 11:53:59Z" end-time="2026-05-18 11:53:59Z" duration="0.000333" asserts="0">
                <properties>
                  <property name="retryIteration" value="0" />
                  <property name="repeatIteration" value="0" />
                </properties>
              </test-case>
              <test-case id="1117" name="ThumbnailSize_Slider_Clamps_48_to_96" fullname="RIMA.MapDesigner.Tests.AssetPackBrowserTests.ThumbnailSize_Slider_Clamps_48_to_96" methodname="ThumbnailSize_Slider_Clamps_48_to_96" classname="RIMA.MapDesigner.Tests.AssetPackBrowserTests" runstate="Runnable" seed="510421731" result="Passed" start-time="2026-05-18 11:53:59Z" end-time="2026-05-18 11:53:59Z" duration="0.000114" asserts="0">
                <properties>
                  <property name="retryIteration" value="0" />
                  <property name="repeatIteration" value="0" />
                </properties>
              </test-case>
            </test-suite>
            <test-suite type="TestFixture" id="1119" name="AutoPopulator8LayerTests" fullname="RIMA.MapDesigner.Tests.AutoPopulator8LayerTests" classname="RIMA.MapDesigner.Tests.AutoPopulator8LayerTests" runstate="Runnable" testcasecount="10" result="Passed" start-time="2026-05-18 11:53:59Z" end-time="2026-05-18 11:53:59Z" duration="0.297657" total="10" passed="10" failed="0" inconclusive="0" skipped="0" asserts="0">
              <properties />
              <test-case id="1129" name="Populate8Layers_DeterministicWithSeed" fullname="RIMA.MapDesigner.Tests.AutoPopulator8LayerTests.Populate8Layers_DeterministicWithSeed" methodname="Populate8Layers_DeterministicWithSeed" classname="RIMA.MapDesigner.Tests.AutoPopulator8LayerTests" runstate="Runnable" seed="268250583" result="Passed" start-time="2026-05-18 11:53:59Z" end-time="2026-05-18 11:53:59Z" duration="0.223358" asserts="0">
                <properties>
                  <property name="retryIteration" value="0" />
                  <property name="repeatIteration" value="0" />
                </properties>
              </test-case>
              <test-case id="1128" name="Populate8Layers_SortingOrder_AscendingByLayer" fullname="RIMA.MapDesigner.Tests.AutoPopulator8LayerTests.Populate8Layers_SortingOrder_AscendingByLayer" methodname="Populate8Layers_SortingOrder_AscendingByLayer" classname="RIMA.MapDesigner.Tests.AutoPopulator8LayerTests" runstate="Runnable" seed="1864581716" result="Passed" start-time="2026-05-18 11:53:59Z" end-time="2026-05-18 11:53:59Z" duration="0.018224" asserts="0">
                <properties>
                  <property name="retryIteration" value="0" />
                  <property name="repeatIteration" value="0" />
                </properties>
              </test-case>
              <test-case id="1120" name="PopulateLayer1Macro_FullCoverage" fullname="RIMA.MapDesigner.Tests.AutoPopulator8LayerTests.PopulateLayer1Macro_FullCoverage" methodname="PopulateLayer1Macro_FullCoverage" classname="RIMA.MapDesigner.Tests.AutoPopulator8LayerTests" runstate="Runnable" seed="1140926773" result="Passed" start-time="2026-05-18 11:53:59Z" end-time="2026-05-18 11:53:59Z" duration="0.005487" asserts="0">
                <properties>
                  <property name="retryIteration" value="0" />
                  <property name="repeatIteration" value="0" />
                </properties>
              </test-case>
              <test-case id="1121" name="PopulateLayer2BaseFloor_FullCoverage" fullname="RIMA.MapDesigner.Tests.AutoPopulator8LayerTests.PopulateLayer2BaseFloor_FullCoverage" methodname="PopulateLayer2BaseFloor_FullCoverage" classname="RIMA.MapDesigner.Tests.AutoPopulator8LayerTests" runstate="Runnable" seed="387636358" result="Passed" start-time="2026-05-18 11:53:59Z" end-time="2026-05-18 11:53:59Z" duration="0.006036" asserts="0">
                <properties>
                  <property name="retryIteration" value="0" />
                  <property name="repeatIteration" value="0" />
                </properties>
              </test-case>
              <test-case id="1122" name="PopulateLayer3MidTone_RespectsDensity" fullname="RIMA.MapDesigner.Tests.AutoPopulator8LayerTests.PopulateLayer3MidTone_RespectsDensity" methodname="PopulateLayer3MidTone_RespectsDensity" classname="RIMA.MapDesigner.Tests.AutoPopulator8LayerTests" runstate="Runnable" seed="588982226" result="Passed" start-time="2026-05-18 11:53:59Z" end-time="2026-05-18 11:53:59Z" duration="0.012101" asserts="0">
                <properties>
                  <property name="retryIteration" value="0" />
                  <property name="repeatIteration" value="0" />
                </properties>
              </test-case>
              <test-case id="1123" name="PopulateLayer4Detail_RespectsDensity" fullname="RIMA.MapDesigner.Tests.AutoPopulator8LayerTests.PopulateLayer4Detail_RespectsDensity" methodname="PopulateLayer4Detail_RespectsDensity" classname="RIMA.MapDesigner.Tests.AutoPopulator8LayerTests" runstate="Runnable" seed="1892001437" result="Passed" start-time="2026-05-18 11:53:59Z" end-time="2026-05-18 11:53:59Z" duration="0.010286" asserts="0">
                <properties>
                  <property name="retryIteration" value="0" />
                  <property name="repeatIteration" value="0" />
                </properties>
              </test-case>
              <test-case id="1124" name="PopulateLayer5Scatter_RespectsDensity" fullname="RIMA.MapDesigner.Tests.AutoPopulator8LayerTests.PopulateLayer5Scatter_RespectsDensity" methodname="PopulateLayer5Scatter_RespectsDensity" classname="RIMA.MapDesigner.Tests.AutoPopulator8LayerTests" runstate="Runnable" seed="1880604698" result="Passed" start-time="2026-05-18 11:53:59Z" end-time="2026-05-18 11:53:59Z" duration="0.008534" asserts="0">
                <properties>
                  <property name="retryIteration" value="0" />
                  <property name="repeatIteration" value="0" />
                </properties>
              </test-case>
              <test-case id="1125" name="PopulateLayer6Medium_RespectsDensity" fullname="RIMA.MapDesigner.Tests.AutoPopulator8LayerTests.PopulateLayer6Medium_RespectsDensity" methodname="PopulateLayer6Medium_RespectsDensity" classname="RIMA.MapDesigner.Tests.AutoPopulator8LayerTests" runstate="Runnable" seed="318968098" result="Passed" start-time="2026-05-18 11:53:59Z" end-time="2026-05-18 11:53:59Z" duration="0.005603" asserts="0">
                <properties>
                  <property name="retryIteration" value="0" />
                  <property name="repeatIteration" value="0" />
                </properties>
              </test-case>
              <test-case id="1126" name="PopulateLayer7TallFocal_RespectsMaxCap" fullname="RIMA.MapDesigner.Tests.AutoPopulator8LayerTests.PopulateLayer7TallFocal_RespectsMaxCap" methodname="PopulateLayer7TallFocal_RespectsMaxCap" classname="RIMA.MapDesigner.Tests.AutoPopulator8LayerTests" runstate="Runnable" seed="761930017" result="Passed" start-time="2026-05-18 11:53:59Z" end-time="2026-05-18 11:53:59Z" duration="0.001370" asserts="0">
                <properties>
                  <property name="retryIteration" value="0" />
                  <property name="repeatIteration" value="0" />
                </properties>
              </test-case>
              <test-case id="1127" name="PopulateLayer8Atmospheric_RespectsDensity" fullname="RIMA.MapDesigner.Tests.AutoPopulator8LayerTests.PopulateLayer8Atmospheric_RespectsDensity" methodname="PopulateLayer8Atmospheric_RespectsDensity" classname="RIMA.MapDesigner.Tests.AutoPopulator8LayerTests" runstate="Runnable" seed="1171599047" result="Passed" start-time="2026-05-18 11:53:59Z" end-time="2026-05-18 11:53:59Z" duration="0.004988" asserts="0">
                <properties>
                  <property name="retryIteration" value="0" />
                  <property name="repeatIteration" value="0" />
                </properties>
              </test-case>
            </test-suite>
[...]
              <properties>
                <property name="retryIteration" value="0" />
                <property name="repeatIteration" value="0" />
              </properties>
            </test-case>
            <test-case id="1331" name="ConsumeBasicChain_WhenChained_ReturnsBonusMultiplier" fullname="RIMA.Tests.SkillFlowTrackerTests.ConsumeBasicChain_WhenChained_ReturnsBonusMultiplier" methodname="ConsumeBasicChain_WhenChained_ReturnsBonusMultiplier" classname="RIMA.Tests.SkillFlowTrackerTests" runstate="Runnable" seed="1203115756" result="Passed" start-time="2026-05-18 11:54:15Z" end-time="2026-05-18 11:54:15Z" duration="0.000183" asserts="0">
              <properties>
                <property name="retryIteration" value="0" />
                <property name="repeatIteration" value="0" />
              </properties>
            </test-case>
            <test-case id="1333" name="ConsumeBasicChain_WhenNotChained_Returns1" fullname="RIMA.Tests.SkillFlowTrackerTests.ConsumeBasicChain_WhenNotChained_Returns1" methodname="ConsumeBasicChain_WhenNotChained_Returns1" classname="RIMA.Tests.SkillFlowTrackerTests" runstate="Runnable" seed="291260594" result="Passed" start-time="2026-05-18 11:54:15Z" end-time="2026-05-18 11:54:15Z" duration="0.000113" asserts="0">
              <properties>
                <property name="retryIteration" value="0" />
                <property name="repeatIteration" value="0" />
              </properties>
            </test-case>
            <test-case id="1327" name="InitialState_LastSkillIsNull" fullname="RIMA.Tests.SkillFlowTrackerTests.InitialState_LastSkillIsNull" methodname="InitialState_LastSkillIsNull" classname="RIMA.Tests.SkillFlowTrackerTests" runstate="Runnable" seed="1659126888" result="Passed" start-time="2026-05-18 11:54:15Z" end-time="2026-05-18 11:54:15Z" duration="0.000104" asserts="0">
              <properties>
                <property name="retryIteration" value="0" />
                <property name="repeatIteration" value="0" />
              </properties>
            </test-case>
            <test-case id="1326" name="InitialState_NotChained" fullname="RIMA.Tests.SkillFlowTrackerTests.InitialState_NotChained" methodname="InitialState_NotChained" classname="RIMA.Tests.SkillFlowTrackerTests" runstate="Runnable" seed="1026828021" result="Passed" start-time="2026-05-18 11:54:15Z" end-time="2026-05-18 11:54:15Z" duration="0.000105" asserts="0">
              <properties>
                <property name="retryIteration" value="0" />
                <property name="repeatIteration" value="0" />
              </properties>
            </test-case>
            <test-case id="1328" name="NotifySkillUsed_SetsBothChainFlags" fullname="RIMA.Tests.SkillFlowTrackerTests.NotifySkillUsed_SetsBothChainFlags" methodname="NotifySkillUsed_SetsBothChainFlags" classname="RIMA.Tests.SkillFlowTrackerTests" runstate="Runnable" seed="530964649" result="Passed" start-time="2026-05-18 11:54:15Z" end-time="2026-05-18 11:54:15Z" duration="0.000101" asserts="0">
              <properties>
                <property name="retryIteration" value="0" />
                <property name="repeatIteration" value="0" />
              </properties>
            </test-case>
            <test-case id="1329" name="NotifySkillUsed_SetsLastSkill" fullname="RIMA.Tests.SkillFlowTrackerTests.NotifySkillUsed_SetsLastSkill" methodname="NotifySkillUsed_SetsLastSkill" classname="RIMA.Tests.SkillFlowTrackerTests" runstate="Runnable" seed="737018724" result="Passed" start-time="2026-05-18 11:54:15Z" end-time="2026-05-18 11:54:15Z" duration="0.000100" asserts="0">
              <properties>
                <property name="retryIteration" value="0" />
                <property name="repeatIteration" value="0" />
              </properties>
            </test-case>
            <test-case id="1330" name="NotifySkillUsed_UpdatesLastSkillOnSecondCall" fullname="RIMA.Tests.SkillFlowTrackerTests.NotifySkillUsed_UpdatesLastSkillOnSecondCall" methodname="NotifySkillUsed_UpdatesLastSkillOnSecondCall" classname="RIMA.Tests.SkillFlowTrackerTests" runstate="Runnable" seed="1012754713" result="Passed" start-time="2026-05-18 11:54:15Z" end-time="2026-05-18 11:54:15Z" duration="0.000099" asserts="0">
              <properties>
                <property name="retryIteration" value="0" />
                <property name="repeatIteration" value="0" />
              </properties>
            </test-case>
            <test-case id="1337" name="OnSkillChain_DoesNotFireForSameSkill" fullname="RIMA.Tests.SkillFlowTrackerTests.OnSkillChain_DoesNotFireForSameSkill" methodname="OnSkillChain_DoesNotFireForSameSkill" classname="RIMA.Tests.SkillFlowTrackerTests" runstate="Runnable" seed="1896702821" result="Passed" start-time="2026-05-18 11:54:15Z" end-time="2026-05-18 11:54:15Z" duration="0.000215" asserts="0">
              <properties>
                <property name="retryIteration" value="0" />
                <property name="repeatIteration" value="0" />
              </properties>
            </test-case>
            <test-case id="1338" name="OnSkillChain_DoesNotFireWhenNotYetChained" fullname="RIMA.Tests.SkillFlowTrackerTests.OnSkillChain_DoesNotFireWhenNotYetChained" methodname="OnSkillChain_DoesNotFireWhenNotYetChained" classname="RIMA.Tests.SkillFlowTrackerTests" runstate="Runnable" seed="1573552936" result="Passed" start-time="2026-05-18 11:54:15Z" end-time="2026-05-18 11:54:15Z" duration="0.000237" asserts="0">
              <properties>
                <property name="retryIteration" value="0" />
                <property name="repeatIteration" value="0" />
              </properties>
            </test-case>
            <test-case id="1336" name="OnSkillChain_FiresWhenDifferentSkillUsedWhileChained" fullname="RIMA.Tests.SkillFlowTrackerTests.OnSkillChain_FiresWhenDifferentSkillUsedWhileChained" methodname="OnSkillChain_FiresWhenDifferentSkillUsedWhileChained" classname="RIMA.Tests.SkillFlowTrackerTests" runstate="Runnable" seed="2119866641" result="Passed" start-time="2026-05-18 11:54:15Z" end-time="2026-05-18 11:54:15Z" duration="0.000216" asserts="0">
              <properties>
                <property name="retryIteration" value="0" />
                <property name="repeatIteration" value="0" />
              </properties>
            </test-case>
            <test-case id="1334" name="OnSkillUsed_FiresOnNotify" fullname="RIMA.Tests.SkillFlowTrackerTests.OnSkillUsed_FiresOnNotify" methodname="OnSkillUsed_FiresOnNotify" classname="RIMA.Tests.SkillFlowTrackerTests" runstate="Runnable" seed="1488930959" result="Passed" start-time="2026-05-18 11:54:15Z" end-time="2026-05-18 11:54:15Z" duration="0.000225" asserts="0">
              <properties>
                <property name="retryIteration" value="0" />
                <property name="repeatIteration" value="0" />
              </properties>
            </test-case>
            <test-case id="1335" name="OnSkillUsed_FiresWithCorrectSkill" fullname="RIMA.Tests.SkillFlowTrackerTests.OnSkillUsed_FiresWithCorrectSkill" methodname="OnSkillUsed_FiresWithCorrectSkill" classname="RIMA.Tests.SkillFlowTrackerTests" runstate="Runnable" seed="29323747" result="Passed" start-time="2026-05-18 11:54:15Z" end-time="2026-05-18 11:54:15Z" duration="0.000156" asserts="0">
              <properties>
                <property name="retryIteration" value="0" />
                <property name="repeatIteration" value="0" />
              </properties>
            </test-case>
          </test-suite>
          <test-suite type="TestFixture" id="1339" name="StatusEffectSystemTests" fullname="RIMA.Tests.StatusEffectSystemTests" classname="RIMA.Tests.StatusEffectSystemTests" runstate="Runnable" testcasecount="3" result="Passed" start-time="2026-05-18 11:54:15Z" end-time="2026-05-18 11:54:15Z" duration="0.003938" total="3" passed="3" failed="0" inconclusive="0" skipped="0" asserts="0">
            <properties />
            <test-case id="1341" name="Burning_ThreeStacks_UpgradesToScorch" fullname="RIMA.Tests.StatusEffectSystemTests.Burning_ThreeStacks_UpgradesToScorch" methodname="Burning_ThreeStacks_UpgradesToScorch" classname="RIMA.Tests.StatusEffectSystemTests" runstate="Runnable" seed="1817032562" result="Passed" start-time="2026-05-18 11:54:15Z" end-time="2026-05-18 11:54:15Z" duration="0.002234" asserts="0">
              <properties>
                <property name="retryIteration" value="0" />
                <property name="repeatIteration" value="0" />
              </properties>
            </test-case>
            <test-case id="1342" name="Chill_ThreeStacks_UpgradesToFrozen" fullname="RIMA.Tests.StatusEffectSystemTests.Chill_ThreeStacks_UpgradesToFrozen" methodname="Chill_ThreeStacks_UpgradesToFrozen" classname="RIMA.Tests.StatusEffectSystemTests" runstate="Runnable" seed="593272905" result="Passed" start-time="2026-05-18 11:54:15Z" end-time="2026-05-18 11:54:15Z" duration="0.000202" asserts="0">
              <properties>
                <property name="retryIteration" value="0" />
                <property name="repeatIteration" value="0" />
              </properties>
            </test-case>
            <test-case id="1340" name="Poison_AccumulatesFractionalDamage" fullname="RIMA.Tests.StatusEffectSystemTests.Poison_AccumulatesFractionalDamage" methodname="Poison_AccumulatesFractionalDamage" classname="RIMA.Tests.StatusEffectSystemTests" runstate="Runnable" seed="1967912851" result="Passed" start-time="2026-05-18 11:54:15Z" end-time="2026-05-18 11:54:15Z" duration="0.001110" asserts="0">
              <properties>
                <property name="retryIteration" value="0" />
                <property name="repeatIteration" value="0" />
              </properties>
            </test-case>
          </test-suite>
          <test-suite type="TestFixture" id="1343" name="TheWoundTests" fullname="RIMA.Tests.TheWoundTests" classname="RIMA.Tests.TheWoundTests" runstate="Runnable" testcasecount="4" result="Passed" start-time="2026-05-18 11:54:15Z" end-time="2026-05-18 11:54:15Z" duration="0.001671" total="4" passed="4" failed="0" inconclusive="0" skipped="0" asserts="0">
            <properties />
            <test-case id="1347" name="DeathBurst_DamagePercent_IsReasonable" fullname="RIMA.Tests.TheWoundTests.DeathBurst_DamagePercent_IsReasonable" methodname="DeathBurst_DamagePercent_IsReasonable" classname="RIMA.Tests.TheWoundTests" runstate="Runnable" seed="1482178856" result="Passed" start-time="2026-05-18 11:54:15Z" end-time="2026-05-18 11:54:15Z" duration="0.000628" asserts="0">
              <properties>
                <property name="retryIteration" value="0" />
                <property name="repeatIteration" value="0" />
              </properties>
              <reason>
                <message><![CDATA[Design spec: deathDamagePercent = %20 — verify in Inspector.]]></message>
              </reason>
            </test-case>
            <test-case id="1346" name="RequiredComponent_Health_AutoAdded" fullname="RIMA.Tests.TheWoundTests.RequiredComponent_Health_AutoAdded" methodname="RequiredComponent_Health_AutoAdded" classname="RIMA.Tests.TheWoundTests" runstate="Runnable" seed="121610899" result="Passed" start-time="2026-05-18 11:54:15Z" end-time="2026-05-18 11:54:15Z" duration="0.000171" asserts="0">
              <properties>
                <property name="retryIteration" value="0" />
                <property name="repeatIteration" value="0" />
              </properties>
            </test-case>
            <test-case id="1345" name="RequiredComponent_Rigidbody2D_AutoAdded" fullname="RIMA.Tests.TheWoundTests.RequiredComponent_Rigidbody2D_AutoAdded" methodname="RequiredComponent_Rigidbody2D_AutoAdded" classname="RIMA.Tests.TheWoundTests" runstate="Runnable" seed="1088669442" result="Passed" start-time="2026-05-18 11:54:15Z" end-time="2026-05-18 11:54:15Z" duration="0.000124" asserts="0">
              <properties>
                <property name="retryIteration" value="0" />
                <property name="repeatIteration" value="0" />
              </properties>
            </test-case>
            <test-case id="1344" name="TheWound_CanBeInstantiated" fullname="RIMA.Tests.TheWoundTests.TheWound_CanBeInstantiated" methodname="TheWound_CanBeInstantiated" classname="RIMA.Tests.TheWoundTests" runstate="Runnable" seed="857464026" result="Passed" start-time="2026-05-18 11:54:15Z" end-time="2026-05-18 11:54:15Z" duration="0.000143" asserts="0">
              <properties>
                <property name="retryIteration" value="0" />
                <property name="repeatIteration" value="0" />
              </properties>
            </test-case>
          </test-suite>
          <test-suite type="TestFixture" id="1348" name="TimeScaleGuardTests" fullname="RIMA.Tests.TimeScaleGuardTests" classname="RIMA.Tests.TimeScaleGuardTests" runstate="Runnable" testcasecount="2" result="Passed" start-time="2026-05-18 11:54:15Z" end-time="2026-05-18 11:54:15Z" duration="0.001504" total="2" passed="2" failed="0" inconclusive="0" skipped="0" asserts="0">
            <properties />
            <test-case id="1349" name="MainMenuAutoInit_DoesNotReinjectInGameScene" fullname="RIMA.Tests.TimeScaleGuardTests.MainMenuAutoInit_DoesNotReinjectInGameScene" methodname="MainMenuAutoInit_DoesNotReinjectInGameScene" classname="RIMA.Tests.TimeScaleGuardTests" runstate="Runnable" seed="255250668" result="Passed" start-time="2026-05-18 11:54:15Z" end-time="2026-05-18 11:54:15Z" duration="0.000598" asserts="0">
              <properties>
                <property name="retryIteration" value="0" />
                <property name="repeatIteration" value="0" />
              </properties>
            </test-case>
            <test-case id="1350" name="NoStartMethodSetsTimeScaleZero_GuardsExist" fullname="RIMA.Tests.TimeScaleGuardTests.NoStartMethodSetsTimeScaleZero_GuardsExist" methodname="NoStartMethodSetsTimeScaleZero_GuardsExist" classname="RIMA.Tests.TimeScaleGuardTests" runstate="Runnable" seed="2051654518" result="Passed" start-time="2026-05-18 11:54:15Z" end-time="2026-05-18 11:54:15Z" duration="0.000604" asserts="0">
              <properties>
                <property name="retryIteration" value="0" />
                <property name="repeatIteration" value="0" />
              </properties>
            </test-case>
          </test-suite>
          <test-suite type="TestFixture" id="1351" name="VFXTests" fullname="RIMA.Tests.VFXTests" classname="RIMA.Tests.VFXTests" runstate="Runnable" testcasecount="8" result="Passed" start-time="2026-05-18 11:54:15Z" end-time="2026-05-18 11:54:15Z" duration="0.003485" total="8" passed="8" failed="0" inconclusive="0" skipped="0" asserts="0">
            <properties />
            <test-case id="1352" name="HandGlowVFX_RequiresParticleSystem_AutoAdded" fullname="RIMA.Tests.VFXTests.HandGlowVFX_RequiresParticleSystem_AutoAdded" methodname="HandGlowVFX_RequiresParticleSystem_AutoAdded" classname="RIMA.Tests.VFXTests" runstate="Runnable" seed="1222857877" result="Passed" start-time="2026-05-18 11:54:15Z" end-time="2026-05-18 11:54:15Z" duration="0.000369" asserts="0">
              <properties>
                <property name="retryIteration" value="0" />
                <property name="repeatIteration" value="0" />
              </properties>
            </test-case>
            <test-case id="1355" name="HandGlowVFX_SetCastState_False_DoesNotThrow" fullname="RIMA.Tests.VFXTests.HandGlowVFX_SetCastState_False_DoesNotThrow" methodname="HandGlowVFX_SetCastState_False_DoesNotThrow" classname="RIMA.Tests.VFXTests" runstate="Runnable" seed="2123178916" result="Passed" start-time="2026-05-18 11:54:15Z" end-time="2026-05-18 11:54:15Z" duration="0.000440" asserts="0">
              <properties>
                <property name="retryIteration" value="0" />
                <property name="repeatIteration" value="0" />
              </properties>
            </test-case>
            <test-case id="1354" name="HandGlowVFX_SetCastState_True_DoesNotThrow" fullname="RIMA.Tests.VFXTests.HandGlowVFX_SetCastState_True_DoesNotThrow" methodname="HandGlowVFX_SetCastState_True_DoesNotThrow" classname="RIMA.Tests.VFXTests" runstate="Runnable" seed="1574324914" result="Passed" start-time="2026-05-18 11:54:15Z" end-time="2026-05-18 11:54:15Z" duration="0.000186" asserts="0">
              <properties>
                <property name="retryIteration" value="0" />
                <property name="repeatIteration" value="0" />
              </properties>
            </test-case>
            <test-case id="1353" name="HandGlowVFX_SetColor_DoesNotThrow" fullname="RIMA.Tests.VFXTests.HandGlowVFX_SetColor_DoesNotThrow" methodname="HandGlowVFX_SetColor_DoesNotThrow" classname="RIMA.Tests.VFXTests" runstate="Runnable" seed="1361376558" result="Passed" start-time="2026-05-18 11:54:15Z" end-time="2026-05-18 11:54:15Z" duration="0.000333" asserts="0">
              <properties>
                <property name="retryIteration" value="0" />
                <property name="repeatIteration" value="0" />
              </properties>
            </test-case>
            <test-case id="1356" name="RiftGlowVFX_RequiresParticleSystem_AutoAdded" fullname="RIMA.Tests.VFXTests.RiftGlowVFX_RequiresParticleSystem_AutoAdded" methodname="RiftGlowVFX_RequiresParticleSystem_AutoAdded" classname="RIMA.Tests.VFXTests" runstate="Runnable" seed="1007719540" result="Passed" start-time="2026-05-18 11:54:15Z" end-time="2026-05-18 11:54:15Z" duration="0.000226" asserts="0">
              <properties>
                <property name="retryIteration" value="0" />
                <property name="repeatIteration" value="0" />
              </properties>
            </test-case>
            <test-case id="1359" name="RiftGlowVFX_SetCastState_False_DoesNotThrow" fullname="RIMA.Tests.VFXTests.RiftGlowVFX_SetCastState_False_DoesNotThrow" methodname="RiftGlowVFX_SetCastState_False_DoesNotThrow" classname="RIMA.Tests.VFXTests" runstate="Runnable" seed="778038200" result="Passed" start-time="2026-05-18 11:54:15Z" end-time="2026-05-18 11:54:15Z" duration="0.000313" asserts="0">
              <properties>
                <property name="retryIteration" value="0" />
                <property name="repeatIteration" value="0" />
              </properties>
            </test-case>
            <test-case id="1358" name="RiftGlowVFX_SetCastState_True_DoesNotThrow" fullname="RIMA.Tests.VFXTests.RiftGlowVFX_SetCastState_True_DoesNotThrow" methodname="RiftGlowVFX_SetCastState_True_DoesNotThrow" classname="RIMA.Tests.VFXTests" runstate="Runnable" seed="847382015" result="Passed" start-time="2026-05-18 11:54:15Z" end-time="2026-05-18 11:54:15Z" duration="0.000199" asserts="0">
              <properties>
                <property name="retryIteration" value="0" />
                <property name="repeatIteration" value="0" />
              </properties>
            </test-case>
            <test-case id="1357" name="RiftGlowVFX_SetColor_DoesNotThrow" fullname="RIMA.Tests.VFXTests.RiftGlowVFX_SetColor_DoesNotThrow" methodname="RiftGlowVFX_SetColor_DoesNotThrow" classname="RIMA.Tests.VFXTests" runstate="Runnable" seed="128013987" result="Passed" start-time="2026-05-18 11:54:15Z" end-time="2026-05-18 11:54:15Z" duration="0.000469" asserts="0">
              <properties>
                <property name="retryIteration" value="0" />
                <property name="repeatIteration" value="0" />
              </properties>
              <output><![CDATA[<b><color=#2EA3FF>MCP-FOR-UNITY</color></b>: [TestRunnerNoThrottle] Restored Interaction Mode after test run.
Saving results to: C:/Users/ydbil/AppData/LocalLow/DefaultCompany/RIMA\TestResults.xml
]]></output>
            </test-case>
          </test-suite>
        </test-suite>
      </test-suite>
    </test-suite>
  </test-suite>
</test-run>