<?xml version="1.0" encoding="utf-8"?>
<test-run id="2" testcasecount="365" result="Passed" total="365" passed="364" failed="0" inconclusive="1" skipped="0" asserts="0" engine-version="3.5.0.0" clr-version="4.0.30319.42000" start-time="2026-05-18 02:42:47Z" end-time="2026-05-18 02:42:56Z" duration="8,435286">
  <test-suite type="TestSuite" id="1000" name="RIMA" fullname="RIMA" runstate="Runnable" testcasecount="365" result="Passed" start-time="2026-05-18 02:42:47Z" end-time="2026-05-18 02:42:56Z" duration="8.435286" total="365" passed="364" failed="0" inconclusive="1" skipped="0" asserts="0">
    <properties>
      <property name="platform" value="EditMode" />
    </properties>
    <test-suite type="Assembly" id="1091" name="RIMA.Brush.Tests.dll" fullname="F:/Antigravity Projeler/2d roguelite/RIMA/Library/ScriptAssemblies/RIMA.Brush.Tests.dll" runstate="Runnable" testcasecount="75" result="Passed" start-time="2026-05-18 02:42:47Z" end-time="2026-05-18 02:42:49Z" duration="1.657305" total="75" passed="75" failed="0" inconclusive="0" skipped="0" asserts="0">
      <properties>
        <property name="_PID" value="16704" />
        <property name="_APPDOMAIN" value="Unity Child Domain" />
        <property name="platform" value="EditMode" />
        <property name="EditorOnly" value="True" />
      </properties>
      <test-suite type="TestSuite" id="1092" name="RIMA" fullname="RIMA" runstate="Runnable" testcasecount="75" result="Passed" start-time="2026-05-18 02:42:47Z" end-time="2026-05-18 02:42:49Z" duration="1.656601" total="75" passed="75" failed="0" inconclusive="0" skipped="0" asserts="0">
        <properties />
        <test-suite type="TestSuite" id="1095" name="MapDesigner" fullname="RIMA.MapDesigner" runstate="Runnable" testcasecount="25" result="Passed" start-time="2026-05-18 02:42:47Z" end-time="2026-05-18 02:42:49Z" duration="1.475542" total="25" passed="25" failed="0" inconclusive="0" skipped="0" asserts="0">
          <properties />
          <test-suite type="TestSuite" id="1096" name="Brush" fullname="RIMA.MapDesigner.Brush" runstate="Runnable" testcasecount="25" result="Passed" start-time="2026-05-18 02:42:47Z" end-time="2026-05-18 02:42:49Z" duration="1.475331" total="25" passed="25" failed="0" inconclusive="0" skipped="0" asserts="0">
            <properties />
            <test-suite type="TestSuite" id="1097" name="Tests" fullname="RIMA.MapDesigner.Brush.Tests" runstate="Runnable" testcasecount="25" result="Passed" start-time="2026-05-18 02:42:47Z" end-time="2026-05-18 02:42:49Z" duration="1.475072" total="25" passed="25" failed="0" inconclusive="0" skipped="0" asserts="0">
              <properties />
              <test-suite type="TestFixture" id="1061" name="AssetPoolMigrationTests" fullname="RIMA.MapDesigner.Brush.Tests.AssetPoolMigrationTests" classname="RIMA.MapDesigner.Brush.Tests.AssetPoolMigrationTests" runstate="Runnable" testcasecount="4" result="Passed" start-time="2026-05-18 02:42:47Z" end-time="2026-05-18 02:42:47Z" duration="0.017968" total="4" passed="4" failed="0" inconclusive="0" skipped="0" asserts="0">
                <properties />
                <test-case id="1064" name="EmptyPool_ReturnsNull" fullname="RIMA.MapDesigner.Brush.Tests.AssetPoolMigrationTests.EmptyPool_ReturnsNull" methodname="EmptyPool_ReturnsNull" classname="RIMA.MapDesigner.Brush.Tests.AssetPoolMigrationTests" runstate="Runnable" seed="1030274673" result="Passed" start-time="2026-05-18 02:42:47Z" end-time="2026-05-18 02:42:47Z" duration="0.004518" asserts="0">
                  <properties>
                    <property name="retryIteration" value="0" />
                    <property name="repeatIteration" value="0" />
                  </properties>
                </test-case>
                <test-case id="1062" name="LegacySprites_StillReadable" fullname="RIMA.MapDesigner.Brush.Tests.AssetPoolMigrationTests.LegacySprites_StillReadable" methodname="LegacySprites_StillReadable" classname="RIMA.MapDesigner.Brush.Tests.AssetPoolMigrationTests" runstate="Runnable" seed="1987518159" result="Passed" start-time="2026-05-18 02:42:47Z" end-time="2026-05-18 02:42:47Z" duration="0.002712" asserts="0">
                  <properties>
                    <property name="retryIteration" value="0" />
                    <property name="repeatIteration" value="0" />
                  </properties>
                </test-case>
                <test-case id="1065" name="PickVariant_BucketAware" fullname="RIMA.MapDesigner.Brush.Tests.AssetPoolMigrationTests.PickVariant_BucketAware" methodname="PickVariant_BucketAware" classname="RIMA.MapDesigner.Brush.Tests.AssetPoolMigrationTests" runstate="Runnable" seed="139798880" result="Passed" start-time="2026-05-18 02:42:47Z" end-time="2026-05-18 02:42:47Z" duration="0.003148" asserts="0">
                  <properties>
                    <property name="retryIteration" value="0" />
                    <property name="repeatIteration" value="0" />
                  </properties>
                </test-case>
                <test-case id="1063" name="VariantsPath_PreferredOverLegacy" fullname="RIMA.MapDesigner.Brush.Tests.AssetPoolMigrationTests.VariantsPath_PreferredOverLegacy" methodname="VariantsPath_PreferredOverLegacy" classname="RIMA.MapDesigner.Brush.Tests.AssetPoolMigrationTests" runstate="Runnable" seed="1465533718" result="Passed" start-time="2026-05-18 02:42:47Z" end-time="2026-05-18 02:42:47Z" duration="0.000444" asserts="0">
                  <properties>
                    <property name="retryIteration" value="0" />
                    <property name="repeatIteration" value="0" />
                  </properties>
                </test-case>
              </test-suite>
              <test-suite type="TestFixture" id="1066" name="BrushAtlasImporterTests" fullname="RIMA.MapDesigner.Brush.Tests.BrushAtlasImporterTests" classname="RIMA.MapDesigner.Brush.Tests.BrushAtlasImporterTests" runstate="Runnable" testcasecount="4" result="Passed" start-time="2026-05-18 02:42:47Z" end-time="2026-05-18 02:42:49Z" duration="1.237555" total="4" passed="4" failed="0" inconclusive="0" skipped="0" asserts="0">
                <properties />
                <test-case id="1068" name="Import_PreservesAssetGuid_OnReimport" fullname="RIMA.MapDesigner.Brush.Tests.BrushAtlasImporterTests.Import_PreservesAssetGuid_OnReimport" methodname="Import_PreservesAssetGuid_OnReimport" classname="RIMA.MapDesigner.Brush.Tests.BrushAtlasImporterTests" runstate="Runnable" seed="280722779" result="Passed" start-time="2026-05-18 02:42:47Z" end-time="2026-05-18 02:42:48Z" duration="0.494014" asserts="0">
                  <properties>
                    <property name="retryIteration" value="0" />
                    <property name="repeatIteration" value="0" />
                  </properties>
                </test-case>
                <test-case id="1067" name="Import_ProducesVariants_NoRuntimeScale" fullname="RIMA.MapDesigner.Brush.Tests.BrushAtlasImporterTests.Import_ProducesVariants_NoRuntimeScale" methodname="Import_ProducesVariants_NoRuntimeScale" classname="RIMA.MapDesigner.Brush.Tests.BrushAtlasImporterTests" runstate="Runnable" seed="156138528" result="Passed" start-time="2026-05-18 02:42:48Z" end-time="2026-05-18 02:42:48Z" duration="0.282984" asserts="0">
                  <properties>
                    <property name="retryIteration" value="0" />
                    <property name="repeatIteration" value="0" />
                  </properties>
                </test-case>
                <test-case id="1069" name="Import_WangAware_ParsesTilesetDataNested" fullname="RIMA.MapDesigner.Brush.Tests.BrushAtlasImporterTests.Import_WangAware_ParsesTilesetDataNested" methodname="Import_WangAware_ParsesTilesetDataNested" classname="RIMA.MapDesigner.Brush.Tests.BrushAtlasImporterTests" runstate="Runnable" seed="1856180179" result="Passed" start-time="2026-05-18 02:42:48Z" end-time="2026-05-18 02:42:48Z" duration="0.300576" asserts="0">
                  <properties>
                    <property name="retryIteration" value="0" />
                    <property name="repeatIteration" value="0" />
                  </properties>
                </test-case>
                <test-case id="1070" name="Import_WrongPath_ReturnsError" fullname="RIMA.MapDesigner.Brush.Tests.BrushAtlasImporterTests.Import_WrongPath_ReturnsError" methodname="Import_WrongPath_ReturnsError" classname="RIMA.MapDesigner.Brush.Tests.BrushAtlasImporterTests" runstate="Runnable" seed="1049268108" result="Passed" start-time="2026-05-18 02:42:48Z" end-time="2026-05-18 02:42:49Z" duration="0.158482" asserts="0">
                  <properties>
                    <property name="retryIteration" value="0" />
                    <property name="repeatIteration" value="0" />
                  </properties>
                </test-case>
              </test-suite>
              <test-suite type="TestFixture" id="1071" name="BrushAtlasValidatorTests" fullname="RIMA.MapDesigner.Brush.Tests.BrushAtlasValidatorTests" classname="RIMA.MapDesigner.Brush.Tests.BrushAtlasValidatorTests" runstate="Runnable" testcasecount="5" result="Passed" start-time="2026-05-18 02:42:49Z" end-time="2026-05-18 02:42:49Z" duration="0.003387" total="5" passed="5" failed="0" inconclusive="0" skipped="0" asserts="0">
                <properties />
                <test-case id="1072" name="DetectsDuplicateVariantId" fullname="RIMA.MapDesigner.Brush.Tests.BrushAtlasValidatorTests.DetectsDuplicateVariantId" methodname="DetectsDuplicateVariantId" classname="RIMA.MapDesigner.Brush.Tests.BrushAtlasValidatorTests" runstate="Runnable" seed="181967918" result="Passed" start-time="2026-05-18 02:42:49Z" end-time="2026-05-18 02:42:49Z" duration="0.000689" asserts="0">
                  <properties>
                    <property name="retryIteration" value="0" />
                    <property name="repeatIteration" value="0" />
                  </properties>
                </test-case>
                <test-case id="1073" name="DetectsZeroWeight" fullname="RIMA.MapDesigner.Brush.Tests.BrushAtlasValidatorTests.DetectsZeroWeight" methodname="DetectsZeroWeight" classname="RIMA.MapDesigner.Brush.Tests.BrushAtlasValidatorTests" runstate="Runnable" seed="577242596" result="Passed" start-time="2026-05-18 02:42:49Z" end-time="2026-05-18 02:42:49Z" duration="0.000331" asserts="0">
                  <properties>
                    <property name="retryIteration" value="0" />
                    <property name="repeatIteration" value="0" />
                  </properties>
                </test-case>
                <test-case id="1074" name="EmitsInfoCounts" fullname="RIMA.MapDesigner.Brush.Tests.BrushAtlasValidatorTests.EmitsInfoCounts" methodname="EmitsInfoCounts" classname="RIMA.MapDesigner.Brush.Tests.BrushAtlasValidatorTests" runstate="Runnable" seed="898613572" result="Passed" start-time="2026-05-18 02:42:49Z" end-time="2026-05-18 02:42:49Z" duration="0.000335" asserts="0">
                  <properties>
                    <property name="retryIteration" value="0" />
                    <property name="repeatIteration" value="0" />
                  </properties>
                </test-case>
                <test-case id="1076" name="MasterSizeMismatch_ReturnsError" fullname="RIMA.MapDesigner.Brush.Tests.BrushAtlasValidatorTests.MasterSizeMismatch_ReturnsError" methodname="MasterSizeMismatch_ReturnsError" classname="RIMA.MapDesigner.Brush.Tests.BrushAtlasValidatorTests" runstate="Runnable" seed="569154026" result="Passed" start-time="2026-05-18 02:42:49Z" end-time="2026-05-18 02:42:49Z" duration="0.000415" asserts="0">
                  <properties>
                    <property name="retryIteration" value="0" />
                    <property name="repeatIteration" value="0" />
                  </properties>
                </test-case>
                <test-case id="1075" name="NullPool_ReturnsError" fullname="RIMA.MapDesigner.Brush.Tests.BrushAtlasValidatorTests.NullPool_ReturnsError" methodname="NullPool_ReturnsError" classname="RIMA.MapDesigner.Brush.Tests.BrushAtlasValidatorTests" runstate="Runnable" seed="1733431685" result="Passed" start-time="2026-05-18 02:42:49Z" end-time="2026-05-18 02:42:49Z" duration="0.000197" asserts="0">
                  <properties>
                    <property name="retryIteration" value="0" />
                    <property name="repeatIteration" value="0" />
                  </properties>
                </test-case>
              </test-suite>
              <test-suite type="TestFixture" id="1077" name="BrushRadiusProfileTests" fullname="RIMA.MapDesigner.Brush.Tests.BrushRadiusProfileTests" classname="RIMA.MapDesigner.Brush.Tests.BrushRadiusProfileTests" runstate="Runnable" testcasecount="5" result="Passed" start-time="2026-05-18 02:42:49Z" end-time="2026-05-18 02:42:49Z" duration="0.001870" total="5" passed="5" failed="0" inconclusive="0" skipped="0" asserts="0">
                <properties />
                <test-case id="1082" name="Radius_OutOfRange_Empty" fullname="RIMA.MapDesigner.Brush.Tests.BrushRadiusProfileTests.Radius_OutOfRange_Empty" methodname="Radius_OutOfRange_Empty" classname="RIMA.MapDesigner.Brush.Tests.BrushRadiusProfileTests" runstate="Runnable" seed="1655446851" result="Passed" start-time="2026-05-18 02:42:49Z" end-time="2026-05-18 02:42:49Z" duration="0.000148" asserts="0">
                  <properties>
                    <property name="retryIteration" value="0" />
                    <property name="repeatIteration" value="0" />
                  </properties>
                </test-case>
                <test-case id="1078" name="Radius1_AllMicro" fullname="RIMA.MapDesigner.Brush.Tests.BrushRadiusProfileTests.Radius1_AllMicro" methodname="Radius1_AllMicro" classname="RIMA.MapDesigner.Brush.Tests.BrushRadiusProfileTests" runstate="Runnable" seed="1559087824" result="Passed" start-time="2026-05-18 02:42:49Z" end-time="2026-05-18 02:42:49Z" duration="0.000616" asserts="0">
                  <properties>
                    <property name="retryIteration" value="0" />
                    <property name="repeatIteration" value="0" />
                  </properties>
                </test-case>
                <test-case id="1081" name="Radius10_AllHero" fullname="RIMA.MapDesigner.Brush.Tests.BrushRadiusProfileTests.Radius10_AllHero" methodname="Radius10_AllHero" classname="RIMA.MapDesigner.Brush.Tests.BrushRadiusProfileTests" runstate="Runnable" seed="409041969" result="Passed" start-time="2026-05-18 02:42:49Z" end-time="2026-05-18 02:42:49Z" duration="0.000134" asserts="0">
                  <properties>
                    <property name="retryIteration" value="0" />
                    <property name="repeatIteration" value="0" />
                  </properties>
                </test-case>
                <test-case id="1079" name="Radius4_SmallMedium_5050" fullname="RIMA.MapDesigner.Brush.Tests.BrushRadiusProfileTests.Radius4_SmallMedium_5050" methodname="Radius4_SmallMedium_5050" classname="RIMA.MapDesigner.Brush.Tests.BrushRadiusProfileTests" runstate="Runnable" seed="886244646" result="Passed" start-time="2026-05-18 02:42:49Z" end-time="2026-05-18 02:42:49Z" duration="0.000112" asserts="0">
                  <properties>
                    <property name="retryIteration" value="0" />
                    <property name="repeatIteration" value="0" />
                  </properties>
                </test-case>
                <test-case id="1080" name="Radius8_LargeHero_6040" fullname="RIMA.MapDesigner.Brush.Tests.BrushRadiusProfileTests.Radius8_LargeHero_6040" methodname="Radius8_LargeHero_6040" classname="RIMA.MapDesigner.Brush.Tests.BrushRadiusProfileTests" runstate="Runnable" seed="983451925" result="Passed" start-time="2026-05-18 02:42:49Z" end-time="2026-05-18 02:42:49Z" duration="0.000094" asserts="0">
                  <properties>
                    <property name="retryIteration" value="0" />
                    <property name="repeatIteration" value="0" />
                  </properties>
                </test-case>
              </test-suite>
              <test-suite type="TestFixture" id="1083" name="BrushWindowTests" fullname="RIMA.MapDesigner.Brush.Tests.BrushWindowTests" classname="RIMA.MapDesigner.Brush.Tests.BrushWindowTests" runstate="Runnable" testcasecount="7" result="Passed" start-time="2026-05-18 02:42:49Z" end-time="2026-05-18 02:42:49Z" duration="0.213333" total="7" passed="7" failed="0" inconclusive="0" skipped="0" asserts="0">
                <properties />
                <test-case id="1086" name="AdjustBrushSize_ChangesSize" fullname="RIMA.MapDesigner.Brush.Tests.BrushWindowTests.AdjustBrushSize_ChangesSize" methodname="AdjustBrushSize_ChangesSize" classname="RIMA.MapDesigner.Brush.Tests.BrushWindowTests" runstate="Runnable" seed="1727447138" result="Passed" start-time="2026-05-18 02:42:49Z" end-time="2026-05-18 02:42:49Z" duration="0.095081" asserts="0">
                  <properties>
                    <property name="retryIteration" value="0" />
                    <property name="repeatIteration" value="0" />
                  </properties>
                </test-case>
                <test-case id="1087" name="AdjustBrushSize_Clamped" fullname="RIMA.MapDesigner.Brush.Tests.BrushWindowTests.AdjustBrushSize_Clamped" methodname="AdjustBrushSize_Clamped" classname="RIMA.MapDesigner.Brush.Tests.BrushWindowTests" runstate="Runnable" seed="1597515284" result="Passed" start-time="2026-05-18 02:42:49Z" end-time="2026-05-18 02:42:49Z" duration="0.017351" asserts="0">
                  <properties>
                    <property name="retryIteration" value="0" />
                    <property name="repeatIteration" value="0" />
                  </properties>
                </test-case>
                <test-case id="1090" name="GetCurrent_ReturnsActiveWindow" fullname="RIMA.MapDesigner.Brush.Tests.BrushWindowTests.GetCurrent_ReturnsActiveWindow" methodname="GetCurrent_ReturnsActiveWindow" classname="RIMA.MapDesigner.Brush.Tests.BrushWindowTests" runstate="Runnable" seed="89079274" result="Passed" start-time="2026-05-18 02:42:49Z" end-time="2026-05-18 02:42:49Z" duration="0.019487" asserts="0">
                  <properties>
                    <property name="retryIteration" value="0" />
                    <property name="repeatIteration" value="0" />
                  </properties>
                </test-case>
                <test-case id="1089" name="SelectBrushBySlot_FindsByHotkeyIndex" fullname="RIMA.MapDesigner.Brush.Tests.BrushWindowTests.SelectBrushBySlot_FindsByHotkeyIndex" methodname="SelectBrushBySlot_FindsByHotkeyIndex" classname="RIMA.MapDesigner.Brush.Tests.BrushWindowTests" runstate="Runnable" seed="551322740" result="Passed" start-time="2026-05-18 02:42:49Z" end-time="2026-05-18 02:42:49Z" duration="0.018787" asserts="0">
                  <properties>
                    <property name="retryIteration" value="0" />
                    <property name="repeatIteration" value="0" />
                  </properties>
                </test-case>
                <test-case id="1088" name="SetBrush_UpdatesSelection" fullname="RIMA.MapDesigner.Brush.Tests.BrushWindowTests.SetBrush_UpdatesSelection" methodname="SetBrush_UpdatesSelection" classname="RIMA.MapDesigner.Brush.Tests.BrushWindowTests" runstate="Runnable" seed="1076409974" result="Passed" start-time="2026-05-18 02:42:49Z" end-time="2026-05-18 02:42:49Z" duration="0.021728" asserts="0">
                  <properties>
                    <property name="retryIteration" value="0" />
                    <property name="repeatIteration" value="0" />
                  </properties>
                </test-case>
                <test-case id="1085" name="SetMode_ChangesToolMode" fullname="RIMA.MapDesigner.Brush.Tests.BrushWindowTests.SetMode_ChangesToolMode" methodname="SetMode_ChangesToolMode" classname="RIMA.MapDesigner.Brush.Tests.BrushWindowTests" runstate="Runnable" seed="1207918795" result="Passed" start-time="2026-05-18 02:42:49Z" end-time="2026-05-18 02:42:49Z" duration="0.019719" asserts="0">
                  <properties>
                    <property name="retryIteration" value="0" />
                    <property name="repeatIteration" value="0" />
                  </properties>
                </test-case>
                <test-case id="1084" name="WindowOpens_NoExceptions" fullname="RIMA.MapDesigner.Brush.Tests.BrushWindowTests.WindowOpens_NoExceptions" methodname="WindowOpens_NoExceptions" classname="RIMA.MapDesigner.Brush.Tests.BrushWindowTests" runstate="Runnable" seed="551371923" result="Passed" start-time="2026-05-18 02:42:49Z" end-time="2026-05-18 02:42:49Z" duration="0.019809" asserts="0">
                  <properties>
                    <property name="retryIteration" value="0" />
                    <property name="repeatIteration" value="0" />
                  </properties>
                </test-case>
              </test-suite>
            </test-suite>
          </test-suite>
        </test-suite>
        <test-suite type="TestSuite" id="1093" name="Tests" fullname="RIMA.Tests" runstate="Runnable" testcasecount="50" result="Passed" start-time="2026-05-18 02:42:49Z" end-time="2026-05-18 02:42:49Z" duration="0.180547" total="50" passed="50" failed="0" inconclusive="0" skipped="0" asserts="0">
          <properties />
          <test-suite type="TestSuite" id="1094" name="Brush" fullname="RIMA.Tests.Brush" runstate="Runnable" testcasecount="50" result="Passed" start-time="2026-05-18 02:42:49Z" end-time="2026-05-18 02:42:49Z" duration="0.162267" total="50" passed="50" failed="0" inconclusive="0" skipped="0" asserts="0">
            <properties />
            <test-suite type="TestFixture" id="1002" name="BiomeSkinTests" fullname="RIMA.Tests.Brush.BiomeSkinTests" classname="RIMA.Tests.Brush.BiomeSkinTests" runstate="Runnable" testcasecount="5" result="Passed" start-time="2026-05-18 02:42:49Z" end-time="2026-05-18 02:42:49Z" duration="0.011343" total="5" passed="5" failed="0" inconclusive="0" skipped="0" asserts="0">
              <properties />
              <test-case id="1004" name="ApplySkin_EmptyRules_ReturnsZero" fullname="RIMA.Tests.Brush.BiomeSkinTests.ApplySkin_EmptyRules_ReturnsZero" methodname="ApplySkin_EmptyRules_ReturnsZero" classname="RIMA.Tests.Brush.BiomeSkinTests" runstate="Runnable" seed="1401181661" result="Passed" start-time="2026-05-18 02:42:49Z" end-time="2026-05-18 02:42:49Z" duration="0.001379" asserts="0">
                <properties>
                  <property name="retryIteration" value="0" />
                  <property name="repeatIteration" value="0" />
                </properties>
              </test-case>
              <test-case id="1007" name="ApplySkin_LoadsAllFourDefaultSkins" fullname="RIMA.Tests.Brush.BiomeSkinTests.ApplySkin_LoadsAllFourDefaultSkins" methodname="ApplySkin_LoadsAllFourDefaultSkins" classname="RIMA.Tests.Brush.BiomeSkinTests" runstate="Runnable" seed="1452790805" result="Passed" start-time="2026-05-18 02:42:49Z" end-time="2026-05-18 02:42:49Z" duration="0.001674" asserts="0">
                <properties>
                  <property name="retryIteration" value="0" />
                  <property name="repeatIteration" value="0" />
                </properties>
              </test-case>
              <test-case id="1003" name="ApplySkin_NullSkin_ReturnsZero" fullname="RIMA.Tests.Brush.BiomeSkinTests.ApplySkin_NullSkin_ReturnsZero" methodname="ApplySkin_NullSkin_ReturnsZero" classname="RIMA.Tests.Brush.BiomeSkinTests" runstate="Runnable" seed="1625872603" result="Passed" start-time="2026-05-18 02:42:49Z" end-time="2026-05-18 02:42:49Z" duration="0.000095" asserts="0">
                <properties>
                  <property name="retryIteration" value="0" />
                  <property name="repeatIteration" value="0" />
                </properties>
              </test-case>
              <test-case id="1006" name="ApplySkin_RemembersLastApplied" fullname="RIMA.Tests.Brush.BiomeSkinTests.ApplySkin_RemembersLastApplied" methodname="ApplySkin_RemembersLastApplied" classname="RIMA.Tests.Brush.BiomeSkinTests" runstate="Runnable" seed="714798940" result="Passed" start-time="2026-05-18 02:42:49Z" end-time="2026-05-18 02:42:49Z" duration="0.000652" asserts="0">
                <properties>
                  <property name="retryIteration" value="0" />
                  <property name="repeatIteration" value="0" />
                </properties>
              </test-case>
              <test-case id="1005" name="ApplySkin_TouchesSpriteRenderers" fullname="RIMA.Tests.Brush.BiomeSkinTests.ApplySkin_TouchesSpriteRenderers" methodname="ApplySkin_TouchesSpriteRenderers" classname="RIMA.Tests.Brush.BiomeSkinTests" runstate="Runnable" seed="922660529" result="Passed" start-time="2026-05-18 02:42:49Z" end-time="2026-05-18 02:42:49Z" duration="0.004472" asserts="0">
                <properties>
                  <property name="retryIteration" value="0" />
                  <property name="repeatIteration" value="0" />
                </properties>
              </test-case>
            </test-suite>
            <test-suite type="TestFixture" id="1008" name="BrushAutomationTests" fullname="RIMA.Tests.Brush.BrushAutomationTests" classname="RIMA.Tests.Brush.BrushAutomationTests" runstate="Runnable" testcasecount="7" result="Passed" start-time="2026-05-18 02:42:49Z" end-time="2026-05-18 02:42:49Z" duration="0.010140" total="7" passed="7" failed="0" inconclusive="0" skipped="0" asserts="0">
              <properties />
              <test-case id="1010" name="AutoDress_EmptyPack_ReturnsFailure" fullname="RIMA.Tests.Brush.BrushAutomationTests.AutoDress_EmptyPack_ReturnsFailure" methodname="AutoDress_EmptyPack_ReturnsFailure" classname="RIMA.Tests.Brush.BrushAutomationTests" runstate="Runnable" seed="935570671" result="Passed" start-time="2026-05-18 02:42:49Z" end-time="2026-05-18 02:42:49Z" duration="0.000987" asserts="0">
                <properties>
                  <property name="retryIteration" value="0" />
                  <property name="repeatIteration" value="0" />
                </properties>
              </test-case>
              <test-case id="1009" name="AutoDress_NullPack_ReturnsFailure" fullname="RIMA.Tests.Brush.BrushAutomationTests.AutoDress_NullPack_ReturnsFailure" methodname="AutoDress_NullPack_ReturnsFailure" classname="RIMA.Tests.Brush.BrushAutomationTests" runstate="Runnable" seed="1944755433" result="Passed" start-time="2026-05-18 02:42:49Z" end-time="2026-05-18 02:42:49Z" duration="0.000099" asserts="0">
                <properties>
                  <property name="retryIteration" value="0" />
                  <property name="repeatIteration" value="0" />
                </properties>
              </test-case>
              <test-case id="1012" name="RegenerateDecorative_ClearLayerContainers_NoExceptionWhenAbsent" fullname="RIMA.Tests.Brush.BrushAutomationTests.RegenerateDecorative_ClearLayerContainers_NoExceptionWhenAbsent" methodname="RegenerateDecorative_ClearLayerContainers_NoExceptionWhenAbsent" classname="RIMA.Tests.Brush.BrushAutomationTests" runstate="Runnable" seed="134806694" result="Passed" start-time="2026-05-18 02:42:49Z" end-time="2026-05-18 02:42:49Z" duration="0.000680" asserts="0">
                <properties>
                  <property name="retryIteration" value="0" />
                  <property name="repeatIteration" value="0" />
                </properties>
              </test-case>
              <test-case id="1011" name="RegenerateDecorative_NullPack_DoesNotThrow" fullname="RIMA.Tests.Brush.BrushAutomationTests.RegenerateDecorative_NullPack_DoesNotThrow" methodname="RegenerateDecorative_NullPack_DoesNotThrow" classname="RIMA.Tests.Brush.BrushAutomationTests" runstate="Runnable" seed="1229172907" result="Passed" start-time="2026-05-18 02:42:49Z" end-time="2026-05-18 02:42:49Z" duration="0.000407" asserts="0">
                <properties>
                  <property name="retryIteration" value="0" />
                  <property name="repeatIteration" value="0" />
                </properties>
              </test-case>
              <test-case id="1014" name="SmartFill_BrushWithoutOperations_ReturnsFailure" fullname="RIMA.Tests.Brush.BrushAutomationTests.SmartFill_BrushWithoutOperations_ReturnsFailure" methodname="SmartFill_BrushWithoutOperations_ReturnsFailure" classname="RIMA.Tests.Brush.BrushAutomationTests" runstate="Runnable" seed="259799785" result="Passed" start-time="2026-05-18 02:42:49Z" end-time="2026-05-18 02:42:49Z" duration="0.000728" asserts="0">
                <properties>
                  <property name="retryIteration" value="0" />
                  <property name="repeatIteration" value="0" />
                </properties>
              </test-case>
              <test-case id="1015" name="SmartFill_ClampsSelectionToRoomBounds" fullname="RIMA.Tests.Brush.BrushAutomationTests.SmartFill_ClampsSelectionToRoomBounds" methodname="SmartFill_ClampsSelectionToRoomBounds" classname="RIMA.Tests.Brush.BrushAutomationTests" runstate="Runnable" seed="76905621" result="Passed" start-time="2026-05-18 02:42:49Z" end-time="2026-05-18 02:42:49Z" duration="0.001591" asserts="0">
                <properties>
                  <property name="retryIteration" value="0" />
                  <property name="repeatIteration" value="0" />
                </properties>
              </test-case>
              <test-case id="1013" name="SmartFill_NullBrush_ReturnsFailure" fullname="RIMA.Tests.Brush.BrushAutomationTests.SmartFill_NullBrush_ReturnsFailure" methodname="SmartFill_NullBrush_ReturnsFailure" classname="RIMA.Tests.Brush.BrushAutomationTests" runstate="Runnable" seed="955424451" result="Passed" start-time="2026-05-18 02:42:49Z" end-time="2026-05-18 02:42:49Z" duration="0.000103" asserts="0">
                <properties>
                  <property name="retryIteration" value="0" />
                  <property name="repeatIteration" value="0" />
                </properties>
              </test-case>
            </test-suite>
            <test-suite type="TestFixture" id="1016" name="BrushCompositeTests" fullname="RIMA.Tests.Brush.BrushCompositeTests" classname="RIMA.Tests.Brush.BrushCompositeTests" runstate="Runnable" testcasecount="5" result="Passed" start-time="2026-05-18 02:42:49Z" end-time="2026-05-18 02:42:49Z" duration="0.012482" total="5" passed="5" failed="0" inconclusive="0" skipped="0" asserts="0">
              <properties />
              <test-case id="1017" name="Composite_FiresAllOperations" fullname="RIMA.Tests.Brush.BrushCompositeTests.Composite_FiresAllOperations" methodname="Composite_FiresAllOperations" classname="RIMA.Tests.Brush.BrushCompositeTests" runstate="Runnable" seed="1331439912" result="Passed" start-time="2026-05-18 02:42:49Z" end-time="2026-05-18 02:42:49Z" duration="0.002024" asserts="0">
                <properties>
                  <property name="retryIteration" value="0" />
                  <property name="repeatIteration" value="0" />
                </properties>
              </test-case>
              <test-case id="1018" name="Composite_RespectsProbabilityGate" fullname="RIMA.Tests.Brush.BrushCompositeTests.Composite_RespectsProbabilityGate" methodname="Composite_RespectsProbabilityGate" classname="RIMA.Tests.Brush.BrushCompositeTests" runstate="Runnable" seed="45814823" result="Passed" start-time="2026-05-18 02:42:49Z" end-time="2026-05-18 02:42:49Z" duration="0.000511" asserts="0">
                <properties>
                  <property name="retryIteration" value="0" />
                  <property name="repeatIteration" value="0" />
                </properties>
              </test-case>
              <test-case id="1019" name="Composite_SingleUndoGroup" fullname="RIMA.Tests.Brush.BrushCompositeTests.Composite_SingleUndoGroup" methodname="Composite_SingleUndoGroup" classname="RIMA.Tests.Brush.BrushCompositeTests" runstate="Runnable" seed="36314311" result="Passed" start-time="2026-05-18 02:42:49Z" end-time="2026-05-18 02:42:49Z" duration="0.003993" asserts="0">
                <properties>
                  <property name="retryIteration" value="0" />
                  <property name="repeatIteration" value="0" />
                </properties>
              </test-case>
              <test-case id="1020" name="DefaultPack_AllBrushesValid" fullname="RIMA.Tests.Brush.BrushCompositeTests.DefaultPack_AllBrushesValid" methodname="DefaultPack_AllBrushesValid" classname="RIMA.Tests.Brush.BrushCompositeTests" runstate="Runnable" seed="1809364933" result="Passed" start-time="2026-05-18 02:42:49Z" end-time="2026-05-18 02:42:49Z" duration="0.004460" asserts="0">
                <properties>
                  <property name="retryIteration" value="0" />
                  <property name="repeatIteration" value="0" />
                </properties>
              </test-case>
              <test-case id="1021" name="DefaultPack_HotkeyUniqueness" fullname="RIMA.Tests.Brush.BrushCompositeTests.DefaultPack_HotkeyUniqueness" methodname="DefaultPack_HotkeyUniqueness" classname="RIMA.Tests.Brush.BrushCompositeTests" runstate="Runnable" seed="1787517953" result="Passed" start-time="2026-05-18 02:42:49Z" end-time="2026-05-18 02:42:49Z" duration="0.000752" asserts="0">
                <properties>
                  <property name="retryIteration" value="0" />
                  <property name="repeatIteration" value="0" />
                </properties>
              </test-case>
            </test-suite>
            <test-suite type="TestFixture" id="1022" name="BrushDataFirstExecutorTests" fullname="RIMA.Tests.Brush.BrushDataFirstExecutorTests" classname="RIMA.Tests.Brush.BrushDataFirstExecutorTests" runstate="Runnable" testcasecount="5" result="Passed" start-time="2026-05-18 02:42:49Z" end-time="2026-05-18 02:42:49Z" duration="0.018873" total="5" passed="5" failed="0" inconclusive="0" skipped="0" asserts="0">
              <properties />
              <test-case id="1027" name="Chunk_Renderer_Builds_Mesh_From_SO" fullname="RIMA.Tests.Brush.BrushDataFirstExecutorTests.Chunk_Renderer_Builds_Mesh_From_SO" methodname="Chunk_Renderer_Builds_Mesh_From_SO" classname="RIMA.Tests.Brush.BrushDataFirstExecutorTests" runstate="Runnable" seed="1976663748" result="Passed" start-time="2026-05-18 02:42:49Z" end-time="2026-05-18 02:42:49Z" duration="0.008655" asserts="0">
                <properties>
                  <property name="retryIteration" value="0" />
                  <property name="repeatIteration" value="0" />
                </properties>
              </test-case>
              <test-case id="1026" name="Flag_Off_Uses_Legacy_GameObject_Path" fullname="RIMA.Tests.Brush.BrushDataFirstExecutorTests.Flag_Off_Uses_Legacy_GameObject_Path" methodname="Flag_Off_Uses_Legacy_GameObject_Path" classname="RIMA.Tests.Brush.BrushDataFirstExecutorTests" runstate="Runnable" seed="997351346" result="Passed" start-time="2026-05-18 02:42:49Z" end-time="2026-05-18 02:42:49Z" duration="0.004297" asserts="0">
                <properties>
                  <property name="retryIteration" value="0" />
                  <property name="repeatIteration" value="0" />
                </properties>
                <output><![CDATA[[Brush V1 LEGACY] scaleRange applied for pool '-2086'. Set useNativeBucketVariantPath=true on the BrushLayerOperation to switch to native size variant path.
]]></output>
              </test-case>
              <test-case id="1023" name="FreeformDecalData_Appends_Placement_NotGameObject" fullname="RIMA.Tests.Brush.BrushDataFirstExecutorTests.FreeformDecalData_Appends_Placement_NotGameObject" methodname="FreeformDecalData_Appends_Placement_NotGameObject" classname="RIMA.Tests.Brush.BrushDataFirstExecutorTests" runstate="Runnable" seed="373663447" result="Passed" start-time="2026-05-18 02:42:49Z" end-time="2026-05-18 02:42:49Z" duration="0.001660" asserts="0">
                <properties>
                  <property name="retryIteration" value="0" />
                  <property name="repeatIteration" value="0" />
                </properties>
              </test-case>
              <test-case id="1024" name="ScatterAlongStrokeData_Samples_Along_Path" fullname="RIMA.Tests.Brush.BrushDataFirstExecutorTests.ScatterAlongStrokeData_Samples_Along_Path" methodname="ScatterAlongStrokeData_Samples_Along_Path" classname="RIMA.Tests.Brush.BrushDataFirstExecutorTests" runstate="Runnable" seed="595660555" result="Passed" start-time="2026-05-18 02:42:49Z" end-time="2026-05-18 02:42:49Z" duration="0.002070" asserts="0">
                <properties>
                  <property name="retryIteration" value="0" />
                  <property name="repeatIteration" value="0" />
                </properties>
              </test-case>
              <test-case id="1025" name="Seed_Determinism_Same_Seed_Same_Placements" fullname="RIMA.Tests.Brush.BrushDataFirstExecutorTests.Seed_Determinism_Same_Seed_Same_Placements" methodname="Seed_Determinism_Same_Seed_Same_Placements" classname="RIMA.Tests.Brush.BrushDataFirstExecutorTests" runstate="Runnable" seed="955065787" result="Passed" start-time="2026-05-18 02:42:49Z" end-time="2026-05-18 02:42:49Z" duration="0.000880" asserts="0">
                <properties>
                  <property name="retryIteration" value="0" />
                  <property name="repeatIteration" value="0" />
                </properties>
              </test-case>
            </test-suite>
            <test-suite type="TestFixture" id="1028" name="BrushDataTests" fullname="RIMA.Tests.Brush.BrushDataTests" classname="RIMA.Tests.Brush.BrushDataTests" runstate="Runnable" testcasecount="8" result="Passed" start-time="2026-05-18 02:42:49Z" end-time="2026-05-18 02:42:49Z" duration="0.005505" total="8" passed="8" failed="0" inconclusive="0" skipped="0" asserts="0">
              <properties />
              <test-case id="1030" name="AssetPoolSO_RoundTrip_Json" fullname="RIMA.Tests.Brush.BrushDataTests.AssetPoolSO_RoundTrip_Json" methodname="AssetPoolSO_RoundTrip_Json" classname="RIMA.Tests.Brush.BrushDataTests" runstate="Runnable" seed="2102762830" result="Passed" start-time="2026-05-18 02:42:49Z" end-time="2026-05-18 02:42:49Z" duration="0.001126" asserts="0">
                <properties>
                  <property name="retryIteration" value="0" />
                  <property name="repeatIteration" value="0" />
                </properties>
              </test-case>
              <test-case id="1032" name="BrushJsonSerializer_AnimationCurve_RoundTrip" fullname="RIMA.Tests.Brush.BrushDataTests.BrushJsonSerializer_AnimationCurve_RoundTrip" methodname="BrushJsonSerializer_AnimationCurve_RoundTrip" classname="RIMA.Tests.Brush.BrushDataTests" runstate="Runnable" seed="946612079" result="Passed" start-time="2026-05-18 02:42:49Z" end-time="2026-05-18 02:42:49Z" duration="0.000796" asserts="0">
                <properties>
                  <property name="retryIteration" value="0" />
                  <property name="repeatIteration" value="0" />
                </properties>
              </test-case>
              <test-case id="1035" name="BrushPackSO_PreservesOrder_OnRoundTrip" fullname="RIMA.Tests.Brush.BrushDataTests.BrushPackSO_PreservesOrder_OnRoundTrip" methodname="BrushPackSO_PreservesOrder_OnRoundTrip" classname="RIMA.Tests.Brush.BrushDataTests" runstate="Runnable" seed="1618362417" result="Passed" start-time="2026-05-18 02:42:49Z" end-time="2026-05-18 02:42:49Z" duration="0.000843" asserts="0">
                <properties>
                  <property name="retryIteration" value="0" />
                  <property name="repeatIteration" value="0" />
                </properties>
              </test-case>
              <test-case id="1036" name="CleanStoneFloor_RoundTrip_Json_FieldByField" fullname="RIMA.Tests.Brush.BrushDataTests.CleanStoneFloor_RoundTrip_Json_FieldByField" methodname="CleanStoneFloor_RoundTrip_Json_FieldByField" classname="RIMA.Tests.Brush.BrushDataTests" runstate="Runnable" seed="651291184" result="Passed" start-time="2026-05-18 02:42:49Z" end-time="2026-05-18 02:42:49Z" duration="0.000714" asserts="0">
                <properties>
                  <property name="retryIteration" value="0" />
                  <property name="repeatIteration" value="0" />
                </properties>
              </test-case>
              <test-case id="1029" name="DefaultValues_BrushLayerOperation" fullname="RIMA.Tests.Brush.BrushDataTests.DefaultValues_BrushLayerOperation" methodname="DefaultValues_BrushLayerOperation" classname="RIMA.Tests.Brush.BrushDataTests" runstate="Runnable" seed="37842377" result="Passed" start-time="2026-05-18 02:42:49Z" end-time="2026-05-18 02:42:49Z" duration="0.000112" asserts="0">
                <properties>
                  <property name="retryIteration" value="0" />
                  <property name="repeatIteration" value="0" />
                </properties>
              </test-case>
              <test-case id="1031" name="MapDesignerBrushPresetSO_Composite_HasThreeOperations" fullname="RIMA.Tests.Brush.BrushDataTests.MapDesignerBrushPresetSO_Composite_HasThreeOperations" methodname="MapDesignerBrushPresetSO_Composite_HasThreeOperations" classname="RIMA.Tests.Brush.BrushDataTests" runstate="Runnable" seed="1226159533" result="Passed" start-time="2026-05-18 02:42:49Z" end-time="2026-05-18 02:42:49Z" duration="0.000367" asserts="0">
                <properties>
                  <property name="retryIteration" value="0" />
                  <property name="repeatIteration" value="0" />
                </properties>
              </test-case>
              <test-case id="1033" name="SpritePathResolution_Existing_ReturnsSprite" fullname="RIMA.Tests.Brush.BrushDataTests.SpritePathResolution_Existing_ReturnsSprite" methodname="SpritePathResolution_Existing_ReturnsSprite" classname="RIMA.Tests.Brush.BrushDataTests" runstate="Runnable" seed="366092677" result="Passed" start-time="2026-05-18 02:42:49Z" end-time="2026-05-18 02:42:49Z" duration="0.000124" asserts="0">
                <properties>
                  <property name="retryIteration" value="0" />
                  <property name="repeatIteration" value="0" />
                </properties>
              </test-case>
              <test-case id="1034" name="SpritePathResolution_Missing_ReturnsNull" fullname="RIMA.Tests.Brush.BrushDataTests.SpritePathResolution_Missing_ReturnsNull" methodname="SpritePathResolution_Missing_ReturnsNull" classname="RIMA.Tests.Brush.BrushDataTests" runstate="Runnable" seed="1358454884" result="Passed" start-time="2026-05-18 02:42:49Z" end-time="2026-05-18 02:42:49Z" duration="0.000148" asserts="0">
                <properties>
                  <property name="retryIteration" value="0" />
                  <property name="repeatIteration" value="0" />
                </properties>
              </test-case>
            </test-suite>
            <test-suite type="TestFixture" id="1037" name="BrushDecorativeExecutorTests" fullname="RIMA.Tests.Brush.BrushDecorativeExecutorTests" classname="RIMA.Tests.Brush.BrushDecorativeExecutorTests" runstate="Runnable" testcasecount="8" result="Passed" start-time="2026-05-18 02:42:49Z" end-time="2026-05-18 02:42:49Z" duration="0.012973" total="8" passed="8" failed="0" inconclusive="0" skipped="0" asserts="0">
              <properties />
              <test-case id="1044" name="EraseAllDecorative_PreservesL1L2" fullname="RIMA.Tests.Brush.BrushDecorativeExecutorTests.EraseAllDecorative_PreservesL1L2" methodname="EraseAllDecorative_PreservesL1L2" classname="RIMA.Tests.Brush.BrushDecorativeExecutorTests" runstate="Runnable" seed="1162747613" result="Passed" start-time="2026-05-18 02:42:49Z" end-time="2026-05-18 02:42:49Z" duration="0.004417" asserts="0">
                <properties>
                  <property name="retryIteration" value="0" />
                  <property name="repeatIteration" value="0" />
                </properties>
              </test-case>
              <test-case id="1043" name="EraseByLayer_RemovesOnlyTargetLayer" fullname="RIMA.Tests.Brush.BrushDecorativeExecutorTests.EraseByLayer_RemovesOnlyTargetLayer" methodname="EraseByLayer_RemovesOnlyTargetLayer" classname="RIMA.Tests.Brush.BrushDecorativeExecutorTests" runstate="Runnable" seed="426362584" result="Passed" start-time="2026-05-18 02:42:49Z" end-time="2026-05-18 02:42:49Z" duration="0.001017" asserts="0">
                <properties>
                  <property name="retryIteration" value="0" />
                  <property name="repeatIteration" value="0" />
                </properties>
              </test-case>
              <test-case id="1038" name="FreeformDecal_PlacesOneSprite" fullname="RIMA.Tests.Brush.BrushDecorativeExecutorTests.FreeformDecal_PlacesOneSprite" methodname="FreeformDecal_PlacesOneSprite" classname="RIMA.Tests.Brush.BrushDecorativeExecutorTests" runstate="Runnable" seed="827845053" result="Passed" start-time="2026-05-18 02:42:49Z" end-time="2026-05-18 02:42:49Z" duration="0.001038" asserts="0">
                <properties>
                  <property name="retryIteration" value="0" />
                  <property name="repeatIteration" value="0" />
                </properties>
              </test-case>
              <test-case id="1039" name="FreeformDecal_SkipsNonWalkableCell" fullname="RIMA.Tests.Brush.BrushDecorativeExecutorTests.FreeformDecal_SkipsNonWalkableCell" methodname="FreeformDecal_SkipsNonWalkableCell" classname="RIMA.Tests.Brush.BrushDecorativeExecutorTests" runstate="Runnable" seed="1761118447" result="Passed" start-time="2026-05-18 02:42:49Z" end-time="2026-05-18 02:42:49Z" duration="0.000302" asserts="0">
                <properties>
                  <property name="retryIteration" value="0" />
                  <property name="repeatIteration" value="0" />
                </properties>
              </test-case>
              <test-case id="1041" name="Karar143E_EdgeBiasDensityMultiplier" fullname="RIMA.Tests.Brush.BrushDecorativeExecutorTests.Karar143E_EdgeBiasDensityMultiplier" methodname="Karar143E_EdgeBiasDensityMultiplier" classname="RIMA.Tests.Brush.BrushDecorativeExecutorTests" runstate="Runnable" seed="1285342229" result="Passed" start-time="2026-05-18 02:42:49Z" end-time="2026-05-18 02:42:49Z" duration="0.000194" asserts="0">
                <properties>
                  <property name="retryIteration" value="0" />
                  <property name="repeatIteration" value="0" />
                </properties>
              </test-case>
              <test-case id="1042" name="Karar143K_FeatureMaskMultiplier" fullname="RIMA.Tests.Brush.BrushDecorativeExecutorTests.Karar143K_FeatureMaskMultiplier" methodname="Karar143K_FeatureMaskMultiplier" classname="RIMA.Tests.Brush.BrushDecorativeExecutorTests" runstate="Runnable" seed="969388645" result="Passed" start-time="2026-05-18 02:42:49Z" end-time="2026-05-18 02:42:49Z" duration="0.000839" asserts="0">
                <properties>
                  <property name="retryIteration" value="0" />
                  <property name="repeatIteration" value="0" />
                </properties>
              </test-case>
              <test-case id="1040" name="ScatterAlongStroke_RespectsMinDistance" fullname="RIMA.Tests.Brush.BrushDecorativeExecutorTests.ScatterAlongStroke_RespectsMinDistance" methodname="ScatterAlongStroke_RespectsMinDistance" classname="RIMA.Tests.Brush.BrushDecorativeExecutorTests" runstate="Runnable" seed="2070597994" result="Passed" start-time="2026-05-18 02:42:49Z" end-time="2026-05-18 02:42:49Z" duration="0.003121" asserts="0">
                <properties>
                  <property name="retryIteration" value="0" />
                  <property name="repeatIteration" value="0" />
                </properties>
              </test-case>
              <test-case id="1045" name="WeightedAssetPick_RespectsWeights" fullname="RIMA.Tests.Brush.BrushDecorativeExecutorTests.WeightedAssetPick_RespectsWeights" methodname="WeightedAssetPick_RespectsWeights" classname="RIMA.Tests.Brush.BrushDecorativeExecutorTests" runstate="Runnable" seed="1328132380" result="Passed" start-time="2026-05-18 02:42:49Z" end-time="2026-05-18 02:42:49Z" duration="0.000761" asserts="0">
                <properties>
                  <property name="retryIteration" value="0" />
                  <property name="repeatIteration" value="0" />
                </properties>
              </test-case>
            </test-suite>
            <test-suite type="TestFixture" id="1046" name="BrushExecutorTests" fullname="RIMA.Tests.Brush.BrushExecutorTests" classname="RIMA.Tests.Brush.BrushExecutorTests" runstate="Runnable" testcasecount="7" result="Passed" start-time="2026-05-18 02:42:49Z" end-time="2026-05-18 02:42:49Z" duration="0.011669" total="7" passed="7" failed="0" inconclusive="0" skipped="0" asserts="0">
              <properties />
              <test-case id="1053" name="BrushAlongEdges_UndoCollapsesAsOneGroup" fullname="RIMA.Tests.Brush.BrushExecutorTests.BrushAlongEdges_UndoCollapsesAsOneGroup" methodname="BrushAlongEdges_UndoCollapsesAsOneGroup" classname="RIMA.Tests.Brush.BrushExecutorTests" runstate="Runnable" seed="631988788" result="Passed" start-time="2026-05-18 02:42:49Z" end-time="2026-05-18 02:42:49Z" duration="0.005091" asserts="0">
                <properties>
                  <property name="retryIteration" value="0" />
                  <property name="repeatIteration" value="0" />
                </properties>
              </test-case>
              <test-case id="1052" name="BrushAlongEdges_WalksAllSegments" fullname="RIMA.Tests.Brush.BrushExecutorTests.BrushAlongEdges_WalksAllSegments" methodname="BrushAlongEdges_WalksAllSegments" classname="RIMA.Tests.Brush.BrushExecutorTests" runstate="Runnable" seed="1920384802" result="Passed" start-time="2026-05-18 02:42:49Z" end-time="2026-05-18 02:42:49Z" duration="0.002006" asserts="0">
                <properties>
                  <property name="retryIteration" value="0" />
                  <property name="repeatIteration" value="0" />
                </properties>
              </test-case>
              <test-case id="1050" name="GridTileExecutor_SetsTileOnTilemap" fullname="RIMA.Tests.Brush.BrushExecutorTests.GridTileExecutor_SetsTileOnTilemap" methodname="GridTileExecutor_SetsTileOnTilemap" classname="RIMA.Tests.Brush.BrushExecutorTests" runstate="Runnable" seed="1304181161" result="Passed" start-time="2026-05-18 02:42:49Z" end-time="2026-05-18 02:42:49Z" duration="0.001559" asserts="0">
                <properties>
                  <property name="retryIteration" value="0" />
                  <property name="repeatIteration" value="0" />
                </properties>
              </test-case>
              <test-case id="1047" name="RouterDispatchesToCorrectExecutor" fullname="RIMA.Tests.Brush.BrushExecutorTests.RouterDispatchesToCorrectExecutor" methodname="RouterDispatchesToCorrectExecutor" classname="RIMA.Tests.Brush.BrushExecutorTests" runstate="Runnable" seed="2033978864" result="Passed" start-time="2026-05-18 02:42:49Z" end-time="2026-05-18 02:42:49Z" duration="0.000286" asserts="0">
                <properties>
                  <property name="retryIteration" value="0" />
                  <property name="repeatIteration" value="0" />
                </properties>
              </test-case>
              <test-case id="1048" name="RouterReturnsErrorForCompositeWithNoOperations" fullname="RIMA.Tests.Brush.BrushExecutorTests.RouterReturnsErrorForCompositeWithNoOperations" methodname="RouterReturnsErrorForCompositeWithNoOperations" classname="RIMA.Tests.Brush.BrushExecutorTests" runstate="Runnable" seed="975471644" result="Passed" start-time="2026-05-18 02:42:49Z" end-time="2026-05-18 02:42:49Z" duration="0.000558" asserts="0">
                <properties>
                  <property name="retryIteration" value="0" />
                  <property name="repeatIteration" value="0" />
                </properties>
              </test-case>
              <test-case id="1049" name="RouterSkipsCellWhenWalkableMaskFails" fullname="RIMA.Tests.Brush.BrushExecutorTests.RouterSkipsCellWhenWalkableMaskFails" methodname="RouterSkipsCellWhenWalkableMaskFails" classname="RIMA.Tests.Brush.BrushExecutorTests" runstate="Runnable" seed="1654877558" result="Passed" start-time="2026-05-18 02:42:49Z" end-time="2026-05-18 02:42:49Z" duration="0.000196" asserts="0">
                <properties>
                  <property name="retryIteration" value="0" />
                  <property name="repeatIteration" value="0" />
                </properties>
              </test-case>
              <test-case id="1051" name="WallStampExecutor_DelegatesToWallOverlayPainter" fullname="RIMA.Tests.Brush.BrushExecutorTests.WallStampExecutor_DelegatesToWallOverlayPainter" methodname="WallStampExecutor_DelegatesToWallOverlayPainter" classname="RIMA.Tests.Brush.BrushExecutorTests" runstate="Runnable" seed="1901664276" result="Passed" start-time="2026-05-18 02:42:49Z" end-time="2026-05-18 02:42:49Z" duration="0.000669" asserts="0">
                <properties>
                  <property name="retryIteration" value="0" />
                  <property name="repeatIteration" value="0" />
                </properties>
              </test-case>
            </test-suite>
            <test-suite type="TestFixture" id="1054" name="DependencyReportGeneratorTests" fullname="RIMA.Tests.Brush.DependencyReportGeneratorTests" classname="RIMA.Tests.Brush.DependencyReportGeneratorTests" runstate="Runnable" testcasecount="3" result="Passed" start-time="2026-05-18 02:42:49Z" end-time="2026-05-18 02:42:49Z" duration="0.054104" total="3" passed="3" failed="0" inconclusive="0" skipped="0" asserts="0">
              <properties />
              <test-case id="1057" name="BuildReport_ContainsGeneratedTimestamp" fullname="RIMA.Tests.Brush.DependencyReportGeneratorTests.BuildReport_ContainsGeneratedTimestamp" methodname="BuildReport_ContainsGeneratedTimestamp" classname="RIMA.Tests.Brush.DependencyReportGeneratorTests" runstate="Runnable" seed="1276664139" result="Passed" start-time="2026-05-18 02:42:49Z" end-time="2026-05-18 02:42:49Z" duration="0.033665" asserts="0">
                <properties>
                  <property name="retryIteration" value="0" />
                  <property name="repeatIteration" value="0" />
                </properties>
              </test-case>
              <test-case id="1056" name="BuildReport_ContainsKnownSections" fullname="RIMA.Tests.Brush.DependencyReportGeneratorTests.BuildReport_ContainsKnownSections" methodname="BuildReport_ContainsKnownSections" classname="RIMA.Tests.Brush.DependencyReportGeneratorTests" runstate="Runnable" seed="1415302606" result="Passed" start-time="2026-05-18 02:42:49Z" end-time="2026-05-18 02:42:49Z" duration="0.010022" asserts="0">
                <properties>
                  <property name="retryIteration" value="0" />
                  <property name="repeatIteration" value="0" />
                </properties>
              </test-case>
              <test-case id="1055" name="BuildReport_ContainsTitle" fullname="RIMA.Tests.Brush.DependencyReportGeneratorTests.BuildReport_ContainsTitle" methodname="BuildReport_ContainsTitle" classname="RIMA.Tests.Brush.DependencyReportGeneratorTests" runstate="Runnable" seed="1019447450" result="Passed" start-time="2026-05-18 02:42:49Z" end-time="2026-05-18 02:42:49Z" duration="0.009535" asserts="0">
                <properties>
                  <property name="retryIteration" value="0" />
                  <property name="repeatIteration" value="0" />
                </properties>
              </test-case>
            </test-suite>
            <test-suite type="TestFixture" id="1058" name="UndoStressTests" fullname="RIMA.Tests.Brush.UndoStressTests" classname="RIMA.Tests.Brush.UndoStressTests" runstate="Runnable" testcasecount="2" result="Passed" start-time="2026-05-18 02:42:49Z" end-time="2026-05-18 02:42:49Z" duration="0.024206" total="2" passed="2" failed="0" inconclusive="0" skipped="0" asserts="0">
              <properties />
              <test-case id="1060" name="RepeatedAddRemove_NoCrash_StatePreserved" fullname="RIMA.Tests.Brush.UndoStressTests.RepeatedAddRemove_NoCrash_StatePreserved" methodname="RepeatedAddRemove_NoCrash_StatePreserved" classname="RIMA.Tests.Brush.UndoStressTests" runstate="Runnable" seed="517663958" result="Passed" start-time="2026-05-18 02:42:49Z" end-time="2026-05-18 02:42:49Z" duration="0.000723" asserts="0">
                <properties>
                  <property name="retryIteration" value="0" />
                  <property name="repeatIteration" value="0" />
                </properties>
              </test-case>
              <test-case id="1059" name="Undo100x_PropPlace_RecordAndRollback" fullname="RIMA.Tests.Brush.UndoStressTests.Undo100x_PropPlace_RecordAndRollback" methodname="Undo100x_PropPlace_RecordAndRollback" classname="RIMA.Tests.Brush.UndoStressTests" runstate="Runnable" seed="1279316166" result="Passed" start-time="2026-05-18 02:42:49Z" end-time="2026-05-18 02:42:49Z" duration="0.022881" asserts="0">
                <properties>
                  <property name="retryIteration" value="0" />
                  <property name="repeatIteration" value="0" />
                </properties>
              </test-case>
            </test-suite>
          </test-suite>
        </test-suite>
      </test-suite>
    </test-suite>
    <test-suite type="Assembly" id="1443" name="RIMA.Tests.EditMode.dll" fullname="F:/Antigravity Projeler/2d roguelite/RIMA/Library/ScriptAssemblies/RIMA.Tests.EditMode.dll" runstate="Runnable" testcasecount="290" result="Passed" start-time="2026-05-18 02:42:49Z" end-time="2026-05-18 02:42:56Z" duration="6.771707" total="290" passed="289" failed="0" inconclusive="1" skipped="0" asserts="0">
      <properties>
        <property name="_PID" value="16704" />
        <property name="_APPDOMAIN" value="Unity Child Domain" />
        <property name="platform" value="EditMode" />
        <property name="EditorOnly" value="True" />
      </properties>
      <test-suite type="TestSuite" id="1444" name="RIMA" fullname="RIMA" runstate="Runnable" testcasecount="290" result="Passed" start-time="2026-05-18 02:42:49Z" end-time="2026-05-18 02:42:56Z" duration="6.769677" total="290" passed="289" failed="0" inconclusive="1" skipped="0" asserts="0">
        <properties />
        <test-suite type="TestSuite" id="1445" name="MapDesigner" fullname="RIMA.MapDesigner" runstate="Runnable" testcasecount="36" result="Passed" start-time="2026-05-18 02:42:49Z" end-time="2026-05-18 02:42:49Z" duration="0.236178" total="36" passed="36" failed="0" inconclusive="0" skipped="0" asserts="0">
          <properties />
          <test-suite type="TestSuite" id="1446" name="Tests" fullname="RIMA.MapDesigner.Tests" runstate="Runnable" testcasecount="36" result="Passed" start-time="2026-05-18 02:42:49Z" end-time="2026-05-18 02:42:49Z" duration="0.235890" total="36" passed="36" failed="0" inconclusive="0" skipped="0" asserts="0">
            <properties />
            <test-suite type="TestFixture" id="1098" name="AssetPackBrowserPlacementTests" fullname="RIMA.MapDesigner.Tests.AssetPackBrowserPlacementTests" classname="RIMA.MapDesigner.Tests.AssetPackBrowserPlacementTests" runstate="Runnable" testcasecount="10" result="Passed" start-time="2026-05-18 02:42:49Z" end-time="2026-05-18 02:42:49Z" duration="0.124988" total="10" passed="10" failed="0" inconclusive="0" skipped="0" asserts="0">
              <properties />
              <test-case id="1108" name="ColliderFootprint_Respects_Ratio" fullname="RIMA.MapDesigner.Tests.AssetPackBrowserPlacementTests.ColliderFootprint_Respects_Ratio" methodname="ColliderFootprint_Respects_Ratio" classname="RIMA.MapDesigner.Tests.AssetPackBrowserPlacementTests" runstate="Runnable" seed="1536188701" result="Passed" start-time="2026-05-18 02:42:49Z" end-time="2026-05-18 02:42:49Z" duration="0.002957" asserts="0">
                <properties>
                  <property name="retryIteration" value="0" />
                  <property name="repeatIteration" value="0" />
                </properties>
                <output><![CDATA[Asset Pack Browser: layer '' does not exist. Keeping 'placed' on Default.
]]></output>
              </test-case>
              <test-case id="1104" name="InspectorScaleSlider_AppliesToSelected" fullname="RIMA.MapDesigner.Tests.AssetPackBrowserPlacementTests.InspectorScaleSlider_AppliesToSelected" methodname="InspectorScaleSlider_AppliesToSelected" classname="RIMA.MapDesigner.Tests.AssetPackBrowserPlacementTests" runstate="Runnable" seed="505349313" result="Passed" start-time="2026-05-18 02:42:49Z" end-time="2026-05-18 02:42:49Z" duration="0.000683" asserts="0">
                <properties>
                  <property name="retryIteration" value="0" />
                  <property name="repeatIteration" value="0" />
                </properties>
              </test-case>
              <test-case id="1105" name="InspectorVariantSlider_CyclesAtlasVariants" fullname="RIMA.MapDesigner.Tests.AssetPackBrowserPlacementTests.InspectorVariantSlider_CyclesAtlasVariants" methodname="InspectorVariantSlider_CyclesAtlasVariants" classname="RIMA.MapDesigner.Tests.AssetPackBrowserPlacementTests" runstate="Runnable" seed="1462914668" result="Passed" start-time="2026-05-18 02:42:49Z" end-time="2026-05-18 02:42:49Z" duration="0.003476" asserts="0">
                <properties>
                  <property name="retryIteration" value="0" />
                  <property name="repeatIteration" value="0" />
                </properties>
              </test-case>
              <test-case id="1102" name="LeftClick_AppliesAutoCollider_WhenBlocksMovement" fullname="RIMA.MapDesigner.Tests.AssetPackBrowserPlacementTests.LeftClick_AppliesAutoCollider_WhenBlocksMovement" methodname="LeftClick_AppliesAutoCollider_WhenBlocksMovement" classname="RIMA.MapDesigner.Tests.AssetPackBrowserPlacementTests" runstate="Runnable" seed="2009766946" result="Passed" start-time="2026-05-18 02:42:49Z" end-time="2026-05-18 02:42:49Z" duration="0.036598" asserts="0">
                <properties>
                  <property name="retryIteration" value="0" />
                  <property name="repeatIteration" value="0" />
                </properties>
                <output><![CDATA[Asset Pack Browser: layer 'Walls' does not exist. Keeping 'wall_stone' on Default.
]]></output>
              </test-case>
              <test-case id="1101" name="LeftClick_AppliesCorrectSortingOrder_PerCategory" fullname="RIMA.MapDesigner.Tests.AssetPackBrowserPlacementTests.LeftClick_AppliesCorrectSortingOrder_PerCategory" methodname="LeftClick_AppliesCorrectSortingOrder_PerCategory" classname="RIMA.MapDesigner.Tests.AssetPackBrowserPlacementTests" runstate="Runnable" seed="1524230360" result="Passed" start-time="2026-05-18 02:42:49Z" end-time="2026-05-18 02:42:49Z" duration="0.015481" asserts="0">
                <properties>
                  <property name="retryIteration" value="0" />
                  <property name="repeatIteration" value="0" />
                </properties>
                <output><![CDATA[Asset Pack Browser: layer 'Walls' does not exist. Keeping 'wall_stone' on Default.
]]></output>
              </test-case>
              <test-case id="1100" name="LeftClick_CreatesGameObject_UnderActiveTarget" fullname="RIMA.MapDesigner.Tests.AssetPackBrowserPlacementTests.LeftClick_CreatesGameObject_UnderActiveTarget" methodname="LeftClick_CreatesGameObject_UnderActiveTarget" classname="RIMA.MapDesigner.Tests.AssetPackBrowserPlacementTests" runstate="Runnable" seed="1436244717" result="Passed" start-time="2026-05-18 02:42:49Z" end-time="2026-05-18 02:42:49Z" duration="0.014133" asserts="0">
                <properties>
                  <property name="retryIteration" value="0" />
                  <property name="repeatIteration" value="0" />
                </properties>
                <output><![CDATA[Asset Pack Browser: layer 'Walls' does not exist. Keeping 'wall_stone' on Default.
]]></output>
              </test-case>
              <test-case id="1099" name="PlacementMode_GhostFollowsCursor_PPUSnapped" fullname="RIMA.MapDesigner.Tests.AssetPackBrowserPlacementTests.PlacementMode_GhostFollowsCursor_PPUSnapped" methodname="PlacementMode_GhostFollowsCursor_PPUSnapped" classname="RIMA.MapDesigner.Tests.AssetPackBrowserPlacementTests" runstate="Runnable" seed="834006083" result="Passed" start-time="2026-05-18 02:42:49Z" end-time="2026-05-18 02:42:49Z" duration="0.013215" asserts="0">
                <properties>
                  <property name="retryIteration" value="0" />
                  <property name="repeatIteration" value="0" />
                </properties>
              </test-case>
              <test-case id="1107" name="PropWithoutColliderConfig_DoesNotAttachCollider" fullname="RIMA.MapDesigner.Tests.AssetPackBrowserPlacementTests.PropWithoutColliderConfig_DoesNotAttachCollider" methodname="PropWithoutColliderConfig_DoesNotAttachCollider" classname="RIMA.MapDesigner.Tests.AssetPackBrowserPlacementTests" runstate="Runnable" seed="1490912479" result="Passed" start-time="2026-05-18 02:42:49Z" end-time="2026-05-18 02:42:49Z" duration="0.013320" asserts="0">
                <properties>
                  <property name="retryIteration" value="0" />
                  <property name="repeatIteration" value="0" />
                </properties>
              </test-case>
              <test-case id="1103" name="RightClick_ExitsPlacementMode_DestroysGhost" fullname="RIMA.MapDesigner.Tests.AssetPackBrowserPlacementTests.RightClick_ExitsPlacementMode_DestroysGhost" methodname="RightClick_ExitsPlacementMode_DestroysGhost" classname="RIMA.MapDesigner.Tests.AssetPackBrowserPlacementTests" runstate="Runnable" seed="489751212" result="Passed" start-time="2026-05-18 02:42:49Z" end-time="2026-05-18 02:42:49Z" duration="0.011082" asserts="0">
                <properties>
                  <property name="retryIteration" value="0" />
                  <property name="repeatIteration" value="0" />
                </properties>
              </test-case>
              <test-case id="1106" name="Undo_RemovesLastPlacement" fullname="RIMA.MapDesigner.Tests.AssetPackBrowserPlacementTests.Undo_RemovesLastPlacement" methodname="Undo_RemovesLastPlacement" classname="RIMA.MapDesigner.Tests.AssetPackBrowserPlacementTests" runstate="Runnable" seed="1063618782" result="Passed" start-time="2026-05-18 02:42:49Z" end-time="2026-05-18 02:42:49Z" duration="0.012572" asserts="0">
                <properties>
                  <property name="retryIteration" value="0" />
                  <property name="repeatIteration" value="0" />
                </properties>
                <output><![CDATA[Asset Pack Browser: layer 'Walls' does not exist. Keeping 'wall_stone' on Default.
]]></output>
              </test-case>
            </test-suite>
            <test-suite type="TestFixture" id="1109" name="AssetPackBrowserTests" fullname="RIMA.MapDesigner.Tests.AssetPackBrowserTests" classname="RIMA.MapDesigner.Tests.AssetPackBrowserTests" runstate="Runnable" testcasecount="8" result="Passed" start-time="2026-05-18 02:42:49Z" end-time="2026-05-18 02:42:49Z" duration="0.069041" total="8" passed="8" failed="0" inconclusive="0" skipped="0" asserts="0">
              <properties />
              <test-case id="1112" name="CategorySelect_Populates_SpriteGrid" fullname="RIMA.MapDesigner.Tests.AssetPackBrowserTests.CategorySelect_Populates_SpriteGrid" methodname="CategorySelect_Populates_SpriteGrid" classname="RIMA.MapDesigner.Tests.AssetPackBrowserTests" runstate="Runnable" seed="2054861509" result="Passed" start-time="2026-05-18 02:42:49Z" end-time="2026-05-18 02:42:49Z" duration="0.012550" asserts="0">
                <properties>
                  <property name="retryIteration" value="0" />
                  <property name="repeatIteration" value="0" />
                </properties>
              </test-case>
              <test-case id="1111" name="Manifest_Enumerates_All_Atlases" fullname="RIMA.MapDesigner.Tests.AssetPackBrowserTests.Manifest_Enumerates_All_Atlases" methodname="Manifest_Enumerates_All_Atlases" classname="RIMA.MapDesigner.Tests.AssetPackBrowserTests" runstate="Runnable" seed="2022879013" result="Passed" start-time="2026-05-18 02:42:49Z" end-time="2026-05-18 02:42:49Z" duration="0.000570" asserts="0">
                <properties>
                  <property name="retryIteration" value="0" />
                  <property name="repeatIteration" value="0" />
                </properties>
              </test-case>
              <test-case id="1115" name="MetadataReadout_Shows_PPU_And_Category" fullname="RIMA.MapDesigner.Tests.AssetPackBrowserTests.MetadataReadout_Shows_PPU_And_Category" methodname="MetadataReadout_Shows_PPU_And_Category" classname="RIMA.MapDesigner.Tests.AssetPackBrowserTests" runstate="Runnable" seed="1579576764" result="Passed" start-time="2026-05-18 02:42:49Z" end-time="2026-05-18 02:42:49Z" duration="0.000778" asserts="0">
                <properties>
                  <property name="retryIteration" value="0" />
                  <property name="repeatIteration" value="0" />
                </properties>
              </test-case>
              <test-case id="1110" name="OpenWindow_Succeeds_Without_Errors" fullname="RIMA.MapDesigner.Tests.AssetPackBrowserTests.OpenWindow_Succeeds_Without_Errors" methodname="OpenWindow_Succeeds_Without_Errors" classname="RIMA.MapDesigner.Tests.AssetPackBrowserTests" runstate="Runnable" seed="925702340" result="Passed" start-time="2026-05-18 02:42:49Z" end-time="2026-05-18 02:42:49Z" duration="0.037040" asserts="0">
                <properties>
                  <property name="retryIteration" value="0" />
                  <property name="repeatIteration" value="0" />
                </properties>
              </test-case>
              <test-case id="1117" name="PackSwitch_Resets_Selection_Without_Errors" fullname="RIMA.MapDesigner.Tests.AssetPackBrowserTests.PackSwitch_Resets_Selection_Without_Errors" methodname="PackSwitch_Resets_Selection_Without_Errors" classname="RIMA.MapDesigner.Tests.AssetPackBrowserTests" runstate="Runnable" seed="68242550" result="Passed" start-time="2026-05-18 02:42:49Z" end-time="2026-05-18 02:42:49Z" duration="0.015148" asserts="0">
                <properties>
                  <property name="retryIteration" value="0" />
                  <property name="repeatIteration" value="0" />
                </properties>
              </test-case>
              <test-case id="1113" name="Search_Filter_Reduces_Grid_Count" fullname="RIMA.MapDesigner.Tests.AssetPackBrowserTests.Search_Filter_Reduces_Grid_Count" methodname="Search_Filter_Reduces_Grid_Count" classname="RIMA.MapDesigner.Tests.AssetPackBrowserTests" runstate="Runnable" seed="586954921" result="Passed" start-time="2026-05-18 02:42:49Z" end-time="2026-05-18 02:42:49Z" duration="0.000498" asserts="0">
                <properties>
                  <property name="retryIteration" value="0" />
                  <property name="repeatIteration" value="0" />
                </properties>
              </test-case>
              <test-case id="1114" name="SpriteSelect_Populates_Inspector" fullname="RIMA.MapDesigner.Tests.AssetPackBrowserTests.SpriteSelect_Populates_Inspector" methodname="SpriteSelect_Populates_Inspector" classname="RIMA.MapDesigner.Tests.AssetPackBrowserTests" runstate="Runnable" seed="518625991" result="Passed" start-time="2026-05-18 02:42:49Z" end-time="2026-05-18 02:42:49Z" duration="0.000393" asserts="0">
                <properties>
                  <property name="retryIteration" value="0" />
                  <property name="repeatIteration" value="0" />
                </properties>
              </test-case>
              <test-case id="1116" name="ThumbnailSize_Slider_Clamps_48_to_96" fullname="RIMA.MapDesigner.Tests.AssetPackBrowserTests.ThumbnailSize_Slider_Clamps_48_to_96" methodname="ThumbnailSize_Slider_Clamps_48_to_96" classname="RIMA.MapDesigner.Tests.AssetPackBrowserTests" runstate="Runnable" seed="1700049928" result="Passed" start-time="2026-05-18 02:42:49Z" end-time="2026-05-18 02:42:49Z" duration="0.000175" asserts="0">
                <properties>
                  <property name="retryIteration" value="0" />
                  <property name="repeatIteration" value="0" />
                </properties>
              </test-case>
            </test-suite>
            <test-suite type="TestFixture" id="1118" name="AutoPopulatorTests" fullname="RIMA.MapDesigner.Tests.AutoPopulatorTests" classname="RIMA.MapDesigner.Tests.AutoPopulatorTests" runstate="Runnable" testcasecount="7" result="Passed" start-time="2026-05-18 02:42:49Z" end-time="2026-05-18 02:42:49Z" duration="0.034773" total="7" passed="7" failed="0" inconclusive="0" skipped="0" asserts="0">
              <properties />
              <test-case id="1125" name="ClearPlacedProps_RemovesOnlyBlueprintTagged" fullname="RIMA.MapDesigner.Tests.AutoPopulatorTests.ClearPlacedProps_RemovesOnlyBlueprintTagged" methodname="ClearPlacedProps_RemovesOnlyBlueprintTagged" classname="RIMA.MapDesigner.Tests.AutoPopulatorTests" runstate="Runnable" seed="218209769" result="Passed" start-time="2026-05-18 02:42:49Z" end-time="2026-05-18 02:42:49Z" duration="0.001274" asserts="0">
                <properties>
                  <property name="retryIteration" value="0" />
                  <property name="repeatIteration" value="0" />
                </properties>
              </test-case>
              <test-case id="1124" name="PopulateAdjacency_PlacesTransitionAtBoundary" fullname="RIMA.MapDesigner.Tests.AutoPopulatorTests.PopulateAdjacency_PlacesTransitionAtBoundary" methodname="PopulateAdjacency_PlacesTransitionAtBoundary" classname="RIMA.MapDesigner.Tests.AutoPopulatorTests" runstate="Runnable" seed="2067172732" result="Passed" start-time="2026-05-18 02:42:49Z" end-time="2026-05-18 02:42:49Z" duration="0.006004" asserts="0">
                <properties>
                  <property name="retryIteration" value="0" />
                  <property name="repeatIteration" value="0" />
                </properties>
              </test-case>
              <test-case id="1123" name="PopulateZones_FeatureZoneRespectsMaxCap" fullname="RIMA.MapDesigner.Tests.AutoPopulatorTests.PopulateZones_FeatureZoneRespectsMaxCap" methodname="PopulateZones_FeatureZoneRespectsMaxCap" classname="RIMA.MapDesigner.Tests.AutoPopulatorTests" runstate="Runnable" seed="1245818623" result="Passed" start-time="2026-05-18 02:42:49Z" end-time="2026-05-18 02:42:49Z" duration="0.003692" asserts="0">
                <properties>
                  <property name="retryIteration" value="0" />
                  <property name="repeatIteration" value="0" />
                </properties>
              </test-case>
              <test-case id="1121" name="PopulateZones_PlacesPropsOnlyFromZonePool" fullname="RIMA.MapDesigner.Tests.AutoPopulatorTests.PopulateZones_PlacesPropsOnlyFromZonePool" methodname="PopulateZones_PlacesPropsOnlyFromZonePool" classname="RIMA.MapDesigner.Tests.AutoPopulatorTests" runstate="Runnable" seed="2015828725" result="Passed" start-time="2026-05-18 02:42:49Z" end-time="2026-05-18 02:42:49Z" duration="0.001337" asserts="0">
                <properties>
                  <property name="retryIteration" value="0" />
                  <property name="repeatIteration" value="0" />
                </properties>
              </test-case>
              <test-case id="1122" name="PopulateZones_RespectsDensity" fullname="RIMA.MapDesigner.Tests.AutoPopulatorTests.PopulateZones_RespectsDensity" methodname="PopulateZones_RespectsDensity" classname="RIMA.MapDesigner.Tests.AutoPopulatorTests" runstate="Runnable" seed="651378262" result="Passed" start-time="2026-05-18 02:42:49Z" end-time="2026-05-18 02:42:49Z" duration="0.008374" asserts="0">
                <properties>
                  <property name="retryIteration" value="0" />
                  <property name="repeatIteration" value="0" />
                </properties>
              </test-case>
              <test-case id="1119" name="WeightedPick_DeterministicWithSeed" fullname="RIMA.MapDesigner.Tests.AutoPopulatorTests.WeightedPick_DeterministicWithSeed" methodname="WeightedPick_DeterministicWithSeed" classname="RIMA.MapDesigner.Tests.AutoPopulatorTests" runstate="Runnable" seed="515972614" result="Passed" start-time="2026-05-18 02:42:49Z" end-time="2026-05-18 02:42:49Z" duration="0.000391" asserts="0">
                <properties>
                  <property name="retryIteration" value="0" />
                  <property name="repeatIteration" value="0" />
                </properties>
              </test-case>
              <test-case id="1120" name="WeightedPick_RespectsWeights" fullname="RIMA.MapDesigner.Tests.AutoPopulatorTests.WeightedPick_RespectsWeights" methodname="WeightedPick_RespectsWeights" classname="RIMA.MapDesigner.Tests.AutoPopulatorTests" runstate="Runnable" seed="633782817" result="Passed" start-time="2026-05-18 02:42:49Z" end-time="2026-05-18 02:42:49Z" duration="0.000384" asserts="0">
                <properties>
                  <property name="retryIteration" value="0" />
                  <property name="repeatIteration" value="0" />
                </properties>
              </test-case>
            </test-suite>
            <test-suite type="TestFixture" id="1126" name="BlueprintCanvasTests" fullname="RIMA.MapDesigner.Tests.BlueprintCanvasTests" classname="RIMA.MapDesigner.Tests.BlueprintCanvasTests" runstate="Runnable" testcasecount="6" result="Passed" start-time="2026-05-18 02:42:49Z" end-time="2026-05-18 02:42:49Z" duration="0.003765" total="6" passed="6" failed="0" inconclusive="0" skipped="0" asserts="0">
              <properties />
              <test-case id="1132" name="BoundaryEdges_DetectsZoneBoundaries" fullname="RIMA.MapDesigner.Tests.BlueprintCanvasTests.BoundaryEdges_DetectsZoneBoundaries" methodname="BoundaryEdges_DetectsZoneBoundaries" classname="RIMA.MapDesigner.Tests.BlueprintCanvasTests" runstate="Runnable" seed="1411024175" result="Passed" start-time="2026-05-18 02:42:49Z" end-time="2026-05-18 02:42:49Z" duration="0.000983" asserts="0">
                <properties>
                  <property name="retryIteration" value="0" />
                  <property name="repeatIteration" value="0" />
                </properties>
              </test-case>
              <test-case id="1131" name="Clear_RemovesAllCells" fullname="RIMA.MapDesigner.Tests.BlueprintCanvasTests.Clear_RemovesAllCells" methodname="Clear_RemovesAllCells" classname="RIMA.MapDesigner.Tests.BlueprintCanvasTests" runstate="Runnable" seed="1078271490" result="Passed" start-time="2026-05-18 02:42:49Z" end-time="2026-05-18 02:42:49Z" duration="0.000203" asserts="0">
                <properties>
                  <property name="retryIteration" value="0" />
                  <property name="repeatIteration" value="0" />
                </properties>
              </test-case>
              <test-case id="1129" name="Erase_RemovesCell" fullname="RIMA.MapDesigner.Tests.BlueprintCanvasTests.Erase_RemovesCell" methodname="Erase_RemovesCell" classname="RIMA.MapDesigner.Tests.BlueprintCanvasTests" runstate="Runnable" seed="1324348364" result="Passed" start-time="2026-05-18 02:42:49Z" end-time="2026-05-18 02:42:49Z" duration="0.000308" asserts="0">
                <properties>
                  <property name="retryIteration" value="0" />
[...]
              <properties>
                <property name="retryIteration" value="0" />
                <property name="repeatIteration" value="0" />
              </properties>
            </test-case>
            <test-case id="1277" name="ConsumeBasicChain_WhenChained_ReturnsBonusMultiplier" fullname="RIMA.Tests.SkillFlowTrackerTests.ConsumeBasicChain_WhenChained_ReturnsBonusMultiplier" methodname="ConsumeBasicChain_WhenChained_ReturnsBonusMultiplier" classname="RIMA.Tests.SkillFlowTrackerTests" runstate="Runnable" seed="352744674" result="Passed" start-time="2026-05-18 02:42:56Z" end-time="2026-05-18 02:42:56Z" duration="0.000183" asserts="0">
              <properties>
                <property name="retryIteration" value="0" />
                <property name="repeatIteration" value="0" />
              </properties>
            </test-case>
            <test-case id="1279" name="ConsumeBasicChain_WhenNotChained_Returns1" fullname="RIMA.Tests.SkillFlowTrackerTests.ConsumeBasicChain_WhenNotChained_Returns1" methodname="ConsumeBasicChain_WhenNotChained_Returns1" classname="RIMA.Tests.SkillFlowTrackerTests" runstate="Runnable" seed="2011489490" result="Passed" start-time="2026-05-18 02:42:56Z" end-time="2026-05-18 02:42:56Z" duration="0.000133" asserts="0">
              <properties>
                <property name="retryIteration" value="0" />
                <property name="repeatIteration" value="0" />
              </properties>
            </test-case>
            <test-case id="1273" name="InitialState_LastSkillIsNull" fullname="RIMA.Tests.SkillFlowTrackerTests.InitialState_LastSkillIsNull" methodname="InitialState_LastSkillIsNull" classname="RIMA.Tests.SkillFlowTrackerTests" runstate="Runnable" seed="221481019" result="Passed" start-time="2026-05-18 02:42:56Z" end-time="2026-05-18 02:42:56Z" duration="0.000125" asserts="0">
              <properties>
                <property name="retryIteration" value="0" />
                <property name="repeatIteration" value="0" />
              </properties>
            </test-case>
            <test-case id="1272" name="InitialState_NotChained" fullname="RIMA.Tests.SkillFlowTrackerTests.InitialState_NotChained" methodname="InitialState_NotChained" classname="RIMA.Tests.SkillFlowTrackerTests" runstate="Runnable" seed="276013697" result="Passed" start-time="2026-05-18 02:42:56Z" end-time="2026-05-18 02:42:56Z" duration="0.000124" asserts="0">
              <properties>
                <property name="retryIteration" value="0" />
                <property name="repeatIteration" value="0" />
              </properties>
            </test-case>
            <test-case id="1274" name="NotifySkillUsed_SetsBothChainFlags" fullname="RIMA.Tests.SkillFlowTrackerTests.NotifySkillUsed_SetsBothChainFlags" methodname="NotifySkillUsed_SetsBothChainFlags" classname="RIMA.Tests.SkillFlowTrackerTests" runstate="Runnable" seed="1900894669" result="Passed" start-time="2026-05-18 02:42:56Z" end-time="2026-05-18 02:42:56Z" duration="0.000121" asserts="0">
              <properties>
                <property name="retryIteration" value="0" />
                <property name="repeatIteration" value="0" />
              </properties>
            </test-case>
            <test-case id="1275" name="NotifySkillUsed_SetsLastSkill" fullname="RIMA.Tests.SkillFlowTrackerTests.NotifySkillUsed_SetsLastSkill" methodname="NotifySkillUsed_SetsLastSkill" classname="RIMA.Tests.SkillFlowTrackerTests" runstate="Runnable" seed="660271033" result="Passed" start-time="2026-05-18 02:42:56Z" end-time="2026-05-18 02:42:56Z" duration="0.000122" asserts="0">
              <properties>
                <property name="retryIteration" value="0" />
                <property name="repeatIteration" value="0" />
              </properties>
            </test-case>
            <test-case id="1276" name="NotifySkillUsed_UpdatesLastSkillOnSecondCall" fullname="RIMA.Tests.SkillFlowTrackerTests.NotifySkillUsed_UpdatesLastSkillOnSecondCall" methodname="NotifySkillUsed_UpdatesLastSkillOnSecondCall" classname="RIMA.Tests.SkillFlowTrackerTests" runstate="Runnable" seed="1419432403" result="Passed" start-time="2026-05-18 02:42:56Z" end-time="2026-05-18 02:42:56Z" duration="0.000122" asserts="0">
              <properties>
                <property name="retryIteration" value="0" />
                <property name="repeatIteration" value="0" />
              </properties>
            </test-case>
            <test-case id="1283" name="OnSkillChain_DoesNotFireForSameSkill" fullname="RIMA.Tests.SkillFlowTrackerTests.OnSkillChain_DoesNotFireForSameSkill" methodname="OnSkillChain_DoesNotFireForSameSkill" classname="RIMA.Tests.SkillFlowTrackerTests" runstate="Runnable" seed="1048801348" result="Passed" start-time="2026-05-18 02:42:56Z" end-time="2026-05-18 02:42:56Z" duration="0.000236" asserts="0">
              <properties>
                <property name="retryIteration" value="0" />
                <property name="repeatIteration" value="0" />
              </properties>
            </test-case>
            <test-case id="1284" name="OnSkillChain_DoesNotFireWhenNotYetChained" fullname="RIMA.Tests.SkillFlowTrackerTests.OnSkillChain_DoesNotFireWhenNotYetChained" methodname="OnSkillChain_DoesNotFireWhenNotYetChained" classname="RIMA.Tests.SkillFlowTrackerTests" runstate="Runnable" seed="1442913186" result="Passed" start-time="2026-05-18 02:42:56Z" end-time="2026-05-18 02:42:56Z" duration="0.000168" asserts="0">
              <properties>
                <property name="retryIteration" value="0" />
                <property name="repeatIteration" value="0" />
              </properties>
            </test-case>
            <test-case id="1282" name="OnSkillChain_FiresWhenDifferentSkillUsedWhileChained" fullname="RIMA.Tests.SkillFlowTrackerTests.OnSkillChain_FiresWhenDifferentSkillUsedWhileChained" methodname="OnSkillChain_FiresWhenDifferentSkillUsedWhileChained" classname="RIMA.Tests.SkillFlowTrackerTests" runstate="Runnable" seed="8230548" result="Passed" start-time="2026-05-18 02:42:56Z" end-time="2026-05-18 02:42:56Z" duration="0.000183" asserts="0">
              <properties>
                <property name="retryIteration" value="0" />
                <property name="repeatIteration" value="0" />
              </properties>
            </test-case>
            <test-case id="1280" name="OnSkillUsed_FiresOnNotify" fullname="RIMA.Tests.SkillFlowTrackerTests.OnSkillUsed_FiresOnNotify" methodname="OnSkillUsed_FiresOnNotify" classname="RIMA.Tests.SkillFlowTrackerTests" runstate="Runnable" seed="159688219" result="Passed" start-time="2026-05-18 02:42:56Z" end-time="2026-05-18 02:42:56Z" duration="0.000215" asserts="0">
              <properties>
                <property name="retryIteration" value="0" />
                <property name="repeatIteration" value="0" />
              </properties>
            </test-case>
            <test-case id="1281" name="OnSkillUsed_FiresWithCorrectSkill" fullname="RIMA.Tests.SkillFlowTrackerTests.OnSkillUsed_FiresWithCorrectSkill" methodname="OnSkillUsed_FiresWithCorrectSkill" classname="RIMA.Tests.SkillFlowTrackerTests" runstate="Runnable" seed="307661875" result="Passed" start-time="2026-05-18 02:42:56Z" end-time="2026-05-18 02:42:56Z" duration="0.000177" asserts="0">
              <properties>
                <property name="retryIteration" value="0" />
                <property name="repeatIteration" value="0" />
              </properties>
            </test-case>
          </test-suite>
          <test-suite type="TestFixture" id="1285" name="StatusEffectSystemTests" fullname="RIMA.Tests.StatusEffectSystemTests" classname="RIMA.Tests.StatusEffectSystemTests" runstate="Runnable" testcasecount="3" result="Passed" start-time="2026-05-18 02:42:56Z" end-time="2026-05-18 02:42:56Z" duration="0.004348" total="3" passed="3" failed="0" inconclusive="0" skipped="0" asserts="0">
            <properties />
            <test-case id="1287" name="Burning_ThreeStacks_UpgradesToScorch" fullname="RIMA.Tests.StatusEffectSystemTests.Burning_ThreeStacks_UpgradesToScorch" methodname="Burning_ThreeStacks_UpgradesToScorch" classname="RIMA.Tests.StatusEffectSystemTests" runstate="Runnable" seed="352757667" result="Passed" start-time="2026-05-18 02:42:56Z" end-time="2026-05-18 02:42:56Z" duration="0.002053" asserts="0">
              <properties>
                <property name="retryIteration" value="0" />
                <property name="repeatIteration" value="0" />
              </properties>
            </test-case>
            <test-case id="1288" name="Chill_ThreeStacks_UpgradesToFrozen" fullname="RIMA.Tests.StatusEffectSystemTests.Chill_ThreeStacks_UpgradesToFrozen" methodname="Chill_ThreeStacks_UpgradesToFrozen" classname="RIMA.Tests.StatusEffectSystemTests" runstate="Runnable" seed="213549725" result="Passed" start-time="2026-05-18 02:42:56Z" end-time="2026-05-18 02:42:56Z" duration="0.000298" asserts="0">
              <properties>
                <property name="retryIteration" value="0" />
                <property name="repeatIteration" value="0" />
              </properties>
            </test-case>
            <test-case id="1286" name="Poison_AccumulatesFractionalDamage" fullname="RIMA.Tests.StatusEffectSystemTests.Poison_AccumulatesFractionalDamage" methodname="Poison_AccumulatesFractionalDamage" classname="RIMA.Tests.StatusEffectSystemTests" runstate="Runnable" seed="461034733" result="Passed" start-time="2026-05-18 02:42:56Z" end-time="2026-05-18 02:42:56Z" duration="0.001151" asserts="0">
              <properties>
                <property name="retryIteration" value="0" />
                <property name="repeatIteration" value="0" />
              </properties>
            </test-case>
          </test-suite>
          <test-suite type="TestFixture" id="1289" name="TheWoundTests" fullname="RIMA.Tests.TheWoundTests" classname="RIMA.Tests.TheWoundTests" runstate="Runnable" testcasecount="4" result="Passed" start-time="2026-05-18 02:42:56Z" end-time="2026-05-18 02:42:56Z" duration="0.001920" total="4" passed="4" failed="0" inconclusive="0" skipped="0" asserts="0">
            <properties />
            <test-case id="1293" name="DeathBurst_DamagePercent_IsReasonable" fullname="RIMA.Tests.TheWoundTests.DeathBurst_DamagePercent_IsReasonable" methodname="DeathBurst_DamagePercent_IsReasonable" classname="RIMA.Tests.TheWoundTests" runstate="Runnable" seed="1479809885" result="Passed" start-time="2026-05-18 02:42:56Z" end-time="2026-05-18 02:42:56Z" duration="0.000677" asserts="0">
              <properties>
                <property name="retryIteration" value="0" />
                <property name="repeatIteration" value="0" />
              </properties>
              <reason>
                <message><![CDATA[Design spec: deathDamagePercent = %20 — verify in Inspector.]]></message>
              </reason>
            </test-case>
            <test-case id="1292" name="RequiredComponent_Health_AutoAdded" fullname="RIMA.Tests.TheWoundTests.RequiredComponent_Health_AutoAdded" methodname="RequiredComponent_Health_AutoAdded" classname="RIMA.Tests.TheWoundTests" runstate="Runnable" seed="1703687261" result="Passed" start-time="2026-05-18 02:42:56Z" end-time="2026-05-18 02:42:56Z" duration="0.000157" asserts="0">
              <properties>
                <property name="retryIteration" value="0" />
                <property name="repeatIteration" value="0" />
              </properties>
            </test-case>
            <test-case id="1291" name="RequiredComponent_Rigidbody2D_AutoAdded" fullname="RIMA.Tests.TheWoundTests.RequiredComponent_Rigidbody2D_AutoAdded" methodname="RequiredComponent_Rigidbody2D_AutoAdded" classname="RIMA.Tests.TheWoundTests" runstate="Runnable" seed="485412011" result="Passed" start-time="2026-05-18 02:42:56Z" end-time="2026-05-18 02:42:56Z" duration="0.000129" asserts="0">
              <properties>
                <property name="retryIteration" value="0" />
                <property name="repeatIteration" value="0" />
              </properties>
            </test-case>
            <test-case id="1290" name="TheWound_CanBeInstantiated" fullname="RIMA.Tests.TheWoundTests.TheWound_CanBeInstantiated" methodname="TheWound_CanBeInstantiated" classname="RIMA.Tests.TheWoundTests" runstate="Runnable" seed="395536446" result="Passed" start-time="2026-05-18 02:42:56Z" end-time="2026-05-18 02:42:56Z" duration="0.000159" asserts="0">
              <properties>
                <property name="retryIteration" value="0" />
                <property name="repeatIteration" value="0" />
              </properties>
            </test-case>
          </test-suite>
          <test-suite type="TestFixture" id="1294" name="TimeScaleGuardTests" fullname="RIMA.Tests.TimeScaleGuardTests" classname="RIMA.Tests.TimeScaleGuardTests" runstate="Runnable" testcasecount="2" result="Passed" start-time="2026-05-18 02:42:56Z" end-time="2026-05-18 02:42:56Z" duration="0.001879" total="2" passed="2" failed="0" inconclusive="0" skipped="0" asserts="0">
            <properties />
            <test-case id="1295" name="MainMenuAutoInit_DoesNotReinjectInGameScene" fullname="RIMA.Tests.TimeScaleGuardTests.MainMenuAutoInit_DoesNotReinjectInGameScene" methodname="MainMenuAutoInit_DoesNotReinjectInGameScene" classname="RIMA.Tests.TimeScaleGuardTests" runstate="Runnable" seed="85954102" result="Passed" start-time="2026-05-18 02:42:56Z" end-time="2026-05-18 02:42:56Z" duration="0.000533" asserts="0">
              <properties>
                <property name="retryIteration" value="0" />
                <property name="repeatIteration" value="0" />
              </properties>
            </test-case>
            <test-case id="1296" name="NoStartMethodSetsTimeScaleZero_GuardsExist" fullname="RIMA.Tests.TimeScaleGuardTests.NoStartMethodSetsTimeScaleZero_GuardsExist" methodname="NoStartMethodSetsTimeScaleZero_GuardsExist" classname="RIMA.Tests.TimeScaleGuardTests" runstate="Runnable" seed="1154175048" result="Passed" start-time="2026-05-18 02:42:56Z" end-time="2026-05-18 02:42:56Z" duration="0.000809" asserts="0">
              <properties>
                <property name="retryIteration" value="0" />
                <property name="repeatIteration" value="0" />
              </properties>
            </test-case>
          </test-suite>
          <test-suite type="TestFixture" id="1297" name="VFXTests" fullname="RIMA.Tests.VFXTests" classname="RIMA.Tests.VFXTests" runstate="Runnable" testcasecount="8" result="Passed" start-time="2026-05-18 02:42:56Z" end-time="2026-05-18 02:42:56Z" duration="0.003267" total="8" passed="8" failed="0" inconclusive="0" skipped="0" asserts="0">
            <properties />
            <test-case id="1298" name="HandGlowVFX_RequiresParticleSystem_AutoAdded" fullname="RIMA.Tests.VFXTests.HandGlowVFX_RequiresParticleSystem_AutoAdded" methodname="HandGlowVFX_RequiresParticleSystem_AutoAdded" classname="RIMA.Tests.VFXTests" runstate="Runnable" seed="1168789201" result="Passed" start-time="2026-05-18 02:42:56Z" end-time="2026-05-18 02:42:56Z" duration="0.000399" asserts="0">
              <properties>
                <property name="retryIteration" value="0" />
                <property name="repeatIteration" value="0" />
              </properties>
            </test-case>
            <test-case id="1301" name="HandGlowVFX_SetCastState_False_DoesNotThrow" fullname="RIMA.Tests.VFXTests.HandGlowVFX_SetCastState_False_DoesNotThrow" methodname="HandGlowVFX_SetCastState_False_DoesNotThrow" classname="RIMA.Tests.VFXTests" runstate="Runnable" seed="429340850" result="Passed" start-time="2026-05-18 02:42:56Z" end-time="2026-05-18 02:42:56Z" duration="0.000475" asserts="0">
              <properties>
                <property name="retryIteration" value="0" />
                <property name="repeatIteration" value="0" />
              </properties>
            </test-case>
            <test-case id="1300" name="HandGlowVFX_SetCastState_True_DoesNotThrow" fullname="RIMA.Tests.VFXTests.HandGlowVFX_SetCastState_True_DoesNotThrow" methodname="HandGlowVFX_SetCastState_True_DoesNotThrow" classname="RIMA.Tests.VFXTests" runstate="Runnable" seed="1631609575" result="Passed" start-time="2026-05-18 02:42:56Z" end-time="2026-05-18 02:42:56Z" duration="0.000206" asserts="0">
              <properties>
                <property name="retryIteration" value="0" />
                <property name="repeatIteration" value="0" />
              </properties>
            </test-case>
            <test-case id="1299" name="HandGlowVFX_SetColor_DoesNotThrow" fullname="RIMA.Tests.VFXTests.HandGlowVFX_SetColor_DoesNotThrow" methodname="HandGlowVFX_SetColor_DoesNotThrow" classname="RIMA.Tests.VFXTests" runstate="Runnable" seed="807315770" result="Passed" start-time="2026-05-18 02:42:56Z" end-time="2026-05-18 02:42:56Z" duration="0.000241" asserts="0">
              <properties>
                <property name="retryIteration" value="0" />
                <property name="repeatIteration" value="0" />
              </properties>
            </test-case>
            <test-case id="1302" name="RiftGlowVFX_RequiresParticleSystem_AutoAdded" fullname="RIMA.Tests.VFXTests.RiftGlowVFX_RequiresParticleSystem_AutoAdded" methodname="RiftGlowVFX_RequiresParticleSystem_AutoAdded" classname="RIMA.Tests.VFXTests" runstate="Runnable" seed="484815883" result="Passed" start-time="2026-05-18 02:42:56Z" end-time="2026-05-18 02:42:56Z" duration="0.000247" asserts="0">
              <properties>
                <property name="retryIteration" value="0" />
                <property name="repeatIteration" value="0" />
              </properties>
            </test-case>
            <test-case id="1305" name="RiftGlowVFX_SetCastState_False_DoesNotThrow" fullname="RIMA.Tests.VFXTests.RiftGlowVFX_SetCastState_False_DoesNotThrow" methodname="RiftGlowVFX_SetCastState_False_DoesNotThrow" classname="RIMA.Tests.VFXTests" runstate="Runnable" seed="1043842775" result="Passed" start-time="2026-05-18 02:42:56Z" end-time="2026-05-18 02:42:56Z" duration="0.000197" asserts="0">
              <properties>
                <property name="retryIteration" value="0" />
                <property name="repeatIteration" value="0" />
              </properties>
            </test-case>
            <test-case id="1304" name="RiftGlowVFX_SetCastState_True_DoesNotThrow" fullname="RIMA.Tests.VFXTests.RiftGlowVFX_SetCastState_True_DoesNotThrow" methodname="RiftGlowVFX_SetCastState_True_DoesNotThrow" classname="RIMA.Tests.VFXTests" runstate="Runnable" seed="163600480" result="Passed" start-time="2026-05-18 02:42:56Z" end-time="2026-05-18 02:42:56Z" duration="0.000200" asserts="0">
              <properties>
                <property name="retryIteration" value="0" />
                <property name="repeatIteration" value="0" />
              </properties>
            </test-case>
            <test-case id="1303" name="RiftGlowVFX_SetColor_DoesNotThrow" fullname="RIMA.Tests.VFXTests.RiftGlowVFX_SetColor_DoesNotThrow" methodname="RiftGlowVFX_SetColor_DoesNotThrow" classname="RIMA.Tests.VFXTests" runstate="Runnable" seed="1006596176" result="Passed" start-time="2026-05-18 02:42:56Z" end-time="2026-05-18 02:42:56Z" duration="0.000388" asserts="0">
              <properties>
                <property name="retryIteration" value="0" />
                <property name="repeatIteration" value="0" />
              </properties>
              <output><![CDATA[<b><color=#2EA3FF>MCP-FOR-UNITY</color></b>: [TestRunnerNoThrottle] Restored Interaction Mode after test run.
Saving results to: C:/Users/ydbil/AppData/LocalLow/DefaultCompany/RIMA\TestResults.xml
]]></output>
            </test-case>
          </test-suite>
        </test-suite>
      </test-suite>
    </test-suite>
  </test-suite>
</test-run>