<?xml version="1.0" encoding="utf-8"?>
<test-run id="2" testcasecount="377" result="Passed" total="377" passed="376" failed="0" inconclusive="1" skipped="0" asserts="0" engine-version="3.5.0.0" clr-version="4.0.30319.42000" start-time="2026-05-18 03:03:29Z" end-time="2026-05-18 03:03:38Z" duration="9,3696738">
  <test-suite type="TestSuite" id="1000" name="RIMA" fullname="RIMA" runstate="Runnable" testcasecount="377" result="Passed" start-time="2026-05-18 03:03:29Z" end-time="2026-05-18 03:03:38Z" duration="9.369674" total="377" passed="376" failed="0" inconclusive="1" skipped="0" asserts="0">
    <properties>
      <property name="platform" value="EditMode" />
    </properties>
    <test-suite type="Assembly" id="1091" name="RIMA.Brush.Tests.dll" fullname="F:/Antigravity Projeler/2d roguelite/RIMA/Library/ScriptAssemblies/RIMA.Brush.Tests.dll" runstate="Runnable" testcasecount="75" result="Passed" start-time="2026-05-18 03:03:29Z" end-time="2026-05-18 03:03:30Z" duration="1.586029" total="75" passed="75" failed="0" inconclusive="0" skipped="0" asserts="0">
      <properties>
        <property name="_PID" value="35016" />
        <property name="_APPDOMAIN" value="Unity Child Domain" />
        <property name="platform" value="EditMode" />
        <property name="EditorOnly" value="True" />
      </properties>
      <test-suite type="TestSuite" id="1092" name="RIMA" fullname="RIMA" runstate="Runnable" testcasecount="75" result="Passed" start-time="2026-05-18 03:03:29Z" end-time="2026-05-18 03:03:30Z" duration="1.585417" total="75" passed="75" failed="0" inconclusive="0" skipped="0" asserts="0">
        <properties />
        <test-suite type="TestSuite" id="1095" name="MapDesigner" fullname="RIMA.MapDesigner" runstate="Runnable" testcasecount="25" result="Passed" start-time="2026-05-18 03:03:29Z" end-time="2026-05-18 03:03:30Z" duration="1.370663" total="25" passed="25" failed="0" inconclusive="0" skipped="0" asserts="0">
          <properties />
          <test-suite type="TestSuite" id="1096" name="Brush" fullname="RIMA.MapDesigner.Brush" runstate="Runnable" testcasecount="25" result="Passed" start-time="2026-05-18 03:03:29Z" end-time="2026-05-18 03:03:30Z" duration="1.370459" total="25" passed="25" failed="0" inconclusive="0" skipped="0" asserts="0">
            <properties />
            <test-suite type="TestSuite" id="1097" name="Tests" fullname="RIMA.MapDesigner.Brush.Tests" runstate="Runnable" testcasecount="25" result="Passed" start-time="2026-05-18 03:03:29Z" end-time="2026-05-18 03:03:30Z" duration="1.370207" total="25" passed="25" failed="0" inconclusive="0" skipped="0" asserts="0">
              <properties />
              <test-suite type="TestFixture" id="1061" name="AssetPoolMigrationTests" fullname="RIMA.MapDesigner.Brush.Tests.AssetPoolMigrationTests" classname="RIMA.MapDesigner.Brush.Tests.AssetPoolMigrationTests" runstate="Runnable" testcasecount="4" result="Passed" start-time="2026-05-18 03:03:29Z" end-time="2026-05-18 03:03:29Z" duration="0.018399" total="4" passed="4" failed="0" inconclusive="0" skipped="0" asserts="0">
                <properties />
                <test-case id="1064" name="EmptyPool_ReturnsNull" fullname="RIMA.MapDesigner.Brush.Tests.AssetPoolMigrationTests.EmptyPool_ReturnsNull" methodname="EmptyPool_ReturnsNull" classname="RIMA.MapDesigner.Brush.Tests.AssetPoolMigrationTests" runstate="Runnable" seed="1339945862" result="Passed" start-time="2026-05-18 03:03:29Z" end-time="2026-05-18 03:03:29Z" duration="0.004474" asserts="0">
                  <properties>
                    <property name="retryIteration" value="0" />
                    <property name="repeatIteration" value="0" />
                  </properties>
                </test-case>
                <test-case id="1062" name="LegacySprites_StillReadable" fullname="RIMA.MapDesigner.Brush.Tests.AssetPoolMigrationTests.LegacySprites_StillReadable" methodname="LegacySprites_StillReadable" classname="RIMA.MapDesigner.Brush.Tests.AssetPoolMigrationTests" runstate="Runnable" seed="1194832517" result="Passed" start-time="2026-05-18 03:03:29Z" end-time="2026-05-18 03:03:29Z" duration="0.002577" asserts="0">
                  <properties>
                    <property name="retryIteration" value="0" />
                    <property name="repeatIteration" value="0" />
                  </properties>
                </test-case>
                <test-case id="1065" name="PickVariant_BucketAware" fullname="RIMA.MapDesigner.Brush.Tests.AssetPoolMigrationTests.PickVariant_BucketAware" methodname="PickVariant_BucketAware" classname="RIMA.MapDesigner.Brush.Tests.AssetPoolMigrationTests" runstate="Runnable" seed="1540561380" result="Passed" start-time="2026-05-18 03:03:29Z" end-time="2026-05-18 03:03:29Z" duration="0.003251" asserts="0">
                  <properties>
                    <property name="retryIteration" value="0" />
                    <property name="repeatIteration" value="0" />
                  </properties>
                </test-case>
                <test-case id="1063" name="VariantsPath_PreferredOverLegacy" fullname="RIMA.MapDesigner.Brush.Tests.AssetPoolMigrationTests.VariantsPath_PreferredOverLegacy" methodname="VariantsPath_PreferredOverLegacy" classname="RIMA.MapDesigner.Brush.Tests.AssetPoolMigrationTests" runstate="Runnable" seed="956559621" result="Passed" start-time="2026-05-18 03:03:29Z" end-time="2026-05-18 03:03:29Z" duration="0.000394" asserts="0">
                  <properties>
                    <property name="retryIteration" value="0" />
                    <property name="repeatIteration" value="0" />
                  </properties>
                </test-case>
              </test-suite>
              <test-suite type="TestFixture" id="1066" name="BrushAtlasImporterTests" fullname="RIMA.MapDesigner.Brush.Tests.BrushAtlasImporterTests" classname="RIMA.MapDesigner.Brush.Tests.BrushAtlasImporterTests" runstate="Runnable" testcasecount="4" result="Passed" start-time="2026-05-18 03:03:29Z" end-time="2026-05-18 03:03:30Z" duration="1.112366" total="4" passed="4" failed="0" inconclusive="0" skipped="0" asserts="0">
                <properties />
                <test-case id="1068" name="Import_PreservesAssetGuid_OnReimport" fullname="RIMA.MapDesigner.Brush.Tests.BrushAtlasImporterTests.Import_PreservesAssetGuid_OnReimport" methodname="Import_PreservesAssetGuid_OnReimport" classname="RIMA.MapDesigner.Brush.Tests.BrushAtlasImporterTests" runstate="Runnable" seed="1188109351" result="Passed" start-time="2026-05-18 03:03:29Z" end-time="2026-05-18 03:03:29Z" duration="0.374736" asserts="0">
                  <properties>
                    <property name="retryIteration" value="0" />
                    <property name="repeatIteration" value="0" />
                  </properties>
                </test-case>
                <test-case id="1067" name="Import_ProducesVariants_NoRuntimeScale" fullname="RIMA.MapDesigner.Brush.Tests.BrushAtlasImporterTests.Import_ProducesVariants_NoRuntimeScale" methodname="Import_ProducesVariants_NoRuntimeScale" classname="RIMA.MapDesigner.Brush.Tests.BrushAtlasImporterTests" runstate="Runnable" seed="815490783" result="Passed" start-time="2026-05-18 03:03:29Z" end-time="2026-05-18 03:03:30Z" duration="0.284203" asserts="0">
                  <properties>
                    <property name="retryIteration" value="0" />
                    <property name="repeatIteration" value="0" />
                  </properties>
                </test-case>
                <test-case id="1069" name="Import_WangAware_ParsesTilesetDataNested" fullname="RIMA.MapDesigner.Brush.Tests.BrushAtlasImporterTests.Import_WangAware_ParsesTilesetDataNested" methodname="Import_WangAware_ParsesTilesetDataNested" classname="RIMA.MapDesigner.Brush.Tests.BrushAtlasImporterTests" runstate="Runnable" seed="1081942040" result="Passed" start-time="2026-05-18 03:03:30Z" end-time="2026-05-18 03:03:30Z" duration="0.295930" asserts="0">
                  <properties>
                    <property name="retryIteration" value="0" />
                    <property name="repeatIteration" value="0" />
                  </properties>
                </test-case>
                <test-case id="1070" name="Import_WrongPath_ReturnsError" fullname="RIMA.MapDesigner.Brush.Tests.BrushAtlasImporterTests.Import_WrongPath_ReturnsError" methodname="Import_WrongPath_ReturnsError" classname="RIMA.MapDesigner.Brush.Tests.BrushAtlasImporterTests" runstate="Runnable" seed="2128116211" result="Passed" start-time="2026-05-18 03:03:30Z" end-time="2026-05-18 03:03:30Z" duration="0.156260" asserts="0">
                  <properties>
                    <property name="retryIteration" value="0" />
                    <property name="repeatIteration" value="0" />
                  </properties>
                </test-case>
              </test-suite>
              <test-suite type="TestFixture" id="1071" name="BrushAtlasValidatorTests" fullname="RIMA.MapDesigner.Brush.Tests.BrushAtlasValidatorTests" classname="RIMA.MapDesigner.Brush.Tests.BrushAtlasValidatorTests" runstate="Runnable" testcasecount="5" result="Passed" start-time="2026-05-18 03:03:30Z" end-time="2026-05-18 03:03:30Z" duration="0.003526" total="5" passed="5" failed="0" inconclusive="0" skipped="0" asserts="0">
                <properties />
                <test-case id="1072" name="DetectsDuplicateVariantId" fullname="RIMA.MapDesigner.Brush.Tests.BrushAtlasValidatorTests.DetectsDuplicateVariantId" methodname="DetectsDuplicateVariantId" classname="RIMA.MapDesigner.Brush.Tests.BrushAtlasValidatorTests" runstate="Runnable" seed="985729377" result="Passed" start-time="2026-05-18 03:03:30Z" end-time="2026-05-18 03:03:30Z" duration="0.000842" asserts="0">
                  <properties>
                    <property name="retryIteration" value="0" />
                    <property name="repeatIteration" value="0" />
                  </properties>
                </test-case>
                <test-case id="1073" name="DetectsZeroWeight" fullname="RIMA.MapDesigner.Brush.Tests.BrushAtlasValidatorTests.DetectsZeroWeight" methodname="DetectsZeroWeight" classname="RIMA.MapDesigner.Brush.Tests.BrushAtlasValidatorTests" runstate="Runnable" seed="125036695" result="Passed" start-time="2026-05-18 03:03:30Z" end-time="2026-05-18 03:03:30Z" duration="0.000338" asserts="0">
                  <properties>
                    <property name="retryIteration" value="0" />
                    <property name="repeatIteration" value="0" />
                  </properties>
                </test-case>
                <test-case id="1074" name="EmitsInfoCounts" fullname="RIMA.MapDesigner.Brush.Tests.BrushAtlasValidatorTests.EmitsInfoCounts" methodname="EmitsInfoCounts" classname="RIMA.MapDesigner.Brush.Tests.BrushAtlasValidatorTests" runstate="Runnable" seed="1162008604" result="Passed" start-time="2026-05-18 03:03:30Z" end-time="2026-05-18 03:03:30Z" duration="0.000412" asserts="0">
                  <properties>
                    <property name="retryIteration" value="0" />
                    <property name="repeatIteration" value="0" />
                  </properties>
                </test-case>
                <test-case id="1076" name="MasterSizeMismatch_ReturnsError" fullname="RIMA.MapDesigner.Brush.Tests.BrushAtlasValidatorTests.MasterSizeMismatch_ReturnsError" methodname="MasterSizeMismatch_ReturnsError" classname="RIMA.MapDesigner.Brush.Tests.BrushAtlasValidatorTests" runstate="Runnable" seed="346725870" result="Passed" start-time="2026-05-18 03:03:30Z" end-time="2026-05-18 03:03:30Z" duration="0.000469" asserts="0">
                  <properties>
                    <property name="retryIteration" value="0" />
                    <property name="repeatIteration" value="0" />
                  </properties>
                </test-case>
                <test-case id="1075" name="NullPool_ReturnsError" fullname="RIMA.MapDesigner.Brush.Tests.BrushAtlasValidatorTests.NullPool_ReturnsError" methodname="NullPool_ReturnsError" classname="RIMA.MapDesigner.Brush.Tests.BrushAtlasValidatorTests" runstate="Runnable" seed="1969672012" result="Passed" start-time="2026-05-18 03:03:30Z" end-time="2026-05-18 03:03:30Z" duration="0.000203" asserts="0">
                  <properties>
                    <property name="retryIteration" value="0" />
                    <property name="repeatIteration" value="0" />
                  </properties>
                </test-case>
              </test-suite>
              <test-suite type="TestFixture" id="1077" name="BrushRadiusProfileTests" fullname="RIMA.MapDesigner.Brush.Tests.BrushRadiusProfileTests" classname="RIMA.MapDesigner.Brush.Tests.BrushRadiusProfileTests" runstate="Runnable" testcasecount="5" result="Passed" start-time="2026-05-18 03:03:30Z" end-time="2026-05-18 03:03:30Z" duration="0.002138" total="5" passed="5" failed="0" inconclusive="0" skipped="0" asserts="0">
                <properties />
                <test-case id="1082" name="Radius_OutOfRange_Empty" fullname="RIMA.MapDesigner.Brush.Tests.BrushRadiusProfileTests.Radius_OutOfRange_Empty" methodname="Radius_OutOfRange_Empty" classname="RIMA.MapDesigner.Brush.Tests.BrushRadiusProfileTests" runstate="Runnable" seed="1052417895" result="Passed" start-time="2026-05-18 03:03:30Z" end-time="2026-05-18 03:03:30Z" duration="0.000212" asserts="0">
                  <properties>
                    <property name="retryIteration" value="0" />
                    <property name="repeatIteration" value="0" />
                  </properties>
                </test-case>
                <test-case id="1078" name="Radius1_AllMicro" fullname="RIMA.MapDesigner.Brush.Tests.BrushRadiusProfileTests.Radius1_AllMicro" methodname="Radius1_AllMicro" classname="RIMA.MapDesigner.Brush.Tests.BrushRadiusProfileTests" runstate="Runnable" seed="1230020056" result="Passed" start-time="2026-05-18 03:03:30Z" end-time="2026-05-18 03:03:30Z" duration="0.000705" asserts="0">
                  <properties>
                    <property name="retryIteration" value="0" />
                    <property name="repeatIteration" value="0" />
                  </properties>
                </test-case>
                <test-case id="1081" name="Radius10_AllHero" fullname="RIMA.MapDesigner.Brush.Tests.BrushRadiusProfileTests.Radius10_AllHero" methodname="Radius10_AllHero" classname="RIMA.MapDesigner.Brush.Tests.BrushRadiusProfileTests" runstate="Runnable" seed="1116703343" result="Passed" start-time="2026-05-18 03:03:30Z" end-time="2026-05-18 03:03:30Z" duration="0.000159" asserts="0">
                  <properties>
                    <property name="retryIteration" value="0" />
                    <property name="repeatIteration" value="0" />
                  </properties>
                </test-case>
                <test-case id="1079" name="Radius4_SmallMedium_5050" fullname="RIMA.MapDesigner.Brush.Tests.BrushRadiusProfileTests.Radius4_SmallMedium_5050" methodname="Radius4_SmallMedium_5050" classname="RIMA.MapDesigner.Brush.Tests.BrushRadiusProfileTests" runstate="Runnable" seed="1992319017" result="Passed" start-time="2026-05-18 03:03:30Z" end-time="2026-05-18 03:03:30Z" duration="0.000121" asserts="0">
                  <properties>
                    <property name="retryIteration" value="0" />
                    <property name="repeatIteration" value="0" />
                  </properties>
                </test-case>
                <test-case id="1080" name="Radius8_LargeHero_6040" fullname="RIMA.MapDesigner.Brush.Tests.BrushRadiusProfileTests.Radius8_LargeHero_6040" methodname="Radius8_LargeHero_6040" classname="RIMA.MapDesigner.Brush.Tests.BrushRadiusProfileTests" runstate="Runnable" seed="1806211632" result="Passed" start-time="2026-05-18 03:03:30Z" end-time="2026-05-18 03:03:30Z" duration="0.000100" asserts="0">
                  <properties>
                    <property name="retryIteration" value="0" />
                    <property name="repeatIteration" value="0" />
                  </properties>
                </test-case>
              </test-suite>
              <test-suite type="TestFixture" id="1083" name="BrushWindowTests" fullname="RIMA.MapDesigner.Brush.Tests.BrushWindowTests" classname="RIMA.MapDesigner.Brush.Tests.BrushWindowTests" runstate="Runnable" testcasecount="7" result="Passed" start-time="2026-05-18 03:03:30Z" end-time="2026-05-18 03:03:30Z" duration="0.232847" total="7" passed="7" failed="0" inconclusive="0" skipped="0" asserts="0">
                <properties />
                <test-case id="1086" name="AdjustBrushSize_ChangesSize" fullname="RIMA.MapDesigner.Brush.Tests.BrushWindowTests.AdjustBrushSize_ChangesSize" methodname="AdjustBrushSize_ChangesSize" classname="RIMA.MapDesigner.Brush.Tests.BrushWindowTests" runstate="Runnable" seed="461556529" result="Passed" start-time="2026-05-18 03:03:30Z" end-time="2026-05-18 03:03:30Z" duration="0.105466" asserts="0">
                  <properties>
                    <property name="retryIteration" value="0" />
                    <property name="repeatIteration" value="0" />
                  </properties>
                </test-case>
                <test-case id="1087" name="AdjustBrushSize_Clamped" fullname="RIMA.MapDesigner.Brush.Tests.BrushWindowTests.AdjustBrushSize_Clamped" methodname="AdjustBrushSize_Clamped" classname="RIMA.MapDesigner.Brush.Tests.BrushWindowTests" runstate="Runnable" seed="1478361912" result="Passed" start-time="2026-05-18 03:03:30Z" end-time="2026-05-18 03:03:30Z" duration="0.019816" asserts="0">
                  <properties>
                    <property name="retryIteration" value="0" />
                    <property name="repeatIteration" value="0" />
                  </properties>
                </test-case>
                <test-case id="1090" name="GetCurrent_ReturnsActiveWindow" fullname="RIMA.MapDesigner.Brush.Tests.BrushWindowTests.GetCurrent_ReturnsActiveWindow" methodname="GetCurrent_ReturnsActiveWindow" classname="RIMA.MapDesigner.Brush.Tests.BrushWindowTests" runstate="Runnable" seed="240339383" result="Passed" start-time="2026-05-18 03:03:30Z" end-time="2026-05-18 03:03:30Z" duration="0.020440" asserts="0">
                  <properties>
                    <property name="retryIteration" value="0" />
                    <property name="repeatIteration" value="0" />
                  </properties>
                </test-case>
                <test-case id="1089" name="SelectBrushBySlot_FindsByHotkeyIndex" fullname="RIMA.MapDesigner.Brush.Tests.BrushWindowTests.SelectBrushBySlot_FindsByHotkeyIndex" methodname="SelectBrushBySlot_FindsByHotkeyIndex" classname="RIMA.MapDesigner.Brush.Tests.BrushWindowTests" runstate="Runnable" seed="2019083437" result="Passed" start-time="2026-05-18 03:03:30Z" end-time="2026-05-18 03:03:30Z" duration="0.023425" asserts="0">
                  <properties>
                    <property name="retryIteration" value="0" />
                    <property name="repeatIteration" value="0" />
                  </properties>
                </test-case>
                <test-case id="1088" name="SetBrush_UpdatesSelection" fullname="RIMA.MapDesigner.Brush.Tests.BrushWindowTests.SetBrush_UpdatesSelection" methodname="SetBrush_UpdatesSelection" classname="RIMA.MapDesigner.Brush.Tests.BrushWindowTests" runstate="Runnable" seed="943854334" result="Passed" start-time="2026-05-18 03:03:30Z" end-time="2026-05-18 03:03:30Z" duration="0.019492" asserts="0">
                  <properties>
                    <property name="retryIteration" value="0" />
                    <property name="repeatIteration" value="0" />
                  </properties>
                </test-case>
                <test-case id="1085" name="SetMode_ChangesToolMode" fullname="RIMA.MapDesigner.Brush.Tests.BrushWindowTests.SetMode_ChangesToolMode" methodname="SetMode_ChangesToolMode" classname="RIMA.MapDesigner.Brush.Tests.BrushWindowTests" runstate="Runnable" seed="1390447205" result="Passed" start-time="2026-05-18 03:03:30Z" end-time="2026-05-18 03:03:30Z" duration="0.022101" asserts="0">
                  <properties>
                    <property name="retryIteration" value="0" />
                    <property name="repeatIteration" value="0" />
                  </properties>
                </test-case>
                <test-case id="1084" name="WindowOpens_NoExceptions" fullname="RIMA.MapDesigner.Brush.Tests.BrushWindowTests.WindowOpens_NoExceptions" methodname="WindowOpens_NoExceptions" classname="RIMA.MapDesigner.Brush.Tests.BrushWindowTests" runstate="Runnable" seed="321990582" result="Passed" start-time="2026-05-18 03:03:30Z" end-time="2026-05-18 03:03:30Z" duration="0.020774" asserts="0">
                  <properties>
                    <property name="retryIteration" value="0" />
                    <property name="repeatIteration" value="0" />
                  </properties>
                </test-case>
              </test-suite>
            </test-suite>
          </test-suite>
        </test-suite>
        <test-suite type="TestSuite" id="1093" name="Tests" fullname="RIMA.Tests" runstate="Runnable" testcasecount="50" result="Passed" start-time="2026-05-18 03:03:30Z" end-time="2026-05-18 03:03:30Z" duration="0.214157" total="50" passed="50" failed="0" inconclusive="0" skipped="0" asserts="0">
          <properties />
          <test-suite type="TestSuite" id="1094" name="Brush" fullname="RIMA.Tests.Brush" runstate="Runnable" testcasecount="50" result="Passed" start-time="2026-05-18 03:03:30Z" end-time="2026-05-18 03:03:30Z" duration="0.198878" total="50" passed="50" failed="0" inconclusive="0" skipped="0" asserts="0">
            <properties />
            <test-suite type="TestFixture" id="1002" name="BiomeSkinTests" fullname="RIMA.Tests.Brush.BiomeSkinTests" classname="RIMA.Tests.Brush.BiomeSkinTests" runstate="Runnable" testcasecount="5" result="Passed" start-time="2026-05-18 03:03:30Z" end-time="2026-05-18 03:03:30Z" duration="0.009456" total="5" passed="5" failed="0" inconclusive="0" skipped="0" asserts="0">
              <properties />
              <test-case id="1004" name="ApplySkin_EmptyRules_ReturnsZero" fullname="RIMA.Tests.Brush.BiomeSkinTests.ApplySkin_EmptyRules_ReturnsZero" methodname="ApplySkin_EmptyRules_ReturnsZero" classname="RIMA.Tests.Brush.BiomeSkinTests" runstate="Runnable" seed="461141780" result="Passed" start-time="2026-05-18 03:03:30Z" end-time="2026-05-18 03:03:30Z" duration="0.001755" asserts="0">
                <properties>
                  <property name="retryIteration" value="0" />
                  <property name="repeatIteration" value="0" />
                </properties>
              </test-case>
              <test-case id="1007" name="ApplySkin_LoadsAllFourDefaultSkins" fullname="RIMA.Tests.Brush.BiomeSkinTests.ApplySkin_LoadsAllFourDefaultSkins" methodname="ApplySkin_LoadsAllFourDefaultSkins" classname="RIMA.Tests.Brush.BiomeSkinTests" runstate="Runnable" seed="1094568284" result="Passed" start-time="2026-05-18 03:03:30Z" end-time="2026-05-18 03:03:30Z" duration="0.001615" asserts="0">
                <properties>
                  <property name="retryIteration" value="0" />
                  <property name="repeatIteration" value="0" />
                </properties>
              </test-case>
              <test-case id="1003" name="ApplySkin_NullSkin_ReturnsZero" fullname="RIMA.Tests.Brush.BiomeSkinTests.ApplySkin_NullSkin_ReturnsZero" methodname="ApplySkin_NullSkin_ReturnsZero" classname="RIMA.Tests.Brush.BiomeSkinTests" runstate="Runnable" seed="1466227630" result="Passed" start-time="2026-05-18 03:03:30Z" end-time="2026-05-18 03:03:30Z" duration="0.000102" asserts="0">
                <properties>
                  <property name="retryIteration" value="0" />
                  <property name="repeatIteration" value="0" />
                </properties>
              </test-case>
              <test-case id="1006" name="ApplySkin_RemembersLastApplied" fullname="RIMA.Tests.Brush.BiomeSkinTests.ApplySkin_RemembersLastApplied" methodname="ApplySkin_RemembersLastApplied" classname="RIMA.Tests.Brush.BiomeSkinTests" runstate="Runnable" seed="786890657" result="Passed" start-time="2026-05-18 03:03:30Z" end-time="2026-05-18 03:03:30Z" duration="0.000603" asserts="0">
                <properties>
                  <property name="retryIteration" value="0" />
                  <property name="repeatIteration" value="0" />
                </properties>
              </test-case>
              <test-case id="1005" name="ApplySkin_TouchesSpriteRenderers" fullname="RIMA.Tests.Brush.BiomeSkinTests.ApplySkin_TouchesSpriteRenderers" methodname="ApplySkin_TouchesSpriteRenderers" classname="RIMA.Tests.Brush.BiomeSkinTests" runstate="Runnable" seed="537115680" result="Passed" start-time="2026-05-18 03:03:30Z" end-time="2026-05-18 03:03:30Z" duration="0.004634" asserts="0">
                <properties>
                  <property name="retryIteration" value="0" />
                  <property name="repeatIteration" value="0" />
                </properties>
              </test-case>
            </test-suite>
            <test-suite type="TestFixture" id="1008" name="BrushAutomationTests" fullname="RIMA.Tests.Brush.BrushAutomationTests" classname="RIMA.Tests.Brush.BrushAutomationTests" runstate="Runnable" testcasecount="7" result="Passed" start-time="2026-05-18 03:03:30Z" end-time="2026-05-18 03:03:30Z" duration="0.010683" total="7" passed="7" failed="0" inconclusive="0" skipped="0" asserts="0">
              <properties />
              <test-case id="1010" name="AutoDress_EmptyPack_ReturnsFailure" fullname="RIMA.Tests.Brush.BrushAutomationTests.AutoDress_EmptyPack_ReturnsFailure" methodname="AutoDress_EmptyPack_ReturnsFailure" classname="RIMA.Tests.Brush.BrushAutomationTests" runstate="Runnable" seed="645597046" result="Passed" start-time="2026-05-18 03:03:30Z" end-time="2026-05-18 03:03:30Z" duration="0.000968" asserts="0">
                <properties>
                  <property name="retryIteration" value="0" />
                  <property name="repeatIteration" value="0" />
                </properties>
              </test-case>
              <test-case id="1009" name="AutoDress_NullPack_ReturnsFailure" fullname="RIMA.Tests.Brush.BrushAutomationTests.AutoDress_NullPack_ReturnsFailure" methodname="AutoDress_NullPack_ReturnsFailure" classname="RIMA.Tests.Brush.BrushAutomationTests" runstate="Runnable" seed="361975183" result="Passed" start-time="2026-05-18 03:03:30Z" end-time="2026-05-18 03:03:30Z" duration="0.000090" asserts="0">
                <properties>
                  <property name="retryIteration" value="0" />
                  <property name="repeatIteration" value="0" />
                </properties>
              </test-case>
              <test-case id="1012" name="RegenerateDecorative_ClearLayerContainers_NoExceptionWhenAbsent" fullname="RIMA.Tests.Brush.BrushAutomationTests.RegenerateDecorative_ClearLayerContainers_NoExceptionWhenAbsent" methodname="RegenerateDecorative_ClearLayerContainers_NoExceptionWhenAbsent" classname="RIMA.Tests.Brush.BrushAutomationTests" runstate="Runnable" seed="1362411973" result="Passed" start-time="2026-05-18 03:03:30Z" end-time="2026-05-18 03:03:30Z" duration="0.000743" asserts="0">
                <properties>
                  <property name="retryIteration" value="0" />
                  <property name="repeatIteration" value="0" />
                </properties>
              </test-case>
              <test-case id="1011" name="RegenerateDecorative_NullPack_DoesNotThrow" fullname="RIMA.Tests.Brush.BrushAutomationTests.RegenerateDecorative_NullPack_DoesNotThrow" methodname="RegenerateDecorative_NullPack_DoesNotThrow" classname="RIMA.Tests.Brush.BrushAutomationTests" runstate="Runnable" seed="479689540" result="Passed" start-time="2026-05-18 03:03:30Z" end-time="2026-05-18 03:03:30Z" duration="0.000432" asserts="0">
                <properties>
                  <property name="retryIteration" value="0" />
                  <property name="repeatIteration" value="0" />
                </properties>
              </test-case>
              <test-case id="1014" name="SmartFill_BrushWithoutOperations_ReturnsFailure" fullname="RIMA.Tests.Brush.BrushAutomationTests.SmartFill_BrushWithoutOperations_ReturnsFailure" methodname="SmartFill_BrushWithoutOperations_ReturnsFailure" classname="RIMA.Tests.Brush.BrushAutomationTests" runstate="Runnable" seed="460601804" result="Passed" start-time="2026-05-18 03:03:30Z" end-time="2026-05-18 03:03:30Z" duration="0.000977" asserts="0">
                <properties>
                  <property name="retryIteration" value="0" />
                  <property name="repeatIteration" value="0" />
                </properties>
              </test-case>
              <test-case id="1015" name="SmartFill_ClampsSelectionToRoomBounds" fullname="RIMA.Tests.Brush.BrushAutomationTests.SmartFill_ClampsSelectionToRoomBounds" methodname="SmartFill_ClampsSelectionToRoomBounds" classname="RIMA.Tests.Brush.BrushAutomationTests" runstate="Runnable" seed="1019390375" result="Passed" start-time="2026-05-18 03:03:30Z" end-time="2026-05-18 03:03:30Z" duration="0.001688" asserts="0">
                <properties>
                  <property name="retryIteration" value="0" />
                  <property name="repeatIteration" value="0" />
                </properties>
              </test-case>
              <test-case id="1013" name="SmartFill_NullBrush_ReturnsFailure" fullname="RIMA.Tests.Brush.BrushAutomationTests.SmartFill_NullBrush_ReturnsFailure" methodname="SmartFill_NullBrush_ReturnsFailure" classname="RIMA.Tests.Brush.BrushAutomationTests" runstate="Runnable" seed="1865721302" result="Passed" start-time="2026-05-18 03:03:30Z" end-time="2026-05-18 03:03:30Z" duration="0.000112" asserts="0">
                <properties>
                  <property name="retryIteration" value="0" />
                  <property name="repeatIteration" value="0" />
                </properties>
              </test-case>
            </test-suite>
            <test-suite type="TestFixture" id="1016" name="BrushCompositeTests" fullname="RIMA.Tests.Brush.BrushCompositeTests" classname="RIMA.Tests.Brush.BrushCompositeTests" runstate="Runnable" testcasecount="5" result="Passed" start-time="2026-05-18 03:03:30Z" end-time="2026-05-18 03:03:30Z" duration="0.012861" total="5" passed="5" failed="0" inconclusive="0" skipped="0" asserts="0">
              <properties />
              <test-case id="1017" name="Composite_FiresAllOperations" fullname="RIMA.Tests.Brush.BrushCompositeTests.Composite_FiresAllOperations" methodname="Composite_FiresAllOperations" classname="RIMA.Tests.Brush.BrushCompositeTests" runstate="Runnable" seed="450133533" result="Passed" start-time="2026-05-18 03:03:30Z" end-time="2026-05-18 03:03:30Z" duration="0.002247" asserts="0">
                <properties>
                  <property name="retryIteration" value="0" />
                  <property name="repeatIteration" value="0" />
                </properties>
              </test-case>
              <test-case id="1018" name="Composite_RespectsProbabilityGate" fullname="RIMA.Tests.Brush.BrushCompositeTests.Composite_RespectsProbabilityGate" methodname="Composite_RespectsProbabilityGate" classname="RIMA.Tests.Brush.BrushCompositeTests" runstate="Runnable" seed="1685174445" result="Passed" start-time="2026-05-18 03:03:30Z" end-time="2026-05-18 03:03:30Z" duration="0.000661" asserts="0">
                <properties>
                  <property name="retryIteration" value="0" />
                  <property name="repeatIteration" value="0" />
                </properties>
              </test-case>
              <test-case id="1019" name="Composite_SingleUndoGroup" fullname="RIMA.Tests.Brush.BrushCompositeTests.Composite_SingleUndoGroup" methodname="Composite_SingleUndoGroup" classname="RIMA.Tests.Brush.BrushCompositeTests" runstate="Runnable" seed="173801860" result="Passed" start-time="2026-05-18 03:03:30Z" end-time="2026-05-18 03:03:30Z" duration="0.004085" asserts="0">
                <properties>
                  <property name="retryIteration" value="0" />
                  <property name="repeatIteration" value="0" />
                </properties>
              </test-case>
              <test-case id="1020" name="DefaultPack_AllBrushesValid" fullname="RIMA.Tests.Brush.BrushCompositeTests.DefaultPack_AllBrushesValid" methodname="DefaultPack_AllBrushesValid" classname="RIMA.Tests.Brush.BrushCompositeTests" runstate="Runnable" seed="73896434" result="Passed" start-time="2026-05-18 03:03:30Z" end-time="2026-05-18 03:03:30Z" duration="0.004522" asserts="0">
                <properties>
                  <property name="retryIteration" value="0" />
                  <property name="repeatIteration" value="0" />
                </properties>
              </test-case>
              <test-case id="1021" name="DefaultPack_HotkeyUniqueness" fullname="RIMA.Tests.Brush.BrushCompositeTests.DefaultPack_HotkeyUniqueness" methodname="DefaultPack_HotkeyUniqueness" classname="RIMA.Tests.Brush.BrushCompositeTests" runstate="Runnable" seed="229235438" result="Passed" start-time="2026-05-18 03:03:30Z" end-time="2026-05-18 03:03:30Z" duration="0.000613" asserts="0">
                <properties>
                  <property name="retryIteration" value="0" />
                  <property name="repeatIteration" value="0" />
                </properties>
              </test-case>
            </test-suite>
            <test-suite type="TestFixture" id="1022" name="BrushDataFirstExecutorTests" fullname="RIMA.Tests.Brush.BrushDataFirstExecutorTests" classname="RIMA.Tests.Brush.BrushDataFirstExecutorTests" runstate="Runnable" testcasecount="5" result="Passed" start-time="2026-05-18 03:03:30Z" end-time="2026-05-18 03:03:30Z" duration="0.018861" total="5" passed="5" failed="0" inconclusive="0" skipped="0" asserts="0">
              <properties />
              <test-case id="1027" name="Chunk_Renderer_Builds_Mesh_From_SO" fullname="RIMA.Tests.Brush.BrushDataFirstExecutorTests.Chunk_Renderer_Builds_Mesh_From_SO" methodname="Chunk_Renderer_Builds_Mesh_From_SO" classname="RIMA.Tests.Brush.BrushDataFirstExecutorTests" runstate="Runnable" seed="182329519" result="Passed" start-time="2026-05-18 03:03:30Z" end-time="2026-05-18 03:03:30Z" duration="0.008169" asserts="0">
                <properties>
                  <property name="retryIteration" value="0" />
                  <property name="repeatIteration" value="0" />
                </properties>
              </test-case>
              <test-case id="1026" name="Flag_Off_Uses_Legacy_GameObject_Path" fullname="RIMA.Tests.Brush.BrushDataFirstExecutorTests.Flag_Off_Uses_Legacy_GameObject_Path" methodname="Flag_Off_Uses_Legacy_GameObject_Path" classname="RIMA.Tests.Brush.BrushDataFirstExecutorTests" runstate="Runnable" seed="120586595" result="Passed" start-time="2026-05-18 03:03:30Z" end-time="2026-05-18 03:03:30Z" duration="0.004077" asserts="0">
                <properties>
                  <property name="retryIteration" value="0" />
                  <property name="repeatIteration" value="0" />
                </properties>
                <output><![CDATA[[Brush V1 LEGACY] scaleRange applied for pool '-2086'. Set useNativeBucketVariantPath=true on the BrushLayerOperation to switch to native size variant path.
]]></output>
              </test-case>
              <test-case id="1023" name="FreeformDecalData_Appends_Placement_NotGameObject" fullname="RIMA.Tests.Brush.BrushDataFirstExecutorTests.FreeformDecalData_Appends_Placement_NotGameObject" methodname="FreeformDecalData_Appends_Placement_NotGameObject" classname="RIMA.Tests.Brush.BrushDataFirstExecutorTests" runstate="Runnable" seed="2021999428" result="Passed" start-time="2026-05-18 03:03:30Z" end-time="2026-05-18 03:03:30Z" duration="0.001851" asserts="0">
                <properties>
                  <property name="retryIteration" value="0" />
                  <property name="repeatIteration" value="0" />
                </properties>
              </test-case>
              <test-case id="1024" name="ScatterAlongStrokeData_Samples_Along_Path" fullname="RIMA.Tests.Brush.BrushDataFirstExecutorTests.ScatterAlongStrokeData_Samples_Along_Path" methodname="ScatterAlongStrokeData_Samples_Along_Path" classname="RIMA.Tests.Brush.BrushDataFirstExecutorTests" runstate="Runnable" seed="1197340557" result="Passed" start-time="2026-05-18 03:03:30Z" end-time="2026-05-18 03:03:30Z" duration="0.002398" asserts="0">
                <properties>
                  <property name="retryIteration" value="0" />
                  <property name="repeatIteration" value="0" />
                </properties>
              </test-case>
              <test-case id="1025" name="Seed_Determinism_Same_Seed_Same_Placements" fullname="RIMA.Tests.Brush.BrushDataFirstExecutorTests.Seed_Determinism_Same_Seed_Same_Placements" methodname="Seed_Determinism_Same_Seed_Same_Placements" classname="RIMA.Tests.Brush.BrushDataFirstExecutorTests" runstate="Runnable" seed="1093226112" result="Passed" start-time="2026-05-18 03:03:30Z" end-time="2026-05-18 03:03:30Z" duration="0.001082" asserts="0">
                <properties>
                  <property name="retryIteration" value="0" />
                  <property name="repeatIteration" value="0" />
                </properties>
              </test-case>
            </test-suite>
            <test-suite type="TestFixture" id="1028" name="BrushDataTests" fullname="RIMA.Tests.Brush.BrushDataTests" classname="RIMA.Tests.Brush.BrushDataTests" runstate="Runnable" testcasecount="8" result="Passed" start-time="2026-05-18 03:03:30Z" end-time="2026-05-18 03:03:30Z" duration="0.006073" total="8" passed="8" failed="0" inconclusive="0" skipped="0" asserts="0">
              <properties />
              <test-case id="1030" name="AssetPoolSO_RoundTrip_Json" fullname="RIMA.Tests.Brush.BrushDataTests.AssetPoolSO_RoundTrip_Json" methodname="AssetPoolSO_RoundTrip_Json" classname="RIMA.Tests.Brush.BrushDataTests" runstate="Runnable" seed="2066126939" result="Passed" start-time="2026-05-18 03:03:30Z" end-time="2026-05-18 03:03:30Z" duration="0.001026" asserts="0">
                <properties>
                  <property name="retryIteration" value="0" />
                  <property name="repeatIteration" value="0" />
                </properties>
              </test-case>
              <test-case id="1032" name="BrushJsonSerializer_AnimationCurve_RoundTrip" fullname="RIMA.Tests.Brush.BrushDataTests.BrushJsonSerializer_AnimationCurve_RoundTrip" methodname="BrushJsonSerializer_AnimationCurve_RoundTrip" classname="RIMA.Tests.Brush.BrushDataTests" runstate="Runnable" seed="82423944" result="Passed" start-time="2026-05-18 03:03:30Z" end-time="2026-05-18 03:03:30Z" duration="0.000827" asserts="0">
                <properties>
                  <property name="retryIteration" value="0" />
                  <property name="repeatIteration" value="0" />
                </properties>
              </test-case>
              <test-case id="1035" name="BrushPackSO_PreservesOrder_OnRoundTrip" fullname="RIMA.Tests.Brush.BrushDataTests.BrushPackSO_PreservesOrder_OnRoundTrip" methodname="BrushPackSO_PreservesOrder_OnRoundTrip" classname="RIMA.Tests.Brush.BrushDataTests" runstate="Runnable" seed="510336283" result="Passed" start-time="2026-05-18 03:03:30Z" end-time="2026-05-18 03:03:30Z" duration="0.001274" asserts="0">
                <properties>
                  <property name="retryIteration" value="0" />
                  <property name="repeatIteration" value="0" />
                </properties>
              </test-case>
              <test-case id="1036" name="CleanStoneFloor_RoundTrip_Json_FieldByField" fullname="RIMA.Tests.Brush.BrushDataTests.CleanStoneFloor_RoundTrip_Json_FieldByField" methodname="CleanStoneFloor_RoundTrip_Json_FieldByField" classname="RIMA.Tests.Brush.BrushDataTests" runstate="Runnable" seed="1870173017" result="Passed" start-time="2026-05-18 03:03:30Z" end-time="2026-05-18 03:03:30Z" duration="0.000766" asserts="0">
                <properties>
                  <property name="retryIteration" value="0" />
                  <property name="repeatIteration" value="0" />
                </properties>
              </test-case>
              <test-case id="1029" name="DefaultValues_BrushLayerOperation" fullname="RIMA.Tests.Brush.BrushDataTests.DefaultValues_BrushLayerOperation" methodname="DefaultValues_BrushLayerOperation" classname="RIMA.Tests.Brush.BrushDataTests" runstate="Runnable" seed="410435340" result="Passed" start-time="2026-05-18 03:03:30Z" end-time="2026-05-18 03:03:30Z" duration="0.000125" asserts="0">
                <properties>
                  <property name="retryIteration" value="0" />
                  <property name="repeatIteration" value="0" />
                </properties>
              </test-case>
              <test-case id="1031" name="MapDesignerBrushPresetSO_Composite_HasThreeOperations" fullname="RIMA.Tests.Brush.BrushDataTests.MapDesignerBrushPresetSO_Composite_HasThreeOperations" methodname="MapDesignerBrushPresetSO_Composite_HasThreeOperations" classname="RIMA.Tests.Brush.BrushDataTests" runstate="Runnable" seed="821755839" result="Passed" start-time="2026-05-18 03:03:30Z" end-time="2026-05-18 03:03:30Z" duration="0.000401" asserts="0">
                <properties>
                  <property name="retryIteration" value="0" />
                  <property name="repeatIteration" value="0" />
                </properties>
              </test-case>
              <test-case id="1033" name="SpritePathResolution_Existing_ReturnsSprite" fullname="RIMA.Tests.Brush.BrushDataTests.SpritePathResolution_Existing_ReturnsSprite" methodname="SpritePathResolution_Existing_ReturnsSprite" classname="RIMA.Tests.Brush.BrushDataTests" runstate="Runnable" seed="2010317511" result="Passed" start-time="2026-05-18 03:03:30Z" end-time="2026-05-18 03:03:30Z" duration="0.000132" asserts="0">
                <properties>
                  <property name="retryIteration" value="0" />
                  <property name="repeatIteration" value="0" />
                </properties>
              </test-case>
              <test-case id="1034" name="SpritePathResolution_Missing_ReturnsNull" fullname="RIMA.Tests.Brush.BrushDataTests.SpritePathResolution_Missing_ReturnsNull" methodname="SpritePathResolution_Missing_ReturnsNull" classname="RIMA.Tests.Brush.BrushDataTests" runstate="Runnable" seed="106286746" result="Passed" start-time="2026-05-18 03:03:30Z" end-time="2026-05-18 03:03:30Z" duration="0.000163" asserts="0">
                <properties>
                  <property name="retryIteration" value="0" />
                  <property name="repeatIteration" value="0" />
                </properties>
              </test-case>
            </test-suite>
            <test-suite type="TestFixture" id="1037" name="BrushDecorativeExecutorTests" fullname="RIMA.Tests.Brush.BrushDecorativeExecutorTests" classname="RIMA.Tests.Brush.BrushDecorativeExecutorTests" runstate="Runnable" testcasecount="8" result="Passed" start-time="2026-05-18 03:03:30Z" end-time="2026-05-18 03:03:30Z" duration="0.012325" total="8" passed="8" failed="0" inconclusive="0" skipped="0" asserts="0">
              <properties />
              <test-case id="1044" name="EraseAllDecorative_PreservesL1L2" fullname="RIMA.Tests.Brush.BrushDecorativeExecutorTests.EraseAllDecorative_PreservesL1L2" methodname="EraseAllDecorative_PreservesL1L2" classname="RIMA.Tests.Brush.BrushDecorativeExecutorTests" runstate="Runnable" seed="472883742" result="Passed" start-time="2026-05-18 03:03:30Z" end-time="2026-05-18 03:03:30Z" duration="0.004166" asserts="0">
                <properties>
                  <property name="retryIteration" value="0" />
                  <property name="repeatIteration" value="0" />
                </properties>
              </test-case>
              <test-case id="1043" name="EraseByLayer_RemovesOnlyTargetLayer" fullname="RIMA.Tests.Brush.BrushDecorativeExecutorTests.EraseByLayer_RemovesOnlyTargetLayer" methodname="EraseByLayer_RemovesOnlyTargetLayer" classname="RIMA.Tests.Brush.BrushDecorativeExecutorTests" runstate="Runnable" seed="924157525" result="Passed" start-time="2026-05-18 03:03:30Z" end-time="2026-05-18 03:03:30Z" duration="0.001188" asserts="0">
                <properties>
                  <property name="retryIteration" value="0" />
                  <property name="repeatIteration" value="0" />
                </properties>
              </test-case>
              <test-case id="1038" name="FreeformDecal_PlacesOneSprite" fullname="RIMA.Tests.Brush.BrushDecorativeExecutorTests.FreeformDecal_PlacesOneSprite" methodname="FreeformDecal_PlacesOneSprite" classname="RIMA.Tests.Brush.BrushDecorativeExecutorTests" runstate="Runnable" seed="1686052542" result="Passed" start-time="2026-05-18 03:03:30Z" end-time="2026-05-18 03:03:30Z" duration="0.001017" asserts="0">
                <properties>
                  <property name="retryIteration" value="0" />
                  <property name="repeatIteration" value="0" />
                </properties>
              </test-case>
              <test-case id="1039" name="FreeformDecal_SkipsNonWalkableCell" fullname="RIMA.Tests.Brush.BrushDecorativeExecutorTests.FreeformDecal_SkipsNonWalkableCell" methodname="FreeformDecal_SkipsNonWalkableCell" classname="RIMA.Tests.Brush.BrushDecorativeExecutorTests" runstate="Runnable" seed="1827295521" result="Passed" start-time="2026-05-18 03:03:30Z" end-time="2026-05-18 03:03:30Z" duration="0.000317" asserts="0">
                <properties>
                  <property name="retryIteration" value="0" />
                  <property name="repeatIteration" value="0" />
                </properties>
              </test-case>
              <test-case id="1041" name="Karar143E_EdgeBiasDensityMultiplier" fullname="RIMA.Tests.Brush.BrushDecorativeExecutorTests.Karar143E_EdgeBiasDensityMultiplier" methodname="Karar143E_EdgeBiasDensityMultiplier" classname="RIMA.Tests.Brush.BrushDecorativeExecutorTests" runstate="Runnable" seed="1304468873" result="Passed" start-time="2026-05-18 03:03:30Z" end-time="2026-05-18 03:03:30Z" duration="0.000192" asserts="0">
                <properties>
                  <property name="retryIteration" value="0" />
                  <property name="repeatIteration" value="0" />
                </properties>
              </test-case>
              <test-case id="1042" name="Karar143K_FeatureMaskMultiplier" fullname="RIMA.Tests.Brush.BrushDecorativeExecutorTests.Karar143K_FeatureMaskMultiplier" methodname="Karar143K_FeatureMaskMultiplier" classname="RIMA.Tests.Brush.BrushDecorativeExecutorTests" runstate="Runnable" seed="114228655" result="Passed" start-time="2026-05-18 03:03:30Z" end-time="2026-05-18 03:03:30Z" duration="0.000809" asserts="0">
                <properties>
                  <property name="retryIteration" value="0" />
                  <property name="repeatIteration" value="0" />
                </properties>
              </test-case>
              <test-case id="1040" name="ScatterAlongStroke_RespectsMinDistance" fullname="RIMA.Tests.Brush.BrushDecorativeExecutorTests.ScatterAlongStroke_RespectsMinDistance" methodname="ScatterAlongStroke_RespectsMinDistance" classname="RIMA.Tests.Brush.BrushDecorativeExecutorTests" runstate="Runnable" seed="1960215272" result="Passed" start-time="2026-05-18 03:03:30Z" end-time="2026-05-18 03:03:30Z" duration="0.002858" asserts="0">
                <properties>
                  <property name="retryIteration" value="0" />
                  <property name="repeatIteration" value="0" />
                </properties>
              </test-case>
              <test-case id="1045" name="WeightedAssetPick_RespectsWeights" fullname="RIMA.Tests.Brush.BrushDecorativeExecutorTests.WeightedAssetPick_RespectsWeights" methodname="WeightedAssetPick_RespectsWeights" classname="RIMA.Tests.Brush.BrushDecorativeExecutorTests" runstate="Runnable" seed="1364011630" result="Passed" start-time="2026-05-18 03:03:30Z" end-time="2026-05-18 03:03:30Z" duration="0.000618" asserts="0">
                <properties>
                  <property name="retryIteration" value="0" />
                  <property name="repeatIteration" value="0" />
                </properties>
              </test-case>
            </test-suite>
            <test-suite type="TestFixture" id="1046" name="BrushExecutorTests" fullname="RIMA.Tests.Brush.BrushExecutorTests" classname="RIMA.Tests.Brush.BrushExecutorTests" runstate="Runnable" testcasecount="7" result="Passed" start-time="2026-05-18 03:03:30Z" end-time="2026-05-18 03:03:30Z" duration="0.012222" total="7" passed="7" failed="0" inconclusive="0" skipped="0" asserts="0">
              <properties />
              <test-case id="1053" name="BrushAlongEdges_UndoCollapsesAsOneGroup" fullname="RIMA.Tests.Brush.BrushExecutorTests.BrushAlongEdges_UndoCollapsesAsOneGroup" methodname="BrushAlongEdges_UndoCollapsesAsOneGroup" classname="RIMA.Tests.Brush.BrushExecutorTests" runstate="Runnable" seed="688119072" result="Passed" start-time="2026-05-18 03:03:30Z" end-time="2026-05-18 03:03:30Z" duration="0.005102" asserts="0">
                <properties>
                  <property name="retryIteration" value="0" />
                  <property name="repeatIteration" value="0" />
                </properties>
              </test-case>
              <test-case id="1052" name="BrushAlongEdges_WalksAllSegments" fullname="RIMA.Tests.Brush.BrushExecutorTests.BrushAlongEdges_WalksAllSegments" methodname="BrushAlongEdges_WalksAllSegments" classname="RIMA.Tests.Brush.BrushExecutorTests" runstate="Runnable" seed="709293825" result="Passed" start-time="2026-05-18 03:03:30Z" end-time="2026-05-18 03:03:30Z" duration="0.002369" asserts="0">
                <properties>
                  <property name="retryIteration" value="0" />
                  <property name="repeatIteration" value="0" />
                </properties>
              </test-case>
              <test-case id="1050" name="GridTileExecutor_SetsTileOnTilemap" fullname="RIMA.Tests.Brush.BrushExecutorTests.GridTileExecutor_SetsTileOnTilemap" methodname="GridTileExecutor_SetsTileOnTilemap" classname="RIMA.Tests.Brush.BrushExecutorTests" runstate="Runnable" seed="65516464" result="Passed" start-time="2026-05-18 03:03:30Z" end-time="2026-05-18 03:03:30Z" duration="0.001784" asserts="0">
                <properties>
                  <property name="retryIteration" value="0" />
                  <property name="repeatIteration" value="0" />
                </properties>
              </test-case>
              <test-case id="1047" name="RouterDispatchesToCorrectExecutor" fullname="RIMA.Tests.Brush.BrushExecutorTests.RouterDispatchesToCorrectExecutor" methodname="RouterDispatchesToCorrectExecutor" classname="RIMA.Tests.Brush.BrushExecutorTests" runstate="Runnable" seed="1946648172" result="Passed" start-time="2026-05-18 03:03:30Z" end-time="2026-05-18 03:03:30Z" duration="0.000317" asserts="0">
                <properties>
                  <property name="retryIteration" value="0" />
                  <property name="repeatIteration" value="0" />
                </properties>
              </test-case>
              <test-case id="1048" name="RouterReturnsErrorForCompositeWithNoOperations" fullname="RIMA.Tests.Brush.BrushExecutorTests.RouterReturnsErrorForCompositeWithNoOperations" methodname="RouterReturnsErrorForCompositeWithNoOperations" classname="RIMA.Tests.Brush.BrushExecutorTests" runstate="Runnable" seed="564881318" result="Passed" start-time="2026-05-18 03:03:30Z" end-time="2026-05-18 03:03:30Z" duration="0.000566" asserts="0">
                <properties>
                  <property name="retryIteration" value="0" />
                  <property name="repeatIteration" value="0" />
                </properties>
              </test-case>
              <test-case id="1049" name="RouterSkipsCellWhenWalkableMaskFails" fullname="RIMA.Tests.Brush.BrushExecutorTests.RouterSkipsCellWhenWalkableMaskFails" methodname="RouterSkipsCellWhenWalkableMaskFails" classname="RIMA.Tests.Brush.BrushExecutorTests" runstate="Runnable" seed="2001313101" result="Passed" start-time="2026-05-18 03:03:30Z" end-time="2026-05-18 03:03:30Z" duration="0.000195" asserts="0">
                <properties>
                  <property name="retryIteration" value="0" />
                  <property name="repeatIteration" value="0" />
                </properties>
              </test-case>
              <test-case id="1051" name="WallStampExecutor_DelegatesToWallOverlayPainter" fullname="RIMA.Tests.Brush.BrushExecutorTests.WallStampExecutor_DelegatesToWallOverlayPainter" methodname="WallStampExecutor_DelegatesToWallOverlayPainter" classname="RIMA.Tests.Brush.BrushExecutorTests" runstate="Runnable" seed="275564913" result="Passed" start-time="2026-05-18 03:03:30Z" end-time="2026-05-18 03:03:30Z" duration="0.000699" asserts="0">
                <properties>
                  <property name="retryIteration" value="0" />
                  <property name="repeatIteration" value="0" />
                </properties>
              </test-case>
            </test-suite>
            <test-suite type="TestFixture" id="1054" name="DependencyReportGeneratorTests" fullname="RIMA.Tests.Brush.DependencyReportGeneratorTests" classname="RIMA.Tests.Brush.DependencyReportGeneratorTests" runstate="Runnable" testcasecount="3" result="Passed" start-time="2026-05-18 03:03:30Z" end-time="2026-05-18 03:03:30Z" duration="0.090102" total="3" passed="3" failed="0" inconclusive="0" skipped="0" asserts="0">
              <properties />
              <test-case id="1057" name="BuildReport_ContainsGeneratedTimestamp" fullname="RIMA.Tests.Brush.DependencyReportGeneratorTests.BuildReport_ContainsGeneratedTimestamp" methodname="BuildReport_ContainsGeneratedTimestamp" classname="RIMA.Tests.Brush.DependencyReportGeneratorTests" runstate="Runnable" seed="661346199" result="Passed" start-time="2026-05-18 03:03:30Z" end-time="2026-05-18 03:03:30Z" duration="0.069539" asserts="0">
                <properties>
                  <property name="retryIteration" value="0" />
                  <property name="repeatIteration" value="0" />
                </properties>
              </test-case>
              <test-case id="1056" name="BuildReport_ContainsKnownSections" fullname="RIMA.Tests.Brush.DependencyReportGeneratorTests.BuildReport_ContainsKnownSections" methodname="BuildReport_ContainsKnownSections" classname="RIMA.Tests.Brush.DependencyReportGeneratorTests" runstate="Runnable" seed="889554370" result="Passed" start-time="2026-05-18 03:03:30Z" end-time="2026-05-18 03:03:30Z" duration="0.010921" asserts="0">
                <properties>
                  <property name="retryIteration" value="0" />
                  <property name="repeatIteration" value="0" />
                </properties>
              </test-case>
              <test-case id="1055" name="BuildReport_ContainsTitle" fullname="RIMA.Tests.Brush.DependencyReportGeneratorTests.BuildReport_ContainsTitle" methodname="BuildReport_ContainsTitle" classname="RIMA.Tests.Brush.DependencyReportGeneratorTests" runstate="Runnable" seed="796186186" result="Passed" start-time="2026-05-18 03:03:30Z" end-time="2026-05-18 03:03:30Z" duration="0.008871" asserts="0">
                <properties>
                  <property name="retryIteration" value="0" />
                  <property name="repeatIteration" value="0" />
                </properties>
              </test-case>
            </test-suite>
            <test-suite type="TestFixture" id="1058" name="UndoStressTests" fullname="RIMA.Tests.Brush.UndoStressTests" classname="RIMA.Tests.Brush.UndoStressTests" runstate="Runnable" testcasecount="2" result="Passed" start-time="2026-05-18 03:03:30Z" end-time="2026-05-18 03:03:30Z" duration="0.023548" total="2" passed="2" failed="0" inconclusive="0" skipped="0" asserts="0">
              <properties />
              <test-case id="1060" name="RepeatedAddRemove_NoCrash_StatePreserved" fullname="RIMA.Tests.Brush.UndoStressTests.RepeatedAddRemove_NoCrash_StatePreserved" methodname="RepeatedAddRemove_NoCrash_StatePreserved" classname="RIMA.Tests.Brush.UndoStressTests" runstate="Runnable" seed="2061475885" result="Passed" start-time="2026-05-18 03:03:30Z" end-time="2026-05-18 03:03:30Z" duration="0.001033" asserts="0">
                <properties>
                  <property name="retryIteration" value="0" />
                  <property name="repeatIteration" value="0" />
                </properties>
              </test-case>
              <test-case id="1059" name="Undo100x_PropPlace_RecordAndRollback" fullname="RIMA.Tests.Brush.UndoStressTests.Undo100x_PropPlace_RecordAndRollback" methodname="Undo100x_PropPlace_RecordAndRollback" classname="RIMA.Tests.Brush.UndoStressTests" runstate="Runnable" seed="1913663566" result="Passed" start-time="2026-05-18 03:03:30Z" end-time="2026-05-18 03:03:30Z" duration="0.021785" asserts="0">
                <properties>
                  <property name="retryIteration" value="0" />
                  <property name="repeatIteration" value="0" />
                </properties>
              </test-case>
            </test-suite>
          </test-suite>
        </test-suite>
      </test-suite>
    </test-suite>
    <test-suite type="Assembly" id="1457" name="RIMA.Tests.EditMode.dll" fullname="F:/Antigravity Projeler/2d roguelite/RIMA/Library/ScriptAssemblies/RIMA.Tests.EditMode.dll" runstate="Runnable" testcasecount="302" result="Passed" start-time="2026-05-18 03:03:30Z" end-time="2026-05-18 03:03:38Z" duration="7.777858" total="302" passed="301" failed="0" inconclusive="1" skipped="0" asserts="0">
      <properties>
        <property name="_PID" value="35016" />
        <property name="_APPDOMAIN" value="Unity Child Domain" />
        <property name="platform" value="EditMode" />
        <property name="EditorOnly" value="True" />
      </properties>
      <test-suite type="TestSuite" id="1458" name="RIMA" fullname="RIMA" runstate="Runnable" testcasecount="302" result="Passed" start-time="2026-05-18 03:03:30Z" end-time="2026-05-18 03:03:38Z" duration="7.775908" total="302" passed="301" failed="0" inconclusive="1" skipped="0" asserts="0">
        <properties />
        <test-suite type="TestSuite" id="1459" name="MapDesigner" fullname="RIMA.MapDesigner" runstate="Runnable" testcasecount="48" result="Passed" start-time="2026-05-18 03:03:30Z" end-time="2026-05-18 03:03:32Z" duration="1.018504" total="48" passed="48" failed="0" inconclusive="0" skipped="0" asserts="0">
          <properties />
          <test-suite type="TestSuite" id="1460" name="Tests" fullname="RIMA.MapDesigner.Tests" runstate="Runnable" testcasecount="48" result="Passed" start-time="2026-05-18 03:03:30Z" end-time="2026-05-18 03:03:31Z" duration="1.018144" total="48" passed="48" failed="0" inconclusive="0" skipped="0" asserts="0">
            <properties />
            <test-suite type="TestFixture" id="1098" name="AssetPackBrowserPlacementTests" fullname="RIMA.MapDesigner.Tests.AssetPackBrowserPlacementTests" classname="RIMA.MapDesigner.Tests.AssetPackBrowserPlacementTests" runstate="Runnable" testcasecount="10" result="Passed" start-time="2026-05-18 03:03:30Z" end-time="2026-05-18 03:03:31Z" duration="0.114436" total="10" passed="10" failed="0" inconclusive="0" skipped="0" asserts="0">
              <properties />
              <test-case id="1108" name="ColliderFootprint_Respects_Ratio" fullname="RIMA.MapDesigner.Tests.AssetPackBrowserPlacementTests.ColliderFootprint_Respects_Ratio" methodname="ColliderFootprint_Respects_Ratio" classname="RIMA.MapDesigner.Tests.AssetPackBrowserPlacementTests" runstate="Runnable" seed="1951792311" result="Passed" start-time="2026-05-18 03:03:30Z" end-time="2026-05-18 03:03:30Z" duration="0.003123" asserts="0">
                <properties>
                  <property name="retryIteration" value="0" />
                  <property name="repeatIteration" value="0" />
                </properties>
                <output><![CDATA[Asset Pack Browser: layer '' does not exist. Keeping 'placed' on Default.
]]></output>
              </test-case>
              <test-case id="1104" name="InspectorScaleSlider_AppliesToSelected" fullname="RIMA.MapDesigner.Tests.AssetPackBrowserPlacementTests.InspectorScaleSlider_AppliesToSelected" methodname="InspectorScaleSlider_AppliesToSelected" classname="RIMA.MapDesigner.Tests.AssetPackBrowserPlacementTests" runstate="Runnable" seed="1431736389" result="Passed" start-time="2026-05-18 03:03:30Z" end-time="2026-05-18 03:03:30Z" duration="0.000687" asserts="0">
                <properties>
                  <property name="retryIteration" value="0" />
                  <property name="repeatIteration" value="0" />
                </properties>
              </test-case>
              <test-case id="1105" name="InspectorVariantSlider_CyclesAtlasVariants" fullname="RIMA.MapDesigner.Tests.AssetPackBrowserPlacementTests.InspectorVariantSlider_CyclesAtlasVariants" methodname="InspectorVariantSlider_CyclesAtlasVariants" classname="RIMA.MapDesigner.Tests.AssetPackBrowserPlacementTests" runstate="Runnable" seed="385200299" result="Passed" start-time="2026-05-18 03:03:30Z" end-time="2026-05-18 03:03:30Z" duration="0.003559" asserts="0">
                <properties>
                  <property name="retryIteration" value="0" />
                  <property name="repeatIteration" value="0" />
                </properties>
              </test-case>
              <test-case id="1102" name="LeftClick_AppliesAutoCollider_WhenBlocksMovement" fullname="RIMA.MapDesigner.Tests.AssetPackBrowserPlacementTests.LeftClick_AppliesAutoCollider_WhenBlocksMovement" methodname="LeftClick_AppliesAutoCollider_WhenBlocksMovement" classname="RIMA.MapDesigner.Tests.AssetPackBrowserPlacementTests" runstate="Runnable" seed="303944289" result="Passed" start-time="2026-05-18 03:03:30Z" end-time="2026-05-18 03:03:31Z" duration="0.031727" asserts="0">
                <properties>
                  <property name="retryIteration" value="0" />
                  <property name="repeatIteration" value="0" />
                </properties>
                <output><![CDATA[Asset Pack Browser: layer 'Walls' does not exist. Keeping 'wall_stone' on Default.
]]></output>
              </test-case>
              <test-case id="1101" name="LeftClick_AppliesCorrectSortingOrder_PerCategory" fullname="RIMA.MapDesigner.Tests.AssetPackBrowserPlacementTests.LeftClick_AppliesCorrectSortingOrder_PerCategory" methodname="LeftClick_AppliesCorrectSortingOrder_PerCategory" classname="RIMA.MapDesigner.Tests.AssetPackBrowserPlacementTests" runstate="Runnable" seed="2146912211" result="Passed" start-time="2026-05-18 03:03:31Z" end-time="2026-05-18 03:03:31Z" duration="0.013634" asserts="0">
                <properties>
                  <property name="retryIteration" value="0" />
                  <property name="repeatIteration" value="0" />
                </properties>
                <output><![CDATA[Asset Pack Browser: layer 'Walls' does not exist. Keeping 'wall_stone' on Default.
]]></output>
              </test-case>
              <test-case id="1100" name="LeftClick_CreatesGameObject_UnderActiveTarget" fullname="RIMA.MapDesigner.Tests.AssetPackBrowserPlacementTests.LeftClick_CreatesGameObject_UnderActiveTarget" methodname="LeftClick_CreatesGameObject_UnderActiveTarget" classname="RIMA.MapDesigner.Tests.AssetPackBrowserPlacementTests" runstate="Runnable" seed="1125339524" result="Passed" start-time="2026-05-18 03:03:31Z" end-time="2026-05-18 03:03:31Z" duration="0.014203" asserts="0">
                <properties>
                  <property name="retryIteration" value="0" />
                  <property name="repeatIteration" value="0" />
                </properties>
                <output><![CDATA[Asset Pack Browser: layer 'Walls' does not exist. Keeping 'wall_stone' on Default.
]]></output>
              </test-case>
              <test-case id="1099" name="PlacementMode_GhostFollowsCursor_PPUSnapped" fullname="RIMA.MapDesigner.Tests.AssetPackBrowserPlacementTests.PlacementMode_GhostFollowsCursor_PPUSnapped" methodname="PlacementMode_GhostFollowsCursor_PPUSnapped" classname="RIMA.MapDesigner.Tests.AssetPackBrowserPlacementTests" runstate="Runnable" seed="150822957" result="Passed" start-time="2026-05-18 03:03:31Z" end-time="2026-05-18 03:03:31Z" duration="0.011361" asserts="0">
                <properties>
                  <property name="retryIteration" value="0" />
                  <property name="repeatIteration" value="0" />
                </properties>
              </test-case>
              <test-case id="1107" name="PropWithoutColliderConfig_DoesNotAttachCollider" fullname="RIMA.MapDesigner.Tests.AssetPackBrowserPlacementTests.PropWithoutColliderConfig_DoesNotAttachCollider" methodname="PropWithoutColliderConfig_DoesNotAttachCollider" classname="RIMA.MapDesigner.Tests.AssetPackBrowserPlacementTests" runstate="Runnable" seed="568185279" result="Passed" start-time="2026-05-18 03:03:31Z" end-time="2026-05-18 03:03:31Z" duration="0.011755" asserts="0">
                <properties>
                  <property name="retryIteration" value="0" />
                  <property name="repeatIteration" value="0" />
                </properties>
              </test-case>
              <test-case id="1103" name="RightClick_ExitsPlacementMode_DestroysGhost" fullname="RIMA.MapDesigner.Tests.AssetPackBrowserPlacementTests.RightClick_ExitsPlacementMode_DestroysGhost" methodname="RightClick_ExitsPlacementMode_DestroysGhost" classname="RIMA.MapDesigner.Tests.AssetPackBrowserPlacementTests" runstate="Runnable" seed="413149084" result="Passed" start-time="2026-05-18 03:03:31Z" end-time="2026-05-18 03:03:31Z" duration="0.010669" asserts="0">
                <properties>
                  <property name="retryIteration" value="0" />
                  <property name="repeatIteration" value="0" />
                </properties>
              </test-case>
              <test-case id="1106" name="Undo_RemovesLastPlacement" fullname="RIMA.MapDesigner.Tests.AssetPackBrowserPlacementTests.Undo_RemovesLastPlacement" methodname="Undo_RemovesLastPlacement" classname="RIMA.MapDesigner.Tests.AssetPackBrowserPlacementTests" runstate="Runnable" seed="778131955" result="Passed" start-time="2026-05-18 03:03:31Z" end-time="2026-05-18 03:03:31Z" duration="0.012334" asserts="0">
                <properties>
                  <property name="retryIteration" value="0" />
                  <property name="repeatIteration" value="0" />
                </properties>
                <output><![CDATA[Asset Pack Browser: layer 'Walls' does not exist. Keeping 'wall_stone' on Default.
]]></output>
              </test-case>
            </test-suite>
            <test-suite type="TestFixture" id="1109" name="AssetPackBrowserTests" fullname="RIMA.MapDesigner.Tests.AssetPackBrowserTests" classname="RIMA.MapDesigner.Tests.AssetPackBrowserTests" runstate="Runnable" testcasecount="8" result="Passed" start-time="2026-05-18 03:03:31Z" end-time="2026-05-18 03:03:31Z" duration="0.069057" total="8" passed="8" failed="0" inconclusive="0" skipped="0" asserts="0">
              <properties />
              <test-case id="1112" name="CategorySelect_Populates_SpriteGrid" fullname="RIMA.MapDesigner.Tests.AssetPackBrowserTests.CategorySelect_Populates_SpriteGrid" methodname="CategorySelect_Populates_SpriteGrid" classname="RIMA.MapDesigner.Tests.AssetPackBrowserTests" runstate="Runnable" seed="47831457" result="Passed" start-time="2026-05-18 03:03:31Z" end-time="2026-05-18 03:03:31Z" duration="0.012820" asserts="0">
                <properties>
                  <property name="retryIteration" value="0" />
                  <property name="repeatIteration" value="0" />
                </properties>
              </test-case>
              <test-case id="1111" name="Manifest_Enumerates_All_Atlases" fullname="RIMA.MapDesigner.Tests.AssetPackBrowserTests.Manifest_Enumerates_All_Atlases" methodname="Manifest_Enumerates_All_Atlases" classname="RIMA.MapDesigner.Tests.AssetPackBrowserTests" runstate="Runnable" seed="1020216992" result="Passed" start-time="2026-05-18 03:03:31Z" end-time="2026-05-18 03:03:31Z" duration="0.000421" asserts="0">
                <properties>
                  <property name="retryIteration" value="0" />
                  <property name="repeatIteration" value="0" />
                </properties>
              </test-case>
              <test-case id="1115" name="MetadataReadout_Shows_PPU_And_Category" fullname="RIMA.MapDesigner.Tests.AssetPackBrowserTests.MetadataReadout_Shows_PPU_And_Category" methodname="MetadataReadout_Shows_PPU_And_Category" classname="RIMA.MapDesigner.Tests.AssetPackBrowserTests" runstate="Runnable" seed="1002238571" result="Passed" start-time="2026-05-18 03:03:31Z" end-time="2026-05-18 03:03:31Z" duration="0.000804" asserts="0">
                <properties>
                  <property name="retryIteration" value="0" />
                  <property name="repeatIteration" value="0" />
                </properties>
              </test-case>
              <test-case id="1110" name="OpenWindow_Succeeds_Without_Errors" fullname="RIMA.MapDesigner.Tests.AssetPackBrowserTests.OpenWindow_Succeeds_Without_Errors" methodname="OpenWindow_Succeeds_Without_Errors" classname="RIMA.MapDesigner.Tests.AssetPackBrowserTests" runstate="Runnable" seed="2101324477" result="Passed" start-time="2026-05-18 03:03:31Z" end-time="2026-05-18 03:03:31Z" duration="0.037643" asserts="0">
                <properties>
                  <property name="retryIteration" value="0" />
                  <property name="repeatIteration" value="0" />
                </properties>
              </test-case>
              <test-case id="1117" name="PackSwitch_Resets_Selection_Without_Errors" fullname="RIMA.MapDesigner.Tests.AssetPackBrowserTests.PackSwitch_Resets_Selection_Without_Errors" methodname="PackSwitch_Resets_Selection_Without_Errors" classname="RIMA.MapDesigner.Tests.AssetPackBrowserTests" runstate="Runnable" seed="1030946645" result="Passed" start-time="2026-05-18 03:03:31Z" end-time="2026-05-18 03:03:31Z" duration="0.014497" asserts="0">
                <properties>
                  <property name="retryIteration" value="0" />
                  <property name="repeatIteration" value="0" />
                </properties>
              </test-case>
              <test-case id="1113" name="Search_Filter_Reduces_Grid_Count" fullname="RIMA.MapDesigner.Tests.AssetPackBrowserTests.Search_Filter_Reduces_Grid_Count" methodname="Search_Filter_Reduces_Grid_Count" classname="RIMA.MapDesigner.Tests.AssetPackBrowserTests" runstate="Runnable" seed="617221457" result="Passed" start-time="2026-05-18 03:03:31Z" end-time="2026-05-18 03:03:31Z" duration="0.000704" asserts="0">
                <properties>
                  <property name="retryIteration" value="0" />
                  <property name="repeatIteration" value="0" />
                </properties>
              </test-case>
              <test-case id="1114" name="SpriteSelect_Populates_Inspector" fullname="RIMA.MapDesigner.Tests.AssetPackBrowserTests.SpriteSelect_Populates_Inspector" methodname="SpriteSelect_Populates_Inspector" classname="RIMA.MapDesigner.Tests.AssetPackBrowserTests" runstate="Runnable" seed="1477852737" result="Passed" start-time="2026-05-18 03:03:31Z" end-time="2026-05-18 03:03:31Z" duration="0.000344" asserts="0">
                <properties>
                  <property name="retryIteration" value="0" />
                  <property name="repeatIteration" value="0" />
                </properties>
              </test-case>
              <test-case id="1116" name="ThumbnailSize_Slider_Clamps_48_to_96" fullname="RIMA.MapDesigner.Tests.AssetPackBrowserTests.ThumbnailSize_Slider_Clamps_48_to_96" methodname="ThumbnailSize_Slider_Clamps_48_to_96" classname="RIMA.MapDesigner.Tests.AssetPackBrowserTests" runstate="Runnable" seed="899279178" result="Passed" start-time="2026-05-18 03:03:31Z" end-time="2026-05-18 03:03:31Z" duration="0.000191" asserts="0">
                <properties>
                  <property name="retryIteration" value="0" />
                  <property name="repeatIteration" value="0" />
                </properties>
              </test-case>
            </test-suite>
            <test-suite type="TestFixture" id="1118" name="AutoPopulatorTests" fullname="RIMA.MapDesigner.Tests.AutoPopulatorTests" classname="RIMA.MapDesigner.Tests.AutoPopulatorTests" runstate="Runnable" testcasecount="7" result="Passed" start-time="2026-05-18 03:03:31Z" end-time="2026-05-18 03:03:31Z" duration="0.036341" total="7" passed="7" failed="0" inconclusive="0" skipped="0" asserts="0">
              <properties />
              <test-case id="1125" name="ClearPlacedProps_RemovesOnlyBlueprintTagged" fullname="RIMA.MapDesigner.Tests.AutoPopulatorTests.ClearPlacedProps_RemovesOnlyBlueprintTagged" methodname="ClearPlacedProps_RemovesOnlyBlueprintTagged" classname="RIMA.MapDesigner.Tests.AutoPopulatorTests" runstate="Runnable" seed="196877764" result="Passed" start-time="2026-05-18 03:03:31Z" end-time="2026-05-18 03:03:31Z" duration="0.001358" asserts="0">
                <properties>
                  <property name="retryIteration" value="0" />
                  <property name="repeatIteration" value="0" />
                </properties>
              </test-case>
              <test-case id="1124" name="PopulateAdjacency_PlacesTransitionAtBoundary" fullname="RIMA.MapDesigner.Tests.AutoPopulatorTests.PopulateAdjacency_PlacesTransitionAtBoundary" methodname="PopulateAdjacency_PlacesTransitionAtBoundary" classname="RIMA.MapDesigner.Tests.AutoPopulatorTests" runstate="Runnable" seed="631774917" result="Passed" start-time="2026-05-18 03:03:31Z" end-time="2026-05-18 03:03:31Z" duration="0.007032" asserts="0">
                <properties>
                  <property name="retryIteration" value="0" />
                  <property name="repeatIteration" value="0" />
                </properties>
              </test-case>
              <test-case id="1123" name="PopulateZones_FeatureZoneRespectsMaxCap" fullname="RIMA.MapDesigner.Tests.AutoPopulatorTests.PopulateZones_FeatureZoneRespectsMaxCap" methodname="PopulateZones_FeatureZoneRespectsMaxCap" classname="RIMA.MapDesigner.Tests.AutoPopulatorTests" runstate="Runnable" seed="856599872" result="Passed" start-time="2026-05-18 03:03:31Z" end-time="2026-05-18 03:03:31Z" duration="0.003916" asserts="0">
                <properties>
                  <property name="retryIteration" value="0" />
                  <property name="repeatIteration" value="0" />
                </properties>
              </test-case>
              <test-case id="1121" name="PopulateZones_PlacesPropsOnlyFromZonePool" fullname="RIMA.MapDesigner.Tests.AutoPopulatorTests.PopulateZones_PlacesPropsOnlyFromZonePool" methodname="PopulateZones_PlacesPropsOnlyFromZonePool" classname="RIMA.MapDesigner.Tests.AutoPopulatorTests" runstate="Runnable" seed="523202231" result="Passed" start-time="2026-05-18 03:03:31Z" end-time="2026-05-18 03:03:31Z" duration="0.001381" asserts="0">
                <properties>
                  <property name="retryIteration" value="0" />
                  <property name="repeatIteration" value="0" />
                </properties>
              </test-case>
              <test-case id="1122" name="PopulateZones_RespectsDensity" fullname="RIMA.MapDesigner.Tests.AutoPopulatorTests.PopulateZones_RespectsDensity" methodname="PopulateZones_RespectsDensity" classname="RIMA.MapDesigner.Tests.AutoPopulatorTests" runstate="Runnable" seed="575840984" result="Passed" start-time="2026-05-18 03:03:31Z" end-time="2026-05-18 03:03:31Z" duration="0.008230" asserts="0">
                <properties>
                  <property name="retryIteration" value="0" />
                  <property name="repeatIteration" value="0" />
                </properties>
              </test-case>
              <test-case id="1119" name="WeightedPick_DeterministicWithSeed" fullname="RIMA.MapDesigner.Tests.AutoPopulatorTests.WeightedPick_DeterministicWithSeed" methodname="WeightedPick_DeterministicWithSeed" classname="RIMA.MapDesigner.Tests.AutoPopulatorTests" runstate="Runnable" seed="238612319" result="Passed" start-time="2026-05-18 03:03:31Z" end-time="2026-05-18 03:03:31Z" duration="0.000452" asserts="0">
                <properties>
                  <property name="retryIteration" value="0" />
                  <property name="repeatIteration" value="0" />
                </properties>
              </test-case>
              <test-case id="1120" name="WeightedPick_RespectsWeights" fullname="RIMA.MapDesigner.Tests.AutoPopulatorTests.WeightedPick_RespectsWeights" methodname="WeightedPick_RespectsWeights" classname="RIMA.MapDesigner.Tests.AutoPopulatorTests" runstate="Runnable" seed="137598972" result="Passed" start-time="2026-05-18 03:03:31Z" end-time="2026-05-18 03:03:31Z" duration="0.000383" asserts="0">
                <properties>
                  <property name="retryIteration" value="0" />
                  <property name="repeatIteration" value="0" />
                </properties>
              </test-case>
            </test-suite>
            <test-suite type="TestFixture" id="1126" name="BlueprintCanvasTests" fullname="RIMA.MapDesigner.Tests.BlueprintCanvasTests" classname="RIMA.MapDesigner.Tests.BlueprintCanvasTests" runstate="Runnable" testcasecount="6" result="Passed" start-time="2026-05-18 03:03:31Z" end-time="2026-05-18 03:03:31Z" duration="0.003714" total="6" passed="6" failed="0" inconclusive="0" skipped="0" asserts="0">
              <properties />
              <test-case id="1132" name="BoundaryEdges_DetectsZoneBoundaries" fullname="RIMA.MapDesigner.Tests.BlueprintCanvasTests.BoundaryEdges_DetectsZoneBoundaries" methodname="BoundaryEdges_DetectsZoneBoundaries" classname="RIMA.MapDesigner.Tests.BlueprintCanvasTests" runstate="Runnable" seed="67911337" result="Passed" start-time="2026-05-18 03:03:31Z" end-time="2026-05-18 03:03:31Z" duration="0.000947" asserts="0">
                <properties>
                  <property name="retryIteration" value="0" />
                  <property name="repeatIteration" value="0" />
                </properties>
              </test-case>
              <test-case id="1131" name="Clear_RemovesAllCells" fullname="RIMA.MapDesigner.Tests.BlueprintCanvasTests.Clear_RemovesAllCells" methodname="Clear_RemovesAllCells" classname="RIMA.MapDesigner.Tests.BlueprintCanvasTests" runstate="Runnable" seed="791439286" result="Passed" start-time="2026-05-18 03:03:31Z" end-time="2026-05-18 03:03:31Z" duration="0.000190" asserts="0">
                <properties>
                  <property name="retryIteration" value="0" />
                  <property name="repeatIteration" value="0" />
                </properties>
              </test-case>
              <test-case id="1129" name="Erase_RemovesCell" fullname="RIMA.MapDesigner.Tests.BlueprintCanvasTests.Erase_RemovesCell" methodname="Erase_RemovesCell" classname="RIMA.MapDesigner.Tests.BlueprintCanvasTests" runstate="Runnable" seed="459010543" result="Passed" start-time="2026-05-18 03:03:31Z" end-time="2026-05-18 03:03:31Z" duration="0.000299" asserts="0">
                <properties>
                  <property name="retryIteration" value="0" />
[...]
              <properties>
                <property name="retryIteration" value="0" />
                <property name="repeatIteration" value="0" />
              </properties>
            </test-case>
            <test-case id="1291" name="ConsumeBasicChain_WhenChained_ReturnsBonusMultiplier" fullname="RIMA.Tests.SkillFlowTrackerTests.ConsumeBasicChain_WhenChained_ReturnsBonusMultiplier" methodname="ConsumeBasicChain_WhenChained_ReturnsBonusMultiplier" classname="RIMA.Tests.SkillFlowTrackerTests" runstate="Runnable" seed="1145189422" result="Passed" start-time="2026-05-18 03:03:38Z" end-time="2026-05-18 03:03:38Z" duration="0.000186" asserts="0">
              <properties>
                <property name="retryIteration" value="0" />
                <property name="repeatIteration" value="0" />
              </properties>
            </test-case>
            <test-case id="1293" name="ConsumeBasicChain_WhenNotChained_Returns1" fullname="RIMA.Tests.SkillFlowTrackerTests.ConsumeBasicChain_WhenNotChained_Returns1" methodname="ConsumeBasicChain_WhenNotChained_Returns1" classname="RIMA.Tests.SkillFlowTrackerTests" runstate="Runnable" seed="222003331" result="Passed" start-time="2026-05-18 03:03:38Z" end-time="2026-05-18 03:03:38Z" duration="0.000146" asserts="0">
              <properties>
                <property name="retryIteration" value="0" />
                <property name="repeatIteration" value="0" />
              </properties>
            </test-case>
            <test-case id="1287" name="InitialState_LastSkillIsNull" fullname="RIMA.Tests.SkillFlowTrackerTests.InitialState_LastSkillIsNull" methodname="InitialState_LastSkillIsNull" classname="RIMA.Tests.SkillFlowTrackerTests" runstate="Runnable" seed="420842619" result="Passed" start-time="2026-05-18 03:03:38Z" end-time="2026-05-18 03:03:38Z" duration="0.000135" asserts="0">
              <properties>
                <property name="retryIteration" value="0" />
                <property name="repeatIteration" value="0" />
              </properties>
            </test-case>
            <test-case id="1286" name="InitialState_NotChained" fullname="RIMA.Tests.SkillFlowTrackerTests.InitialState_NotChained" methodname="InitialState_NotChained" classname="RIMA.Tests.SkillFlowTrackerTests" runstate="Runnable" seed="770301830" result="Passed" start-time="2026-05-18 03:03:38Z" end-time="2026-05-18 03:03:38Z" duration="0.000133" asserts="0">
              <properties>
                <property name="retryIteration" value="0" />
                <property name="repeatIteration" value="0" />
              </properties>
            </test-case>
            <test-case id="1288" name="NotifySkillUsed_SetsBothChainFlags" fullname="RIMA.Tests.SkillFlowTrackerTests.NotifySkillUsed_SetsBothChainFlags" methodname="NotifySkillUsed_SetsBothChainFlags" classname="RIMA.Tests.SkillFlowTrackerTests" runstate="Runnable" seed="1632880238" result="Passed" start-time="2026-05-18 03:03:38Z" end-time="2026-05-18 03:03:38Z" duration="0.000129" asserts="0">
              <properties>
                <property name="retryIteration" value="0" />
                <property name="repeatIteration" value="0" />
              </properties>
            </test-case>
            <test-case id="1289" name="NotifySkillUsed_SetsLastSkill" fullname="RIMA.Tests.SkillFlowTrackerTests.NotifySkillUsed_SetsLastSkill" methodname="NotifySkillUsed_SetsLastSkill" classname="RIMA.Tests.SkillFlowTrackerTests" runstate="Runnable" seed="2068492863" result="Passed" start-time="2026-05-18 03:03:38Z" end-time="2026-05-18 03:03:38Z" duration="0.000130" asserts="0">
              <properties>
                <property name="retryIteration" value="0" />
                <property name="repeatIteration" value="0" />
              </properties>
            </test-case>
            <test-case id="1290" name="NotifySkillUsed_UpdatesLastSkillOnSecondCall" fullname="RIMA.Tests.SkillFlowTrackerTests.NotifySkillUsed_UpdatesLastSkillOnSecondCall" methodname="NotifySkillUsed_UpdatesLastSkillOnSecondCall" classname="RIMA.Tests.SkillFlowTrackerTests" runstate="Runnable" seed="1614440774" result="Passed" start-time="2026-05-18 03:03:38Z" end-time="2026-05-18 03:03:38Z" duration="0.000127" asserts="0">
              <properties>
                <property name="retryIteration" value="0" />
                <property name="repeatIteration" value="0" />
              </properties>
            </test-case>
            <test-case id="1297" name="OnSkillChain_DoesNotFireForSameSkill" fullname="RIMA.Tests.SkillFlowTrackerTests.OnSkillChain_DoesNotFireForSameSkill" methodname="OnSkillChain_DoesNotFireForSameSkill" classname="RIMA.Tests.SkillFlowTrackerTests" runstate="Runnable" seed="503221971" result="Passed" start-time="2026-05-18 03:03:38Z" end-time="2026-05-18 03:03:38Z" duration="0.000236" asserts="0">
              <properties>
                <property name="retryIteration" value="0" />
                <property name="repeatIteration" value="0" />
              </properties>
            </test-case>
            <test-case id="1298" name="OnSkillChain_DoesNotFireWhenNotYetChained" fullname="RIMA.Tests.SkillFlowTrackerTests.OnSkillChain_DoesNotFireWhenNotYetChained" methodname="OnSkillChain_DoesNotFireWhenNotYetChained" classname="RIMA.Tests.SkillFlowTrackerTests" runstate="Runnable" seed="319803076" result="Passed" start-time="2026-05-18 03:03:38Z" end-time="2026-05-18 03:03:38Z" duration="0.000172" asserts="0">
              <properties>
                <property name="retryIteration" value="0" />
                <property name="repeatIteration" value="0" />
              </properties>
            </test-case>
            <test-case id="1296" name="OnSkillChain_FiresWhenDifferentSkillUsedWhileChained" fullname="RIMA.Tests.SkillFlowTrackerTests.OnSkillChain_FiresWhenDifferentSkillUsedWhileChained" methodname="OnSkillChain_FiresWhenDifferentSkillUsedWhileChained" classname="RIMA.Tests.SkillFlowTrackerTests" runstate="Runnable" seed="416569770" result="Passed" start-time="2026-05-18 03:03:38Z" end-time="2026-05-18 03:03:38Z" duration="0.000189" asserts="0">
              <properties>
                <property name="retryIteration" value="0" />
                <property name="repeatIteration" value="0" />
              </properties>
            </test-case>
            <test-case id="1294" name="OnSkillUsed_FiresOnNotify" fullname="RIMA.Tests.SkillFlowTrackerTests.OnSkillUsed_FiresOnNotify" methodname="OnSkillUsed_FiresOnNotify" classname="RIMA.Tests.SkillFlowTrackerTests" runstate="Runnable" seed="985246546" result="Passed" start-time="2026-05-18 03:03:38Z" end-time="2026-05-18 03:03:38Z" duration="0.000242" asserts="0">
              <properties>
                <property name="retryIteration" value="0" />
                <property name="repeatIteration" value="0" />
              </properties>
            </test-case>
            <test-case id="1295" name="OnSkillUsed_FiresWithCorrectSkill" fullname="RIMA.Tests.SkillFlowTrackerTests.OnSkillUsed_FiresWithCorrectSkill" methodname="OnSkillUsed_FiresWithCorrectSkill" classname="RIMA.Tests.SkillFlowTrackerTests" runstate="Runnable" seed="2136920495" result="Passed" start-time="2026-05-18 03:03:38Z" end-time="2026-05-18 03:03:38Z" duration="0.000190" asserts="0">
              <properties>
                <property name="retryIteration" value="0" />
                <property name="repeatIteration" value="0" />
              </properties>
            </test-case>
          </test-suite>
          <test-suite type="TestFixture" id="1299" name="StatusEffectSystemTests" fullname="RIMA.Tests.StatusEffectSystemTests" classname="RIMA.Tests.StatusEffectSystemTests" runstate="Runnable" testcasecount="3" result="Passed" start-time="2026-05-18 03:03:38Z" end-time="2026-05-18 03:03:38Z" duration="0.003978" total="3" passed="3" failed="0" inconclusive="0" skipped="0" asserts="0">
            <properties />
            <test-case id="1301" name="Burning_ThreeStacks_UpgradesToScorch" fullname="RIMA.Tests.StatusEffectSystemTests.Burning_ThreeStacks_UpgradesToScorch" methodname="Burning_ThreeStacks_UpgradesToScorch" classname="RIMA.Tests.StatusEffectSystemTests" runstate="Runnable" seed="1078753542" result="Passed" start-time="2026-05-18 03:03:38Z" end-time="2026-05-18 03:03:38Z" duration="0.001957" asserts="0">
              <properties>
                <property name="retryIteration" value="0" />
                <property name="repeatIteration" value="0" />
              </properties>
            </test-case>
            <test-case id="1302" name="Chill_ThreeStacks_UpgradesToFrozen" fullname="RIMA.Tests.StatusEffectSystemTests.Chill_ThreeStacks_UpgradesToFrozen" methodname="Chill_ThreeStacks_UpgradesToFrozen" classname="RIMA.Tests.StatusEffectSystemTests" runstate="Runnable" seed="722449495" result="Passed" start-time="2026-05-18 03:03:38Z" end-time="2026-05-18 03:03:38Z" duration="0.000231" asserts="0">
              <properties>
                <property name="retryIteration" value="0" />
                <property name="repeatIteration" value="0" />
              </properties>
            </test-case>
            <test-case id="1300" name="Poison_AccumulatesFractionalDamage" fullname="RIMA.Tests.StatusEffectSystemTests.Poison_AccumulatesFractionalDamage" methodname="Poison_AccumulatesFractionalDamage" classname="RIMA.Tests.StatusEffectSystemTests" runstate="Runnable" seed="598008227" result="Passed" start-time="2026-05-18 03:03:38Z" end-time="2026-05-18 03:03:38Z" duration="0.001166" asserts="0">
              <properties>
                <property name="retryIteration" value="0" />
                <property name="repeatIteration" value="0" />
              </properties>
            </test-case>
          </test-suite>
          <test-suite type="TestFixture" id="1303" name="TheWoundTests" fullname="RIMA.Tests.TheWoundTests" classname="RIMA.Tests.TheWoundTests" runstate="Runnable" testcasecount="4" result="Passed" start-time="2026-05-18 03:03:38Z" end-time="2026-05-18 03:03:38Z" duration="0.001851" total="4" passed="4" failed="0" inconclusive="0" skipped="0" asserts="0">
            <properties />
            <test-case id="1307" name="DeathBurst_DamagePercent_IsReasonable" fullname="RIMA.Tests.TheWoundTests.DeathBurst_DamagePercent_IsReasonable" methodname="DeathBurst_DamagePercent_IsReasonable" classname="RIMA.Tests.TheWoundTests" runstate="Runnable" seed="1800289881" result="Passed" start-time="2026-05-18 03:03:38Z" end-time="2026-05-18 03:03:38Z" duration="0.000665" asserts="0">
              <properties>
                <property name="retryIteration" value="0" />
                <property name="repeatIteration" value="0" />
              </properties>
              <reason>
                <message><![CDATA[Design spec: deathDamagePercent = %20 — verify in Inspector.]]></message>
              </reason>
            </test-case>
            <test-case id="1306" name="RequiredComponent_Health_AutoAdded" fullname="RIMA.Tests.TheWoundTests.RequiredComponent_Health_AutoAdded" methodname="RequiredComponent_Health_AutoAdded" classname="RIMA.Tests.TheWoundTests" runstate="Runnable" seed="933157917" result="Passed" start-time="2026-05-18 03:03:38Z" end-time="2026-05-18 03:03:38Z" duration="0.000163" asserts="0">
              <properties>
                <property name="retryIteration" value="0" />
                <property name="repeatIteration" value="0" />
              </properties>
            </test-case>
            <test-case id="1305" name="RequiredComponent_Rigidbody2D_AutoAdded" fullname="RIMA.Tests.TheWoundTests.RequiredComponent_Rigidbody2D_AutoAdded" methodname="RequiredComponent_Rigidbody2D_AutoAdded" classname="RIMA.Tests.TheWoundTests" runstate="Runnable" seed="1393415017" result="Passed" start-time="2026-05-18 03:03:38Z" end-time="2026-05-18 03:03:38Z" duration="0.000135" asserts="0">
              <properties>
                <property name="retryIteration" value="0" />
                <property name="repeatIteration" value="0" />
              </properties>
            </test-case>
            <test-case id="1304" name="TheWound_CanBeInstantiated" fullname="RIMA.Tests.TheWoundTests.TheWound_CanBeInstantiated" methodname="TheWound_CanBeInstantiated" classname="RIMA.Tests.TheWoundTests" runstate="Runnable" seed="567371713" result="Passed" start-time="2026-05-18 03:03:38Z" end-time="2026-05-18 03:03:38Z" duration="0.000206" asserts="0">
              <properties>
                <property name="retryIteration" value="0" />
                <property name="repeatIteration" value="0" />
              </properties>
            </test-case>
          </test-suite>
          <test-suite type="TestFixture" id="1308" name="TimeScaleGuardTests" fullname="RIMA.Tests.TimeScaleGuardTests" classname="RIMA.Tests.TimeScaleGuardTests" runstate="Runnable" testcasecount="2" result="Passed" start-time="2026-05-18 03:03:38Z" end-time="2026-05-18 03:03:38Z" duration="0.001863" total="2" passed="2" failed="0" inconclusive="0" skipped="0" asserts="0">
            <properties />
            <test-case id="1309" name="MainMenuAutoInit_DoesNotReinjectInGameScene" fullname="RIMA.Tests.TimeScaleGuardTests.MainMenuAutoInit_DoesNotReinjectInGameScene" methodname="MainMenuAutoInit_DoesNotReinjectInGameScene" classname="RIMA.Tests.TimeScaleGuardTests" runstate="Runnable" seed="726265375" result="Passed" start-time="2026-05-18 03:03:38Z" end-time="2026-05-18 03:03:38Z" duration="0.000563" asserts="0">
              <properties>
                <property name="retryIteration" value="0" />
                <property name="repeatIteration" value="0" />
              </properties>
            </test-case>
            <test-case id="1310" name="NoStartMethodSetsTimeScaleZero_GuardsExist" fullname="RIMA.Tests.TimeScaleGuardTests.NoStartMethodSetsTimeScaleZero_GuardsExist" methodname="NoStartMethodSetsTimeScaleZero_GuardsExist" classname="RIMA.Tests.TimeScaleGuardTests" runstate="Runnable" seed="742552594" result="Passed" start-time="2026-05-18 03:03:38Z" end-time="2026-05-18 03:03:38Z" duration="0.000709" asserts="0">
              <properties>
                <property name="retryIteration" value="0" />
                <property name="repeatIteration" value="0" />
              </properties>
            </test-case>
          </test-suite>
          <test-suite type="TestFixture" id="1311" name="VFXTests" fullname="RIMA.Tests.VFXTests" classname="RIMA.Tests.VFXTests" runstate="Runnable" testcasecount="8" result="Passed" start-time="2026-05-18 03:03:38Z" end-time="2026-05-18 03:03:38Z" duration="0.003220" total="8" passed="8" failed="0" inconclusive="0" skipped="0" asserts="0">
            <properties />
            <test-case id="1312" name="HandGlowVFX_RequiresParticleSystem_AutoAdded" fullname="RIMA.Tests.VFXTests.HandGlowVFX_RequiresParticleSystem_AutoAdded" methodname="HandGlowVFX_RequiresParticleSystem_AutoAdded" classname="RIMA.Tests.VFXTests" runstate="Runnable" seed="1051283783" result="Passed" start-time="2026-05-18 03:03:38Z" end-time="2026-05-18 03:03:38Z" duration="0.000435" asserts="0">
              <properties>
                <property name="retryIteration" value="0" />
                <property name="repeatIteration" value="0" />
              </properties>
            </test-case>
            <test-case id="1315" name="HandGlowVFX_SetCastState_False_DoesNotThrow" fullname="RIMA.Tests.VFXTests.HandGlowVFX_SetCastState_False_DoesNotThrow" methodname="HandGlowVFX_SetCastState_False_DoesNotThrow" classname="RIMA.Tests.VFXTests" runstate="Runnable" seed="693045758" result="Passed" start-time="2026-05-18 03:03:38Z" end-time="2026-05-18 03:03:38Z" duration="0.000469" asserts="0">
              <properties>
                <property name="retryIteration" value="0" />
                <property name="repeatIteration" value="0" />
              </properties>
            </test-case>
            <test-case id="1314" name="HandGlowVFX_SetCastState_True_DoesNotThrow" fullname="RIMA.Tests.VFXTests.HandGlowVFX_SetCastState_True_DoesNotThrow" methodname="HandGlowVFX_SetCastState_True_DoesNotThrow" classname="RIMA.Tests.VFXTests" runstate="Runnable" seed="1137101687" result="Passed" start-time="2026-05-18 03:03:38Z" end-time="2026-05-18 03:03:38Z" duration="0.000215" asserts="0">
              <properties>
                <property name="retryIteration" value="0" />
                <property name="repeatIteration" value="0" />
              </properties>
            </test-case>
            <test-case id="1313" name="HandGlowVFX_SetColor_DoesNotThrow" fullname="RIMA.Tests.VFXTests.HandGlowVFX_SetColor_DoesNotThrow" methodname="HandGlowVFX_SetColor_DoesNotThrow" classname="RIMA.Tests.VFXTests" runstate="Runnable" seed="1416858483" result="Passed" start-time="2026-05-18 03:03:38Z" end-time="2026-05-18 03:03:38Z" duration="0.000243" asserts="0">
              <properties>
                <property name="retryIteration" value="0" />
                <property name="repeatIteration" value="0" />
              </properties>
            </test-case>
            <test-case id="1316" name="RiftGlowVFX_RequiresParticleSystem_AutoAdded" fullname="RIMA.Tests.VFXTests.RiftGlowVFX_RequiresParticleSystem_AutoAdded" methodname="RiftGlowVFX_RequiresParticleSystem_AutoAdded" classname="RIMA.Tests.VFXTests" runstate="Runnable" seed="1356157162" result="Passed" start-time="2026-05-18 03:03:38Z" end-time="2026-05-18 03:03:38Z" duration="0.000235" asserts="0">
              <properties>
                <property name="retryIteration" value="0" />
                <property name="repeatIteration" value="0" />
              </properties>
            </test-case>
            <test-case id="1319" name="RiftGlowVFX_SetCastState_False_DoesNotThrow" fullname="RIMA.Tests.VFXTests.RiftGlowVFX_SetCastState_False_DoesNotThrow" methodname="RiftGlowVFX_SetCastState_False_DoesNotThrow" classname="RIMA.Tests.VFXTests" runstate="Runnable" seed="1792178283" result="Passed" start-time="2026-05-18 03:03:38Z" end-time="2026-05-18 03:03:38Z" duration="0.000203" asserts="0">
              <properties>
                <property name="retryIteration" value="0" />
                <property name="repeatIteration" value="0" />
              </properties>
            </test-case>
            <test-case id="1318" name="RiftGlowVFX_SetCastState_True_DoesNotThrow" fullname="RIMA.Tests.VFXTests.RiftGlowVFX_SetCastState_True_DoesNotThrow" methodname="RiftGlowVFX_SetCastState_True_DoesNotThrow" classname="RIMA.Tests.VFXTests" runstate="Runnable" seed="1933103606" result="Passed" start-time="2026-05-18 03:03:38Z" end-time="2026-05-18 03:03:38Z" duration="0.000187" asserts="0">
              <properties>
                <property name="retryIteration" value="0" />
                <property name="repeatIteration" value="0" />
              </properties>
            </test-case>
            <test-case id="1317" name="RiftGlowVFX_SetColor_DoesNotThrow" fullname="RIMA.Tests.VFXTests.RiftGlowVFX_SetColor_DoesNotThrow" methodname="RiftGlowVFX_SetColor_DoesNotThrow" classname="RIMA.Tests.VFXTests" runstate="Runnable" seed="214215470" result="Passed" start-time="2026-05-18 03:03:38Z" end-time="2026-05-18 03:03:38Z" duration="0.000383" asserts="0">
              <properties>
                <property name="retryIteration" value="0" />
                <property name="repeatIteration" value="0" />
              </properties>
              <output><![CDATA[<b><color=#2EA3FF>MCP-FOR-UNITY</color></b>: [TestRunnerNoThrottle] Restored Interaction Mode after test run.
Saving results to: C:/Users/ydbil/AppData/LocalLow/DefaultCompany/RIMA\TestResults.xml
]]></output>
            </test-case>
          </test-suite>
        </test-suite>
      </test-suite>
    </test-suite>
  </test-suite>
</test-run>